2020-06-20 18:27:48,923   POST    200      74 ms  /3/CloudLock
2020-06-20 18:27:49,008   GET     200      55 ms  /3/Cloud
2020-06-20 18:27:49,019   GET     200       2 ms  /3/Cloud
2020-06-20 18:27:49,035   GET     200       6 ms  /3/Cloud
2020-06-20 18:27:49,040   GET     200       1 ms  /3/Cloud
2020-06-20 18:27:49,233   POST    200     189 ms  /99/Rapids
2020-06-20 18:27:49,239   GET     200       2 ms  /3/Cloud
2020-06-20 18:27:49,282   GET     200       1 ms  /3/Cloud
2020-06-20 18:27:49,302   GET     200       2 ms  /3/Cloud
2020-06-20 18:27:49,322   GET     200      12 ms  /3/Ping
2020-06-20 18:27:49,344   GET     200       1 ms  /3/Ping
2020-06-20 18:27:49,403   GET     200       2 ms  /3/Cloud
2020-06-20 18:27:49,440   GET     200      15 ms  /3/Capabilities/API
2020-06-20 18:27:59,352   GET     200       2 ms  /3/Ping
2020-06-20 18:28:09,363   GET     200       1 ms  /3/Ping
2020-06-20 18:28:19,374   GET     200       1 ms  /3/Ping
2020-06-20 18:28:29,389   GET     200       1 ms  /3/Ping
2020-06-20 18:28:39,400   GET     200       1 ms  /3/Ping
2020-06-20 18:28:49,411   GET     200       2 ms  /3/Ping
2020-06-20 18:28:59,422   GET     200       1 ms  /3/Ping
2020-06-20 18:29:09,435   GET     200       2 ms  /3/Ping
2020-06-20 18:29:19,446   GET     200       2 ms  /3/Ping
2020-06-20 18:29:29,457   GET     200       2 ms  /3/Ping
2020-06-20 18:29:37,991   POST    412      48 ms  /99/Models.bin/
2020-06-20 18:29:39,476   GET     200       2 ms  /3/Ping
2020-06-20 18:29:49,489   GET     200       1 ms  /3/Ping
2020-06-20 18:29:59,501   GET     200       2 ms  /3/Ping
2020-06-20 18:30:09,518   GET     200       5 ms  /3/Ping
2020-06-20 18:30:16,306   POST    200     399 ms  /99/Models.bin/
2020-06-20 18:30:16,326   GET     200      14 ms  /3/Models/DRF_model_python_1591600273347_1
2020-06-20 18:30:19,527   GET     200       0 ms  /3/Ping
2020-06-20 18:30:29,535   GET     200       1 ms  /3/Ping
2020-06-20 18:30:39,545   GET     200       1 ms  /3/Ping
2020-06-20 18:30:49,555   GET     200       1 ms  /3/Ping
2020-06-20 18:30:59,565   GET     200       1 ms  /3/Ping
2020-06-20 18:31:09,575   GET     200       1 ms  /3/Ping
2020-06-20 18:31:19,582   GET     200       1 ms  /3/Ping
2020-06-20 18:31:29,595   GET     200       1 ms  /3/Ping
2020-06-20 18:31:39,603   GET     200       1 ms  /3/Ping
2020-06-20 18:31:49,614   GET     200       2 ms  /3/Ping
2020-06-20 18:31:59,623   GET     200       0 ms  /3/Ping
2020-06-20 18:32:09,631   GET     200       0 ms  /3/Ping
2020-06-20 18:32:19,640   GET     200       1 ms  /3/Ping
2020-06-20 18:32:29,651   GET     200       1 ms  /3/Ping
2020-06-20 18:32:39,661   GET     200       1 ms  /3/Ping
2020-06-20 18:32:49,670   GET     200       1 ms  /3/Ping
2020-06-20 18:32:59,680   GET     200       1 ms  /3/Ping
2020-06-20 18:33:09,689   GET     200       1 ms  /3/Ping
2020-06-20 18:33:19,696   GET     200       1 ms  /3/Ping
2020-06-20 18:33:29,705   GET     200       1 ms  /3/Ping
2020-06-20 18:33:39,713   GET     200       1 ms  /3/Ping
2020-06-20 18:33:49,722   GET     200       1 ms  /3/Ping
2020-06-20 18:33:59,730   GET     200       2 ms  /3/Ping
2020-06-20 18:34:09,743   GET     200       1 ms  /3/Ping
2020-06-20 18:34:19,754   GET     200       1 ms  /3/Ping
2020-06-20 18:34:29,766   GET     200       1 ms  /3/Ping
2020-06-20 18:34:39,776   GET     200       2 ms  /3/Ping
2020-06-20 18:34:49,787   GET     200       1 ms  /3/Ping
2020-06-20 18:34:59,802   GET     200       1 ms  /3/Ping
2020-06-20 18:35:09,812   GET     200       2 ms  /3/Ping
2020-06-20 18:35:19,823   GET     200       0 ms  /3/Ping
2020-06-20 18:35:29,831   GET     200       1 ms  /3/Ping
2020-06-20 18:35:39,837   GET     200       0 ms  /3/Ping
2020-06-20 18:35:49,851   GET     200       1 ms  /3/Ping
2020-06-20 18:35:59,860   GET     200       1 ms  /3/Ping
2020-06-20 18:36:09,871   GET     200       1 ms  /3/Ping
2020-06-20 18:36:19,883   GET     200       2 ms  /3/Ping
2020-06-20 18:36:29,893   GET     200       1 ms  /3/Ping
2020-06-20 18:36:39,901   GET     200       1 ms  /3/Ping
2020-06-20 18:36:49,911   GET     200       1 ms  /3/Ping
2020-06-20 18:36:59,922   GET     200       1 ms  /3/Ping
2020-06-20 18:37:09,934   GET     200       1 ms  /3/Ping
2020-06-20 18:37:19,942   GET     200       1 ms  /3/Ping
2020-06-20 18:37:29,954   GET     200       1 ms  /3/Ping
2020-06-20 18:37:39,967   GET     200       1 ms  /3/Ping
2020-06-20 18:37:49,975   GET     200       0 ms  /3/Ping
2020-06-20 18:37:59,983   GET     200       1 ms  /3/Ping
2020-06-20 18:38:09,993   GET     200       1 ms  /3/Ping
2020-06-20 18:38:20,003   GET     200       2 ms  /3/Ping
2020-06-20 18:38:30,013   GET     200       1 ms  /3/Ping
2020-06-20 18:38:40,024   GET     200       1 ms  /3/Ping
2020-06-20 18:38:50,033   GET     200       1 ms  /3/Ping
2020-06-20 18:39:00,043   GET     200       2 ms  /3/Ping
2020-06-20 18:39:10,053   GET     200       1 ms  /3/Ping
2020-06-20 18:39:20,063   GET     200       1 ms  /3/Ping
2020-06-20 18:39:30,072   GET     200       1 ms  /3/Ping
2020-06-20 18:39:40,082   GET     200       1 ms  /3/Ping
2020-06-20 18:39:50,091   GET     200       1 ms  /3/Ping
2020-06-20 18:40:00,099   GET     200       1 ms  /3/Ping
2020-06-20 18:40:10,107   GET     200       1 ms  /3/Ping
2020-06-20 18:40:20,119   GET     200       2 ms  /3/Ping
2020-06-20 18:40:30,134   GET     200       2 ms  /3/Ping
2020-06-20 18:40:40,144   GET     200       1 ms  /3/Ping
2020-06-20 18:40:50,153   GET     200       1 ms  /3/Ping
2020-06-20 18:41:00,163   GET     200       1 ms  /3/Ping
2020-06-20 18:41:10,177   GET     200       2 ms  /3/Ping
2020-06-20 18:41:20,188   GET     200       0 ms  /3/Ping
2020-06-20 18:41:30,196   GET     200       1 ms  /3/Ping
2020-06-20 18:41:40,206   GET     200       1 ms  /3/Ping
2020-06-20 18:41:50,215   GET     200       1 ms  /3/Ping
2020-06-20 18:42:00,223   GET     200       0 ms  /3/Ping
2020-06-20 18:42:10,233   GET     200       0 ms  /3/Ping
2020-06-20 18:42:20,240   GET     200       1 ms  /3/Ping
2020-06-20 18:42:30,248   GET     200       1 ms  /3/Ping
2020-06-20 18:42:40,257   GET     200       0 ms  /3/Ping
2020-06-20 18:42:50,263   GET     200       0 ms  /3/Ping
2020-06-20 18:43:00,272   GET     200       1 ms  /3/Ping
2020-06-20 18:43:10,283   GET     200       1 ms  /3/Ping
2020-06-20 18:43:20,291   GET     200       1 ms  /3/Ping
2020-06-20 18:43:30,299   GET     200       1 ms  /3/Ping
2020-06-20 18:43:40,306   GET     200       0 ms  /3/Ping
2020-06-20 18:43:50,309   GET     200       0 ms  /3/Ping
2020-06-20 18:44:00,316   GET     200       1 ms  /3/Ping
2020-06-20 18:44:10,325   GET     200       1 ms  /3/Ping
2020-06-20 18:44:20,335   GET     200       1 ms  /3/Ping
2020-06-20 18:44:30,344   GET     200       1 ms  /3/Ping
2020-06-20 18:44:40,353   GET     200       1 ms  /3/Ping
2020-06-20 18:44:50,364   GET     200       1 ms  /3/Ping
2020-06-20 18:45:00,373   GET     200       0 ms  /3/Ping
2020-06-20 18:45:10,380   GET     200       1 ms  /3/Ping
2020-06-20 18:45:20,385   GET     200       0 ms  /3/Ping
2020-06-20 18:45:30,395   GET     200       1 ms  /3/Ping
2020-06-20 18:45:40,403   GET     200       1 ms  /3/Ping
2020-06-20 18:45:50,410   GET     200       0 ms  /3/Ping
2020-06-20 18:46:00,419   GET     200       1 ms  /3/Ping
2020-06-20 18:46:10,429   GET     200       1 ms  /3/Ping
2020-06-20 18:46:20,444   GET     200       1 ms  /3/Ping
2020-06-20 18:46:30,454   GET     200       2 ms  /3/Ping
2020-06-20 18:46:40,463   GET     200       1 ms  /3/Ping
2020-06-20 18:46:50,473   GET     200       1 ms  /3/Ping
2020-06-20 18:47:00,482   GET     200       1 ms  /3/Ping
2020-06-20 18:47:10,489   GET     200       1 ms  /3/Ping
2020-06-20 18:47:20,497   GET     200       1 ms  /3/Ping
2020-06-20 18:47:30,507   GET     200       0 ms  /3/Ping
2020-06-20 18:47:40,517   GET     200       1 ms  /3/Ping
2020-06-20 18:47:50,526   GET     200       1 ms  /3/Ping
2020-06-20 18:48:00,533   GET     200       1 ms  /3/Ping
2020-06-20 18:48:10,567   GET     200      25 ms  /3/Ping
2020-06-20 18:48:20,573   GET     200       0 ms  /3/Ping
2020-06-20 18:48:30,581   GET     200       1 ms  /3/Ping
2020-06-20 18:48:40,589   GET     200       1 ms  /3/Ping
2020-06-20 18:48:50,596   GET     200       1 ms  /3/Ping
2020-06-20 18:49:00,605   GET     200       1 ms  /3/Ping
2020-06-20 18:49:10,612   GET     200       1 ms  /3/Ping
2020-06-20 18:49:20,620   GET     200       1 ms  /3/Ping
2020-06-20 18:49:30,630   GET     200       0 ms  /3/Ping
2020-06-20 18:49:40,639   GET     200       1 ms  /3/Ping
2020-06-20 18:49:50,648   GET     200       1 ms  /3/Ping
2020-06-20 18:50:00,655   GET     200       0 ms  /3/Ping
2020-06-20 18:50:10,663   GET     200       1 ms  /3/Ping
2020-06-20 18:50:20,672   GET     200       1 ms  /3/Ping
2020-06-20 18:50:30,682   GET     200       1 ms  /3/Ping
2020-06-20 18:50:40,691   GET     200       1 ms  /3/Ping
2020-06-20 18:50:50,698   GET     200       1 ms  /3/Ping
2020-06-20 18:51:00,705   GET     200       1 ms  /3/Ping
2020-06-20 18:51:10,714   GET     200       1 ms  /3/Ping
2020-06-20 18:51:20,722   GET     200       0 ms  /3/Ping
2020-06-20 18:51:30,726   GET     200       0 ms  /3/Ping
2020-06-20 18:51:40,740   GET     200       1 ms  /3/Ping
2020-06-20 18:51:50,746   GET     200       1 ms  /3/Ping
2020-06-20 18:52:00,752   GET     200       1 ms  /3/Ping
2020-06-20 18:52:10,764   GET     200       1 ms  /3/Ping
2020-06-20 18:52:20,783   GET     200       1 ms  /3/Ping
2020-06-20 18:52:30,791   GET     200       1 ms  /3/Ping
2020-06-20 18:52:40,800   GET     200       1 ms  /3/Ping
2020-06-20 18:52:50,809   GET     200       1 ms  /3/Ping
2020-06-20 18:53:00,817   GET     200       1 ms  /3/Ping
2020-06-20 18:53:10,825   GET     200       1 ms  /3/Ping
2020-06-20 18:53:20,833   GET     200       2 ms  /3/Ping
2020-06-20 18:53:30,842   GET     200       1 ms  /3/Ping
2020-06-20 18:53:40,849   GET     200       1 ms  /3/Ping
2020-06-20 18:53:50,857   GET     200       0 ms  /3/Ping
2020-06-20 18:54:00,864   GET     200       0 ms  /3/Ping
2020-06-20 18:54:10,871   GET     200       1 ms  /3/Ping
2020-06-20 18:54:20,878   GET     200       1 ms  /3/Ping
2020-06-20 18:54:30,885   GET     200       0 ms  /3/Ping
2020-06-20 18:54:40,892   GET     200       1 ms  /3/Ping
2020-06-20 18:54:50,900   GET     200       1 ms  /3/Ping
2020-06-20 18:55:00,907   GET     200       1 ms  /3/Ping
2020-06-20 18:55:10,916   GET     200       1 ms  /3/Ping
2020-06-20 18:55:20,923   GET     200       1 ms  /3/Ping
2020-06-20 18:55:30,930   GET     200       1 ms  /3/Ping
2020-06-20 18:55:40,937   GET     200       0 ms  /3/Ping
2020-06-20 18:55:50,946   GET     200       1 ms  /3/Ping
2020-06-20 18:56:00,952   GET     200       1 ms  /3/Ping
2020-06-20 18:56:10,962   GET     200       1 ms  /3/Ping
2020-06-20 18:56:20,970   GET     200       1 ms  /3/Ping
2020-06-20 18:56:30,979   GET     200       1 ms  /3/Ping
2020-06-20 18:56:40,990   GET     200       1 ms  /3/Ping
2020-06-20 18:56:50,999   GET     200       1 ms  /3/Ping
2020-06-20 18:57:01,008   GET     200       0 ms  /3/Ping
2020-06-20 18:57:11,015   GET     200       1 ms  /3/Ping
2020-06-20 18:57:21,024   GET     200       1 ms  /3/Ping
2020-06-20 18:57:31,035   GET     200       1 ms  /3/Ping
2020-06-20 18:57:41,042   GET     200       1 ms  /3/Ping
2020-06-20 18:57:51,049   GET     200       0 ms  /3/Ping
2020-06-20 18:58:01,056   GET     200       1 ms  /3/Ping
2020-06-20 18:58:11,064   GET     200       0 ms  /3/Ping
2020-06-20 18:58:21,074   GET     200       1 ms  /3/Ping
2020-06-20 18:58:31,080   GET     200       0 ms  /3/Ping
2020-06-20 18:58:41,088   GET     200       1 ms  /3/Ping
2020-06-20 18:58:51,095   GET     200       1 ms  /3/Ping
2020-06-20 18:59:01,104   GET     200       1 ms  /3/Ping
2020-06-20 18:59:11,111   GET     200       1 ms  /3/Ping
2020-06-20 18:59:21,121   GET     200       1 ms  /3/Ping
2020-06-20 18:59:31,129   GET     200       1 ms  /3/Ping
2020-06-20 18:59:41,138   GET     200       0 ms  /3/Ping
2020-06-20 18:59:51,144   GET     200       1 ms  /3/Ping
2020-06-20 19:00:01,152   GET     200       1 ms  /3/Ping
2020-06-20 19:00:11,159   GET     200       1 ms  /3/Ping
2020-06-20 19:00:21,166   GET     200       1 ms  /3/Ping
2020-06-20 19:00:31,176   GET     200       1 ms  /3/Ping
2020-06-20 19:00:41,183   GET     200       0 ms  /3/Ping
2020-06-20 19:00:51,194   GET     200       1 ms  /3/Ping
2020-06-20 19:01:01,201   GET     200       1 ms  /3/Ping
2020-06-20 19:01:11,208   GET     200       1 ms  /3/Ping
2020-06-20 19:01:21,214   GET     200       1 ms  /3/Ping
2020-06-20 19:01:31,222   GET     200       1 ms  /3/Ping
2020-06-20 19:01:41,229   GET     200       1 ms  /3/Ping
2020-06-20 19:01:51,235   GET     200       0 ms  /3/Ping
2020-06-20 19:02:01,242   GET     200       1 ms  /3/Ping
2020-06-20 19:02:11,249   GET     200       0 ms  /3/Ping
2020-06-20 19:02:21,255   GET     200       0 ms  /3/Ping
2020-06-20 19:02:31,261   GET     200       0 ms  /3/Ping
2020-06-20 19:02:41,270   GET     200       1 ms  /3/Ping
2020-06-20 19:02:51,276   GET     200       0 ms  /3/Ping
2020-06-20 19:03:01,285   GET     200       0 ms  /3/Ping
2020-06-20 19:03:11,293   GET     200       1 ms  /3/Ping
2020-06-20 19:03:21,301   GET     200       1 ms  /3/Ping
2020-06-20 19:03:31,310   GET     200       1 ms  /3/Ping
2020-06-20 19:03:41,318   GET     200       0 ms  /3/Ping
2020-06-20 19:03:51,326   GET     200       1 ms  /3/Ping
2020-06-20 19:04:01,333   GET     200       1 ms  /3/Ping
2020-06-20 19:04:11,340   GET     200       1 ms  /3/Ping
2020-06-20 19:04:21,347   GET     200       2 ms  /3/Ping
2020-06-20 19:04:31,354   GET     200       2 ms  /3/Ping
2020-06-20 19:04:41,361   GET     200       0 ms  /3/Ping
2020-06-20 19:04:51,370   GET     200       1 ms  /3/Ping
2020-06-20 19:05:01,376   GET     200       1 ms  /3/Ping
2020-06-20 19:05:11,383   GET     200       1 ms  /3/Ping
2020-06-20 19:05:21,390   GET     200       1 ms  /3/Ping
2020-06-20 19:05:31,396   GET     200       1 ms  /3/Ping
2020-06-20 19:05:41,404   GET     200       1 ms  /3/Ping
2020-06-20 19:05:51,409   GET     200       1 ms  /3/Ping
2020-06-20 19:06:01,415   GET     200       1 ms  /3/Ping
2020-06-20 19:06:11,422   GET     200       0 ms  /3/Ping
2020-06-20 19:06:21,430   GET     200       1 ms  /3/Ping
2020-06-20 19:06:31,436   GET     200       1 ms  /3/Ping
2020-06-20 19:06:41,445   GET     200       1 ms  /3/Ping
2020-06-20 19:06:51,456   GET     200       1 ms  /3/Ping
2020-06-20 19:07:01,463   GET     200       0 ms  /3/Ping
2020-06-20 19:07:11,471   GET     200       1 ms  /3/Ping
2020-06-20 19:07:21,477   GET     200       1 ms  /3/Ping
2020-06-20 19:07:31,482   GET     200       1 ms  /3/Ping
2020-06-20 19:07:41,489   GET     200       1 ms  /3/Ping
2020-06-20 19:07:51,496   GET     200       1 ms  /3/Ping
2020-06-20 19:08:01,504   GET     200       1 ms  /3/Ping
2020-06-20 19:08:11,511   GET     200       1 ms  /3/Ping
2020-06-20 19:08:21,516   GET     200       0 ms  /3/Ping
2020-06-20 19:08:31,524   GET     200       0 ms  /3/Ping
2020-06-20 19:08:41,531   GET     200       0 ms  /3/Ping
2020-06-20 19:08:51,539   GET     200       0 ms  /3/Ping
2020-06-20 19:09:01,546   GET     200       1 ms  /3/Ping
2020-06-20 19:09:11,552   GET     200       1 ms  /3/Ping
2020-06-20 19:09:21,560   GET     200       0 ms  /3/Ping
2020-06-20 19:09:31,569   GET     200       0 ms  /3/Ping
2020-06-20 19:09:41,575   GET     200       1 ms  /3/Ping
2020-06-20 19:09:51,581   GET     200       1 ms  /3/Ping
2020-06-20 19:10:01,587   GET     200       1 ms  /3/Ping
2020-06-20 19:10:11,596   GET     200       1 ms  /3/Ping
2020-06-20 19:10:21,602   GET     200       1 ms  /3/Ping
2020-06-20 19:10:31,611   GET     200       0 ms  /3/Ping
2020-06-20 19:10:41,616   GET     200       0 ms  /3/Ping
2020-06-20 19:10:51,623   GET     200       1 ms  /3/Ping
2020-06-20 19:11:01,631   GET     200       1 ms  /3/Ping
2020-06-20 19:11:11,639   GET     200       1 ms  /3/Ping
2020-06-20 19:11:21,645   GET     200       1 ms  /3/Ping
2020-06-20 19:11:31,654   GET     200       1 ms  /3/Ping
2020-06-20 19:11:42,270   GET     200       0 ms  /3/Ping
2020-06-20 19:11:52,276   GET     200       1 ms  /3/Ping
2020-06-20 19:12:02,282   GET     200       1 ms  /3/Ping
2020-06-20 19:12:12,289   GET     200       1 ms  /3/Ping
2020-06-20 19:12:22,297   GET     200       1 ms  /3/Ping
2020-06-20 19:12:32,305   GET     200       1 ms  /3/Ping
2020-06-20 19:12:42,311   GET     200       1 ms  /3/Ping
2020-06-20 19:12:52,317   GET     200       1 ms  /3/Ping
2020-06-20 19:13:02,325   GET     200       0 ms  /3/Ping
2020-06-20 19:13:12,332   GET     200       1 ms  /3/Ping
2020-06-20 19:13:22,338   GET     200       1 ms  /3/Ping
2020-06-20 19:13:32,344   GET     200       1 ms  /3/Ping
2020-06-20 19:13:42,350   GET     200       0 ms  /3/Ping
2020-06-20 19:13:52,358   GET     200       1 ms  /3/Ping
2020-06-20 19:14:02,364   GET     200       1 ms  /3/Ping
2020-06-20 19:14:12,371   GET     200       0 ms  /3/Ping
2020-06-20 19:14:22,379   GET     200       1 ms  /3/Ping
2020-06-20 19:14:32,385   GET     200       1 ms  /3/Ping
2020-06-20 19:14:42,393   GET     200       2 ms  /3/Ping
2020-06-20 19:14:52,399   GET     200       1 ms  /3/Ping
2020-06-20 19:15:02,404   GET     200       0 ms  /3/Ping
2020-06-20 19:15:12,412   GET     200       1 ms  /3/Ping
2020-06-20 19:15:22,420   GET     200       0 ms  /3/Ping
2020-06-20 19:15:32,428   GET     200       1 ms  /3/Ping
2020-06-20 19:15:42,436   GET     200       1 ms  /3/Ping
2020-06-20 19:15:52,445   GET     200       1 ms  /3/Ping
2020-06-20 19:16:02,451   GET     200       1 ms  /3/Ping
2020-06-20 19:16:12,459   GET     200       1 ms  /3/Ping
2020-06-20 19:16:22,465   GET     200       1 ms  /3/Ping
2020-06-20 19:16:32,472   GET     200       0 ms  /3/Ping
2020-06-20 19:16:42,478   GET     200       0 ms  /3/Ping
2020-06-20 19:16:52,486   GET     200       0 ms  /3/Ping
2020-06-20 19:17:02,493   GET     200       1 ms  /3/Ping
2020-06-20 19:17:12,500   GET     200       1 ms  /3/Ping
2020-06-20 19:17:22,508   GET     200       1 ms  /3/Ping
2020-06-20 19:17:32,516   GET     200       1 ms  /3/Ping
2020-06-20 19:17:42,522   GET     200       1 ms  /3/Ping
2020-06-20 19:17:52,529   GET     200       1 ms  /3/Ping
2020-06-20 19:18:02,537   GET     200       0 ms  /3/Ping
2020-06-20 19:18:12,544   GET     200       1 ms  /3/Ping
2020-06-20 19:18:22,550   GET     200       1 ms  /3/Ping
2020-06-20 19:18:32,558   GET     200       1 ms  /3/Ping
2020-06-20 19:18:42,564   GET     200       1 ms  /3/Ping
2020-06-20 19:18:52,572   GET     200       0 ms  /3/Ping
2020-06-20 19:19:02,580   GET     200       1 ms  /3/Ping
2020-06-20 19:19:12,587   GET     200       1 ms  /3/Ping
2020-06-20 19:19:22,595   GET     200       1 ms  /3/Ping
2020-06-20 19:19:32,603   GET     200       1 ms  /3/Ping
2020-06-20 19:19:42,611   GET     200       1 ms  /3/Ping
2020-06-20 19:19:52,617   GET     200       1 ms  /3/Ping
2020-06-20 19:20:02,623   GET     200       1 ms  /3/Ping
2020-06-20 19:20:12,630   GET     200       1 ms  /3/Ping
2020-06-20 19:20:22,638   GET     200       2 ms  /3/Ping
2020-06-20 19:20:32,645   GET     200       1 ms  /3/Ping
2020-06-20 19:20:42,650   GET     200       1 ms  /3/Ping
2020-06-20 19:20:52,656   GET     200       1 ms  /3/Ping
2020-06-20 19:21:02,664   GET     200       1 ms  /3/Ping
2020-06-20 19:21:12,670   GET     200       1 ms  /3/Ping
2020-06-20 19:21:22,678   GET     200       1 ms  /3/Ping
2020-06-20 19:21:32,686   GET     200       0 ms  /3/Ping
2020-06-20 19:21:42,693   GET     200       0 ms  /3/Ping
2020-06-20 19:21:52,701   GET     200       1 ms  /3/Ping
2020-06-20 19:22:02,705   GET     200       0 ms  /3/Ping
2020-06-20 19:22:12,709   GET     200       1 ms  /3/Ping
2020-06-20 19:22:22,717   GET     200       1 ms  /3/Ping
2020-06-20 19:22:32,721   GET     200       0 ms  /3/Ping
2020-06-20 19:22:42,727   GET     200       1 ms  /3/Ping
2020-06-20 19:22:52,733   GET     200       1 ms  /3/Ping
2020-06-20 19:23:02,740   GET     200       0 ms  /3/Ping
2020-06-20 19:23:12,746   GET     200       0 ms  /3/Ping
2020-06-20 19:23:22,754   GET     200       1 ms  /3/Ping
2020-06-20 19:23:32,760   GET     200       0 ms  /3/Ping
2020-06-20 19:23:42,769   GET     200       1 ms  /3/Ping
2020-06-20 19:23:52,773   GET     200       0 ms  /3/Ping
2020-06-20 19:24:02,780   GET     200       1 ms  /3/Ping
2020-06-20 19:24:12,787   GET     200       1 ms  /3/Ping
2020-06-20 19:24:22,791   GET     200       0 ms  /3/Ping
2020-06-20 19:24:32,798   GET     200       1 ms  /3/Ping
2020-06-20 19:24:42,811   GET     200       1 ms  /3/Ping
2020-06-20 19:24:52,816   GET     200       1 ms  /3/Ping
2020-06-20 19:25:02,823   GET     200       1 ms  /3/Ping
2020-06-20 19:25:12,830   GET     200       1 ms  /3/Ping
2020-06-20 19:25:22,838   GET     200       1 ms  /3/Ping
2020-06-20 19:25:32,848   GET     200       1 ms  /3/Ping
2020-06-20 19:25:42,856   GET     200       1 ms  /3/Ping
2020-06-20 19:25:52,862   GET     200       1 ms  /3/Ping
2020-06-20 19:26:02,870   GET     200       1 ms  /3/Ping
2020-06-20 19:26:12,888   GET     200       0 ms  /3/Ping
2020-06-20 19:26:22,898   GET     200       0 ms  /3/Ping
2020-06-20 19:26:32,905   GET     200       2 ms  /3/Ping
2020-06-20 19:26:42,910   GET     200       1 ms  /3/Ping
2020-06-20 19:26:52,914   GET     200       0 ms  /3/Ping
2020-06-20 19:27:02,922   GET     200       0 ms  /3/Ping
2020-06-20 19:27:12,930   GET     200       0 ms  /3/Ping
2020-06-20 19:27:22,937   GET     200       1 ms  /3/Ping
2020-06-20 19:27:32,941   GET     200       0 ms  /3/Ping
2020-06-20 19:27:42,948   GET     200       1 ms  /3/Ping
2020-06-20 19:27:52,955   GET     200       1 ms  /3/Ping
2020-06-20 19:28:02,963   GET     200       1 ms  /3/Ping
2020-06-20 19:28:12,971   GET     200       1 ms  /3/Ping
2020-06-20 19:28:22,981   GET     200       1 ms  /3/Ping
2020-06-20 19:28:32,988   GET     200       1 ms  /3/Ping
2020-06-20 19:28:42,995   GET     200       1 ms  /3/Ping
2020-06-20 19:28:53,001   GET     200       0 ms  /3/Ping
2020-06-20 19:29:03,010   GET     200       2 ms  /3/Ping
2020-06-20 19:29:13,021   GET     200       2 ms  /3/Ping
2020-06-20 19:29:23,034   GET     200       1 ms  /3/Ping
2020-06-20 19:29:33,043   GET     200       1 ms  /3/Ping
2020-06-20 19:29:43,050   GET     200       1 ms  /3/Ping
2020-06-20 19:29:53,059   GET     200       0 ms  /3/Ping
2020-06-20 19:30:03,067   GET     200       1 ms  /3/Ping
2020-06-20 19:30:13,076   GET     200       1 ms  /3/Ping
2020-06-20 19:30:23,084   GET     200       1 ms  /3/Ping
2020-06-20 19:30:33,094   GET     200       1 ms  /3/Ping
2020-06-20 19:30:43,104   GET     200       1 ms  /3/Ping
2020-06-20 19:30:45,267   POST    200      29 ms  /3/InitializeFrame
2020-06-20 19:30:45,325   GET     200      14 ms  /3/UploadPlan
2020-06-20 19:30:45,512   PUT     200      55 ms  /3/Chunk
2020-06-20 19:30:45,522   PUT     200       6 ms  /3/ChunkCategoricalDomains
2020-06-20 19:30:45,572   POST    200      43 ms  /3/FinalizeFrame
2020-06-20 19:30:45,650   GET     200      73 ms  /3/Frames/frame_rdd_19_9469ea0f948dbcead980b3e3e95e48e3/light
2020-06-20 19:30:45,696   POST    200      41 ms  /4/Predictions/models/DRF_model_python_1591600273347_1/frames/frame_rdd_19_9469ea0f948dbcead980b3e3e95e48e3
2020-06-20 19:30:45,707   GET     200       6 ms  /3/Jobs/$0301ac1d9de732d4ffffffff$_a08944e9dc2008f8d7c01d27bd6949db
2020-06-20 19:30:53,112   GET     200       1 ms  /3/Ping
2020-06-20 19:31:03,121   GET     200       1 ms  /3/Ping
2020-06-20 19:31:13,130   GET     200       1 ms  /3/Ping
2020-06-20 19:31:23,135   GET     200       0 ms  /3/Ping
2020-06-20 19:31:33,137   GET     200       0 ms  /3/Ping
2020-06-20 19:31:43,150   GET     200       2 ms  /3/Ping
2020-06-20 19:31:53,495   GET     200       1 ms  /3/Ping
2020-06-20 19:32:03,504   GET     200       1 ms  /3/Ping
2020-06-20 19:32:13,510   GET     200       1 ms  /3/Ping
2020-06-20 19:32:23,517   GET     200       1 ms  /3/Ping
2020-06-20 19:32:33,522   GET     200       1 ms  /3/Ping
2020-06-20 19:32:43,528   GET     200       1 ms  /3/Ping
2020-06-20 19:32:53,535   GET     200       0 ms  /3/Ping
2020-06-20 19:33:03,542   GET     200       1 ms  /3/Ping
2020-06-20 19:33:13,550   GET     200       1 ms  /3/Ping
2020-06-20 19:33:23,561   GET     200       1 ms  /3/Ping
2020-06-20 19:33:33,565   GET     200       0 ms  /3/Ping
2020-06-20 19:33:43,571   GET     200       1 ms  /3/Ping
2020-06-20 19:33:53,577   GET     200       1 ms  /3/Ping
2020-06-20 19:34:03,585   GET     200       1 ms  /3/Ping
2020-06-20 19:34:13,589   GET     200       0 ms  /3/Ping
2020-06-20 19:34:23,596   GET     200       1 ms  /3/Ping
2020-06-20 19:34:33,604   GET     200       1 ms  /3/Ping
2020-06-20 19:34:38,076   POST    200       2 ms  /3/InitializeFrame
2020-06-20 19:34:38,106   GET     200       1 ms  /3/UploadPlan
2020-06-20 19:34:38,130   PUT     200       1 ms  /3/Chunk
2020-06-20 19:34:38,132   PUT     200       1 ms  /3/ChunkCategoricalDomains
2020-06-20 19:34:38,137   POST    200       2 ms  /3/FinalizeFrame
2020-06-20 19:34:38,177   GET     200      37 ms  /3/Frames/frame_rdd_29_8b100550caecae1c96dceeeeb59f4354/light
2020-06-20 19:34:38,183   POST    200       2 ms  /4/Predictions/models/DRF_model_python_1591600273347_1/frames/frame_rdd_29_8b100550caecae1c96dceeeeb59f4354
2020-06-20 19:34:38,192   GET     200       3 ms  /3/Jobs/$0301ac1d9de732d4ffffffff$_bbbd5cfaf0eee9fba528a52f89264954
2020-06-20 19:34:38,401   GET     200       2 ms  /3/Jobs/$0301ac1d9de732d4ffffffff$_bbbd5cfaf0eee9fba528a52f89264954
2020-06-20 19:34:38,423   GET     200      16 ms  /3/Frames/transformation_a790_DRF_model_python_1591600273347_1_on_frame_rdd_29_8b100550caecae1c96dceeeeb59f4354
2020-06-20 19:34:43,610   GET     200       1 ms  /3/Ping
2020-06-20 19:34:53,619   GET     200       0 ms  /3/Ping
2020-06-20 19:35:03,626   GET     200       1 ms  /3/Ping
2020-06-20 19:35:13,632   GET     200       0 ms  /3/Ping
2020-06-20 19:35:23,639   GET     200       0 ms  /3/Ping
2020-06-20 19:35:33,645   GET     200       0 ms  /3/Ping
2020-06-20 19:35:43,653   GET     200       0 ms  /3/Ping
2020-06-20 19:35:53,661   GET     200       1 ms  /3/Ping
2020-06-20 19:36:03,668   GET     200       0 ms  /3/Ping
2020-06-20 19:36:13,676   GET     200       0 ms  /3/Ping
2020-06-20 19:36:23,682   GET     200       1 ms  /3/Ping
2020-06-20 19:36:33,689   GET     200       1 ms  /3/Ping
2020-06-20 19:36:43,696   GET     200       1 ms  /3/Ping
2020-06-20 19:36:53,702   GET     200       1 ms  /3/Ping
2020-06-20 19:37:03,709   GET     200       1 ms  /3/Ping
2020-06-20 19:37:13,715   GET     200       1 ms  /3/Ping
2020-06-20 19:37:23,721   GET     200       1 ms  /3/Ping
2020-06-20 19:37:33,727   GET     200       0 ms  /3/Ping
2020-06-20 19:37:43,732   GET     200       1 ms  /3/Ping
2020-06-20 19:37:53,737   GET     200       0 ms  /3/Ping
2020-06-20 19:37:56,405   POST    200       2 ms  /3/InitializeFrame
2020-06-20 19:37:56,432   GET     200       0 ms  /3/UploadPlan
2020-06-20 19:37:56,451   PUT     200       1 ms  /3/Chunk
2020-06-20 19:37:56,452   PUT     200       0 ms  /3/ChunkCategoricalDomains
2020-06-20 19:37:56,458   POST    200       3 ms  /3/FinalizeFrame
2020-06-20 19:37:56,496   GET     200      35 ms  /3/Frames/frame_rdd_46_88e576da028341ab51b549b0b42e48ff/light
2020-06-20 19:37:56,505   POST    200       4 ms  /4/Predictions/models/DRF_model_python_1591600273347_1/frames/frame_rdd_46_88e576da028341ab51b549b0b42e48ff
2020-06-20 19:37:56,511   GET     200       0 ms  /3/Jobs/$0301ac1d9de732d4ffffffff$_ac73648f20de8594d12f9f754134bc9
2020-06-20 19:37:56,721   GET     200       1 ms  /3/Jobs/$0301ac1d9de732d4ffffffff$_ac73648f20de8594d12f9f754134bc9
2020-06-20 19:37:56,773   GET     200      29 ms  /3/Frames/transformation_b8fa_DRF_model_python_1591600273347_1_on_frame_rdd_46_88e576da028341ab51b549b0b42e48ff
2020-06-20 19:38:03,742   GET     200       1 ms  /3/Ping
2020-06-20 19:38:13,751   GET     200       0 ms  /3/Ping
2020-06-20 19:38:23,759   GET     200       0 ms  /3/Ping
2020-06-20 19:38:33,765   GET     200       1 ms  /3/Ping
2020-06-20 19:38:43,769   GET     200       0 ms  /3/Ping
2020-06-20 19:38:53,774   GET     200       1 ms  /3/Ping
2020-06-20 19:39:03,782   GET     200       0 ms  /3/Ping
2020-06-20 19:39:13,790   GET     200       0 ms  /3/Ping
2020-06-20 19:39:23,796   GET     200       0 ms  /3/Ping
2020-06-20 19:39:33,800   GET     200       0 ms  /3/Ping
2020-06-20 19:39:43,808   GET     200       5 ms  /3/Ping
2020-06-20 19:39:53,812   GET     200       0 ms  /3/Ping
2020-06-20 19:40:03,817   GET     200       1 ms  /3/Ping
2020-06-20 19:40:13,823   GET     200       0 ms  /3/Ping
2020-06-20 19:40:23,829   GET     200       1 ms  /3/Ping
2020-06-20 19:40:33,836   GET     200       1 ms  /3/Ping
2020-06-20 19:40:43,843   GET     200       0 ms  /3/Ping
2020-06-20 19:40:53,851   GET     200       1 ms  /3/Ping
2020-06-20 19:41:03,857   GET     200       1 ms  /3/Ping
2020-06-20 19:41:13,863   GET     200       1 ms  /3/Ping
2020-06-20 19:41:23,870   GET     200       1 ms  /3/Ping
2020-06-20 19:41:33,878   GET     200       1 ms  /3/Ping
2020-06-20 19:41:43,884   GET     200       1 ms  /3/Ping
2020-06-20 19:41:53,892   GET     200       1 ms  /3/Ping
2020-06-20 19:42:03,899   GET     200       0 ms  /3/Ping
2020-06-20 19:42:13,907   GET     200       1 ms  /3/Ping
2020-06-20 19:42:23,915   GET     200       1 ms  /3/Ping
2020-06-20 19:42:33,921   GET     200       0 ms  /3/Ping
2020-06-20 19:42:43,929   GET     200       0 ms  /3/Ping
2020-06-20 19:42:53,935   GET     200       1 ms  /3/Ping
2020-06-20 19:43:03,941   GET     200       1 ms  /3/Ping
2020-06-20 19:43:13,947   GET     200       0 ms  /3/Ping
2020-06-20 19:43:23,954   GET     200       1 ms  /3/Ping
2020-06-20 19:43:33,962   GET     200       1 ms  /3/Ping
2020-06-20 19:43:43,967   GET     200       0 ms  /3/Ping
2020-06-20 19:43:53,973   GET     200       0 ms  /3/Ping
2020-06-20 19:44:03,980   GET     200       0 ms  /3/Ping
2020-06-20 19:44:13,988   GET     200       1 ms  /3/Ping
2020-06-20 19:44:23,995   GET     200       1 ms  /3/Ping
2020-06-20 19:44:34,000   GET     200       0 ms  /3/Ping
2020-06-20 19:44:44,008   GET     200       0 ms  /3/Ping
2020-06-20 19:44:54,015   GET     200       1 ms  /3/Ping
2020-06-20 19:45:04,021   GET     200       0 ms  /3/Ping
2020-06-20 19:45:14,031   GET     200       1 ms  /3/Ping
2020-06-20 19:45:24,038   GET     200       0 ms  /3/Ping
2020-06-20 19:45:34,043   GET     200       1 ms  /3/Ping
2020-06-20 19:45:44,049   GET     200       1 ms  /3/Ping
2020-06-20 19:45:54,059   GET     200       3 ms  /3/Ping
2020-06-20 19:46:04,067   GET     200       1 ms  /3/Ping
2020-06-20 19:46:14,073   GET     200       1 ms  /3/Ping
2020-06-20 19:46:24,081   GET     200       1 ms  /3/Ping
2020-06-20 19:46:34,087   GET     200       1 ms  /3/Ping
2020-06-20 19:46:44,094   GET     200       1 ms  /3/Ping
2020-06-20 19:46:54,102   GET     200       2 ms  /3/Ping
2020-06-20 19:47:04,110   GET     200       2 ms  /3/Ping
2020-06-20 19:47:14,116   GET     200       0 ms  /3/Ping
2020-06-20 19:47:24,122   GET     200       0 ms  /3/Ping
2020-06-20 19:47:34,127   GET     200       0 ms  /3/Ping
2020-06-20 19:47:44,134   GET     200       2 ms  /3/Ping
2020-06-20 19:47:54,140   GET     200       0 ms  /3/Ping
2020-06-20 19:48:04,149   GET     200       0 ms  /3/Ping
2020-06-20 19:48:14,156   GET     200       1 ms  /3/Ping
2020-06-20 19:48:24,163   GET     200       1 ms  /3/Ping
2020-06-20 19:48:34,167   GET     200       0 ms  /3/Ping
2020-06-20 19:48:44,172   GET     200       1 ms  /3/Ping
2020-06-20 19:48:54,177   GET     200       0 ms  /3/Ping
2020-06-20 19:49:04,185   GET     200       0 ms  /3/Ping
2020-06-20 19:49:14,192   GET     200       0 ms  /3/Ping
2020-06-20 19:49:24,201   GET     200       0 ms  /3/Ping
2020-06-20 19:49:34,208   GET     200       0 ms  /3/Ping
2020-06-20 19:49:36,627   GET     200       3 ms  /3/Frames/transformation_b8fa_DRF_model_python_1591600273347_1_on_frame_rdd_46_88e576da028341ab51b549b0b42e48ff/summary
2020-06-20 19:49:36,675   GET     200      13 ms  /3/FrameChunks/transformation_b8fa_DRF_model_python_1591600273347_1_on_frame_rdd_46_88e576da028341ab51b549b0b42e48ff
2020-06-20 19:49:36,679   GET     200       2 ms  /3/Cloud
2020-06-20 19:49:36,842   POST    200       7 ms  /3/Chunk
2020-06-20 19:49:44,214   GET     200       1 ms  /3/Ping
2020-06-20 19:49:54,222   GET     200       1 ms  /3/Ping
2020-06-20 19:50:04,231   GET     200       1 ms  /3/Ping
2020-06-20 19:50:14,239   GET     200       0 ms  /3/Ping
2020-06-20 19:50:24,248   GET     200       0 ms  /3/Ping
2020-06-20 19:50:34,256   GET     200       1 ms  /3/Ping
2020-06-20 19:50:44,265   GET     200       1 ms  /3/Ping
2020-06-20 19:50:54,273   GET     200       1 ms  /3/Ping
2020-06-20 19:51:04,279   GET     200       0 ms  /3/Ping
2020-06-20 19:51:14,121   POST    200       2 ms  /3/InitializeFrame
2020-06-20 19:51:14,167   GET     200       0 ms  /3/UploadPlan
2020-06-20 19:51:14,283   GET     200       1 ms  /3/Ping
2020-06-20 19:51:14,308   PUT     200      96 ms  /3/Chunk
2020-06-20 19:51:14,310   PUT     200       0 ms  /3/ChunkCategoricalDomains
2020-06-20 19:51:14,323   POST    200      10 ms  /3/FinalizeFrame
2020-06-20 19:51:14,369   GET     200      42 ms  /3/Frames/frame_rdd_67_8f3b78639b42acd49a6306fc4eed4d66/light
2020-06-20 19:51:14,378   POST    200       1 ms  /4/Predictions/models/DRF_model_python_1591600273347_1/frames/frame_rdd_67_8f3b78639b42acd49a6306fc4eed4d66
2020-06-20 19:51:14,382   GET     200       1 ms  /3/Jobs/$0301ac1d9de732d4ffffffff$_b241e98496f74055fff5be77c40849c5
2020-06-20 19:51:14,597   GET     200       4 ms  /3/Jobs/$0301ac1d9de732d4ffffffff$_b241e98496f74055fff5be77c40849c5
2020-06-20 19:51:24,287   GET     200       1 ms  /3/Ping
2020-06-20 19:51:34,295   GET     200       1 ms  /3/Ping
2020-06-20 19:51:44,312   GET     200       1 ms  /3/Ping
2020-06-20 19:51:44,567   POST    200       1 ms  /3/InitializeFrame
2020-06-20 19:51:44,611   GET     200       0 ms  /3/UploadPlan
2020-06-20 19:51:44,690   PUT     200      52 ms  /3/Chunk
2020-06-20 19:51:44,691   PUT     200       1 ms  /3/ChunkCategoricalDomains
2020-06-20 19:51:44,696   POST    200       2 ms  /3/FinalizeFrame
2020-06-20 19:51:44,729   GET     200      30 ms  /3/Frames/frame_rdd_77_9fa38f29f9b79755c59c229fb5784246/light
2020-06-20 19:51:44,735   POST    200       1 ms  /4/Predictions/models/DRF_model_python_1591600273347_1/frames/frame_rdd_77_9fa38f29f9b79755c59c229fb5784246
2020-06-20 19:51:44,741   GET     200       1 ms  /3/Jobs/$0301ac1d9de732d4ffffffff$_8f6f17e65c4c408421aad28200f84ed8
2020-06-20 19:51:44,959   GET     200       1 ms  /3/Jobs/$0301ac1d9de732d4ffffffff$_8f6f17e65c4c408421aad28200f84ed8
2020-06-20 19:51:44,997   GET     200      13 ms  /3/Frames/transformation_8686_DRF_model_python_1591600273347_1_on_frame_rdd_77_9fa38f29f9b79755c59c229fb5784246
2020-06-20 19:51:54,322   GET     200       0 ms  /3/Ping
2020-06-20 19:52:04,381   GET     200       0 ms  /3/Ping
2020-06-20 19:52:14,392   GET     200       1 ms  /3/Ping
2020-06-20 19:52:21,109   GET     200      30 ms  /3/Frames/transformation_8686_DRF_model_python_1591600273347_1_on_frame_rdd_77_9fa38f29f9b79755c59c229fb5784246/summary
2020-06-20 19:52:21,115   GET     200       1 ms  /3/FrameChunks/transformation_8686_DRF_model_python_1591600273347_1_on_frame_rdd_77_9fa38f29f9b79755c59c229fb5784246
2020-06-20 19:52:21,119   GET     200       2 ms  /3/Cloud
2020-06-20 19:52:21,188   POST    200       1 ms  /3/Chunk
2020-06-20 19:52:24,396   GET     200       0 ms  /3/Ping
2020-06-20 19:52:34,401   GET     200       1 ms  /3/Ping
2020-06-20 19:52:42,048   POST    200       1 ms  /3/Chunk
2020-06-20 19:52:44,410   GET     200       0 ms  /3/Ping
2020-06-20 19:52:49,470   POST    200       1 ms  /3/Chunk
2020-06-20 19:52:54,422   GET     200       1 ms  /3/Ping
2020-06-20 19:53:04,431   GET     200       1 ms  /3/Ping
2020-06-20 19:53:14,437   GET     200       1 ms  /3/Ping
2020-06-20 19:53:24,441   GET     200       0 ms  /3/Ping
2020-06-20 19:53:34,462   GET     200       1 ms  /3/Ping
2020-06-20 19:53:44,470   GET     200       0 ms  /3/Ping
2020-06-20 19:53:54,477   GET     200       1 ms  /3/Ping
2020-06-20 19:54:01,450   POST    200       2 ms  /3/Chunk
2020-06-20 19:54:04,481   GET     200       0 ms  /3/Ping
2020-06-20 19:54:09,038   GET     200       4 ms  /3/Frames/transformation_8686_DRF_model_python_1591600273347_1_on_frame_rdd_77_9fa38f29f9b79755c59c229fb5784246/summary
2020-06-20 19:54:09,043   GET     200       0 ms  /3/FrameChunks/transformation_8686_DRF_model_python_1591600273347_1_on_frame_rdd_77_9fa38f29f9b79755c59c229fb5784246
2020-06-20 19:54:09,046   GET     200       1 ms  /3/Cloud
2020-06-20 19:54:09,118   POST    200       1 ms  /3/Chunk
2020-06-20 19:54:14,484   GET     200       1 ms  /3/Ping
2020-06-20 19:54:24,487   GET     200       0 ms  /3/Ping
2020-06-20 19:54:34,495   GET     200       0 ms  /3/Ping
2020-06-20 19:54:44,499   GET     200       0 ms  /3/Ping
2020-06-20 19:54:54,504   GET     200       1 ms  /3/Ping
2020-06-20 19:55:04,510   GET     200       2 ms  /3/Ping
2020-06-20 19:55:14,516   GET     200       1 ms  /3/Ping
2020-06-20 19:55:24,524   GET     200       1 ms  /3/Ping
2020-06-20 19:55:34,532   GET     200       1 ms  /3/Ping
2020-06-20 19:55:44,539   GET     200       0 ms  /3/Ping
2020-06-20 19:55:54,542   GET     200       0 ms  /3/Ping
2020-06-20 19:56:04,547   GET     200       1 ms  /3/Ping
2020-06-20 19:56:14,552   GET     200       1 ms  /3/Ping
2020-06-20 19:56:24,556   GET     200       1 ms  /3/Ping
2020-06-20 19:56:34,559   GET     200       1 ms  /3/Ping
2020-06-20 19:56:44,564   GET     200       0 ms  /3/Ping
2020-06-20 19:56:54,569   GET     200       1 ms  /3/Ping
2020-06-20 19:57:04,574   GET     200       0 ms  /3/Ping
2020-06-20 19:57:14,582   GET     200       0 ms  /3/Ping
2020-06-20 19:57:24,395   POST    200       1 ms  /3/Chunk
2020-06-20 19:57:24,590   GET     200       0 ms  /3/Ping
2020-06-20 19:57:34,595   GET     200       1 ms  /3/Ping
2020-06-20 19:57:44,600   GET     200       0 ms  /3/Ping
2020-06-20 19:57:54,604   GET     200       0 ms  /3/Ping
2020-06-20 19:58:04,612   GET     200       1 ms  /3/Ping
2020-06-20 19:58:06,626   POST    200       1 ms  /3/Chunk
2020-06-20 19:58:14,617   GET     200       0 ms  /3/Ping
2020-06-20 19:58:24,625   GET     200       0 ms  /3/Ping
2020-06-20 19:58:34,632   GET     200       0 ms  /3/Ping
2020-06-20 19:58:44,640   GET     200       0 ms  /3/Ping
2020-06-20 19:58:54,646   GET     200       0 ms  /3/Ping
2020-06-20 19:59:04,655   GET     200       1 ms  /3/Ping
2020-06-20 19:59:14,662   GET     200       1 ms  /3/Ping
2020-06-20 19:59:24,668   GET     200       1 ms  /3/Ping
2020-06-20 19:59:34,674   GET     200       1 ms  /3/Ping
2020-06-20 19:59:44,680   GET     200       1 ms  /3/Ping
2020-06-20 19:59:54,687   GET     200       1 ms  /3/Ping
2020-06-20 20:00:04,694   GET     200       1 ms  /3/Ping
2020-06-20 20:00:14,699   GET     200       1 ms  /3/Ping
2020-06-20 20:00:24,705   GET     200       0 ms  /3/Ping
2020-06-20 20:00:34,714   GET     200       1 ms  /3/Ping
2020-06-20 20:00:44,720   GET     200       0 ms  /3/Ping
2020-06-20 20:00:54,728   GET     200       0 ms  /3/Ping
2020-06-20 20:01:04,736   GET     200       0 ms  /3/Ping
2020-06-20 20:01:14,743   GET     200       1 ms  /3/Ping
2020-06-20 20:01:24,751   GET     200       1 ms  /3/Ping
2020-06-20 20:01:34,754   GET     200       0 ms  /3/Ping
2020-06-20 20:01:44,760   GET     200       1 ms  /3/Ping
2020-06-20 20:01:54,764   GET     200       1 ms  /3/Ping
2020-06-20 20:02:04,767   GET     200       0 ms  /3/Ping
2020-06-20 20:02:14,771   GET     200       1 ms  /3/Ping
2020-06-20 20:02:24,777   GET     200       0 ms  /3/Ping
2020-06-20 20:02:34,783   GET     200       0 ms  /3/Ping
2020-06-20 20:02:44,791   GET     200       1 ms  /3/Ping
2020-06-20 20:02:54,801   GET     200       0 ms  /3/Ping
2020-06-20 20:03:01,214   POST    200       1 ms  /3/InitializeFrame
2020-06-20 20:03:01,237   GET     200       0 ms  /3/UploadPlan
2020-06-20 20:03:01,257   PUT     200       2 ms  /3/Chunk
2020-06-20 20:03:01,258   PUT     200       0 ms  /3/ChunkCategoricalDomains
2020-06-20 20:03:01,263   POST    200       1 ms  /3/FinalizeFrame
2020-06-20 20:03:01,307   GET     200      40 ms  /3/Frames/frame_rdd_131_b672ea7d2d5a02978fcb4b9f6b5a42bb/light
2020-06-20 20:03:01,313   POST    200       1 ms  /4/Predictions/models/DRF_model_python_1591600273347_1/frames/frame_rdd_131_b672ea7d2d5a02978fcb4b9f6b5a42bb
2020-06-20 20:03:01,321   GET     200       4 ms  /3/Jobs/$0301ac1d9de732d4ffffffff$_838d7f332485c1fdad47de7598174512
2020-06-20 20:03:01,529   GET     200       1 ms  /3/Jobs/$0301ac1d9de732d4ffffffff$_838d7f332485c1fdad47de7598174512
2020-06-20 20:03:01,549   GET     200       7 ms  /3/Frames/transformation_ba32_DRF_model_python_1591600273347_1_on_frame_rdd_131_b672ea7d2d5a02978fcb4b9f6b5a42bb
2020-06-20 20:03:01,573   GET     200      12 ms  /3/Frames/transformation_ba32_DRF_model_python_1591600273347_1_on_frame_rdd_131_b672ea7d2d5a02978fcb4b9f6b5a42bb/summary
2020-06-20 20:03:01,585   GET     200       2 ms  /3/FrameChunks/transformation_ba32_DRF_model_python_1591600273347_1_on_frame_rdd_131_b672ea7d2d5a02978fcb4b9f6b5a42bb
2020-06-20 20:03:01,594   GET     200       5 ms  /3/Cloud
2020-06-20 20:03:01,696   POST    200       0 ms  /3/Chunk
2020-06-20 20:03:04,805   GET     200       1 ms  /3/Ping
2020-06-20 20:03:14,810   GET     200       0 ms  /3/Ping
2020-06-20 20:03:24,816   GET     200       0 ms  /3/Ping
2020-06-20 20:03:34,822   GET     200       0 ms  /3/Ping
2020-06-20 20:03:44,828   GET     200       0 ms  /3/Ping
2020-06-20 20:03:54,836   GET     200       1 ms  /3/Ping
2020-06-20 20:04:04,844   GET     200       1 ms  /3/Ping
2020-06-20 20:04:14,850   GET     200       1 ms  /3/Ping
2020-06-20 20:04:24,854   GET     200       0 ms  /3/Ping
2020-06-20 20:04:34,857   GET     200       0 ms  /3/Ping
2020-06-20 20:04:44,863   GET     200       0 ms  /3/Ping
2020-06-20 20:04:54,868   GET     200       0 ms  /3/Ping
2020-06-20 20:05:04,874   GET     200       0 ms  /3/Ping
2020-06-20 20:05:14,880   GET     200       1 ms  /3/Ping
2020-06-20 20:05:24,886   GET     200       0 ms  /3/Ping
2020-06-20 20:05:34,892   GET     200       1 ms  /3/Ping
2020-06-20 20:05:44,899   GET     200       0 ms  /3/Ping
2020-06-20 20:05:54,904   GET     200       0 ms  /3/Ping
2020-06-20 20:06:04,911   GET     200       0 ms  /3/Ping
2020-06-20 20:06:14,919   GET     200       1 ms  /3/Ping
2020-06-20 20:06:24,926   GET     200       1 ms  /3/Ping
2020-06-20 22:35:09,081   POST    200      17 ms  /3/InitializeFrame
