2020-06-20 22:36:39,267   POST    200     216 ms  /3/CloudLock
2020-06-20 22:36:39,494   GET     200      90 ms  /3/Cloud
2020-06-20 22:36:39,586   GET     200       4 ms  /3/Cloud
2020-06-20 22:36:39,594   GET     200       1 ms  /3/Cloud
2020-06-20 22:36:39,621   GET     200       8 ms  /3/Cloud
2020-06-20 22:36:40,092   POST    200     467 ms  /99/Rapids
2020-06-20 22:36:40,131   GET     200       2 ms  /3/Cloud
2020-06-20 22:36:40,301   GET     200       1 ms  /3/Cloud
2020-06-20 22:36:40,384   GET     200       2 ms  /3/Cloud
2020-06-20 22:36:40,406   GET     200      16 ms  /3/Ping
2020-06-20 22:36:40,436   GET     200       0 ms  /3/Ping
2020-06-20 22:36:40,514   GET     200       2 ms  /3/Cloud
2020-06-20 22:36:40,547   GET     200      25 ms  /3/Capabilities/API
2020-06-20 22:36:46,630   POST    200     435 ms  /99/Models.bin/
2020-06-20 22:36:46,649   GET     200      13 ms  /3/Models/DRF_model_python_1591600273347_1
2020-06-20 22:36:50,456   GET     200       0 ms  /3/Ping
2020-06-20 22:37:00,466   GET     200       1 ms  /3/Ping
2020-06-20 22:37:10,477   GET     200       0 ms  /3/Ping
2020-06-20 22:37:17,615   POST    200      28 ms  /3/InitializeFrame
2020-06-20 22:37:17,687   GET     200      15 ms  /3/UploadPlan
2020-06-20 22:37:17,876   PUT     200      73 ms  /3/Chunk
2020-06-20 22:37:17,891   PUT     200      10 ms  /3/ChunkCategoricalDomains
2020-06-20 22:37:17,936   POST    200      39 ms  /3/FinalizeFrame
2020-06-20 22:37:18,040   GET     200     100 ms  /3/Frames/frame_rdd_158_ac3dc40682752c0f6b3f4514390e4e2d/light
2020-06-20 22:37:18,076   POST    200      32 ms  /4/Predictions/models/DRF_model_python_1591600273347_1/frames/frame_rdd_158_ac3dc40682752c0f6b3f4514390e4e2d
2020-06-20 22:37:18,090   GET     200      10 ms  /3/Jobs/$0301ac1d9de732d4ffffffff$_bac3318abb7d4a389a57159e09ec4e8b
2020-06-20 22:37:18,297   GET     200       0 ms  /3/Jobs/$0301ac1d9de732d4ffffffff$_bac3318abb7d4a389a57159e09ec4e8b
2020-06-20 22:37:18,347   GET     200      28 ms  /3/Frames/transformation_9c0f_DRF_model_python_1591600273347_1_on_frame_rdd_158_ac3dc40682752c0f6b3f4514390e4e2d
2020-06-20 22:37:18,362   GET     200       9 ms  /3/Frames/transformation_9c0f_DRF_model_python_1591600273347_1_on_frame_rdd_158_ac3dc40682752c0f6b3f4514390e4e2d/summary
2020-06-20 22:37:18,388   GET     200      12 ms  /3/FrameChunks/transformation_9c0f_DRF_model_python_1591600273347_1_on_frame_rdd_158_ac3dc40682752c0f6b3f4514390e4e2d
2020-06-20 22:37:18,391   GET     200       1 ms  /3/Cloud
2020-06-20 22:37:20,491   GET     200       1 ms  /3/Ping
2020-06-20 22:37:30,501   GET     200       2 ms  /3/Ping
2020-06-20 22:37:40,513   GET     200       1 ms  /3/Ping
2020-06-20 22:37:50,530   GET     200       1 ms  /3/Ping
2020-06-20 22:38:00,543   GET     200       2 ms  /3/Ping
2020-06-20 22:38:10,554   GET     200       1 ms  /3/Ping
2020-06-20 22:38:20,566   GET     200       2 ms  /3/Ping
2020-06-20 22:38:30,577   GET     200       1 ms  /3/Ping
2020-06-20 22:38:40,586   GET     200       1 ms  /3/Ping
2020-06-20 22:38:50,597   GET     200       2 ms  /3/Ping
2020-06-20 22:39:00,610   GET     200       3 ms  /3/Ping
2020-06-20 22:39:10,619   GET     200       1 ms  /3/Ping
2020-06-20 22:39:20,628   GET     200       1 ms  /3/Ping
2020-06-20 22:39:30,637   GET     200       1 ms  /3/Ping
2020-06-20 22:39:40,646   GET     200       1 ms  /3/Ping
2020-06-20 22:39:50,656   GET     200       1 ms  /3/Ping
2020-06-20 22:40:00,666   GET     200       1 ms  /3/Ping
2020-06-20 22:40:10,675   GET     200       1 ms  /3/Ping
2020-06-20 22:40:20,687   GET     200       2 ms  /3/Ping
2020-06-20 22:40:30,700   GET     200       2 ms  /3/Ping
2020-06-20 22:40:40,721   GET     200       0 ms  /3/Ping
2020-06-20 22:40:50,727   GET     200       0 ms  /3/Ping
2020-06-20 22:41:00,736   GET     200       1 ms  /3/Ping
2020-06-20 22:41:10,742   GET     200       1 ms  /3/Ping
2020-06-20 22:41:20,747   GET     200       1 ms  /3/Ping
2020-06-20 22:41:30,758   GET     200       2 ms  /3/Ping
2020-06-20 22:41:40,768   GET     200       0 ms  /3/Ping
2020-06-20 22:41:50,776   GET     200       1 ms  /3/Ping
2020-06-20 22:42:00,794   GET     200       6 ms  /3/Ping
2020-06-20 22:42:10,802   GET     200       1 ms  /3/Ping
2020-06-20 22:42:20,815   GET     200       1 ms  /3/Ping
2020-06-20 22:42:30,826   GET     200       2 ms  /3/Ping
2020-06-20 22:42:40,841   GET     200       2 ms  /3/Ping
2020-06-20 22:42:50,853   GET     200       1 ms  /3/Ping
2020-06-20 22:43:00,861   GET     200       1 ms  /3/Ping
2020-06-20 22:43:10,874   GET     200       1 ms  /3/Ping
2020-06-20 22:43:20,885   GET     200       1 ms  /3/Ping
2020-06-20 22:43:30,899   GET     200       1 ms  /3/Ping
2020-06-20 22:43:40,911   GET     200       1 ms  /3/Ping
2020-06-20 22:43:50,923   GET     200       4 ms  /3/Ping
2020-06-20 22:44:00,929   GET     200       1 ms  /3/Ping
2020-06-20 22:44:10,938   GET     200       1 ms  /3/Ping
2020-06-20 22:44:20,960   GET     200       1 ms  /3/Ping
2020-06-20 22:44:30,975   GET     200       2 ms  /3/Ping
2020-06-20 22:44:40,987   GET     200       1 ms  /3/Ping
2020-06-20 22:44:50,998   GET     200       1 ms  /3/Ping
2020-06-20 22:45:01,012   GET     200       1 ms  /3/Ping
2020-06-20 22:45:11,024   GET     200       2 ms  /3/Ping
2020-06-20 22:45:21,034   GET     200       0 ms  /3/Ping
2020-06-20 22:45:31,047   GET     200       0 ms  /3/Ping
2020-06-20 22:45:41,061   GET     200       2 ms  /3/Ping
2020-06-20 22:45:51,075   GET     200       1 ms  /3/Ping
2020-06-20 22:46:01,087   GET     200       1 ms  /3/Ping
2020-06-20 22:46:11,096   GET     200       2 ms  /3/Ping
2020-06-20 22:46:21,108   GET     200       1 ms  /3/Ping
2020-06-20 22:46:31,117   GET     200       0 ms  /3/Ping
2020-06-20 22:46:41,124   GET     200       1 ms  /3/Ping
2020-06-20 22:46:51,133   GET     200       1 ms  /3/Ping
2020-06-20 22:47:01,153   GET     200       1 ms  /3/Ping
2020-06-20 22:47:11,162   GET     200       1 ms  /3/Ping
2020-06-20 22:47:21,180   GET     200       1 ms  /3/Ping
2020-06-20 22:47:31,194   GET     200       2 ms  /3/Ping
2020-06-20 22:47:41,204   GET     200       1 ms  /3/Ping
2020-06-20 22:47:51,217   GET     200       1 ms  /3/Ping
2020-06-20 22:48:01,226   GET     200       1 ms  /3/Ping
2020-06-20 22:48:11,237   GET     200       1 ms  /3/Ping
2020-06-20 22:48:21,256   GET     200       1 ms  /3/Ping
2020-06-20 22:48:31,267   GET     200       1 ms  /3/Ping
2020-06-20 22:48:41,277   GET     200       1 ms  /3/Ping
2020-06-20 22:48:51,295   GET     200       1 ms  /3/Ping
2020-06-20 22:49:01,302   GET     200       1 ms  /3/Ping
2020-06-20 22:49:11,314   GET     200       1 ms  /3/Ping
2020-06-20 22:49:21,326   GET     200       1 ms  /3/Ping
2020-06-20 22:49:31,333   GET     200       1 ms  /3/Ping
2020-06-20 22:49:41,342   GET     200       1 ms  /3/Ping
2020-06-20 22:49:51,353   GET     200       1 ms  /3/Ping
2020-06-20 22:50:01,363   GET     200       1 ms  /3/Ping
2020-06-20 22:50:11,387   GET     200       1 ms  /3/Ping
2020-06-20 22:50:21,398   GET     200       1 ms  /3/Ping
2020-06-20 22:50:31,407   GET     200       0 ms  /3/Ping
2020-06-20 22:50:41,415   GET     200       1 ms  /3/Ping
2020-06-20 22:50:51,425   GET     200       1 ms  /3/Ping
2020-06-20 22:51:01,447   GET     200       2 ms  /3/Ping
2020-06-20 22:51:11,467   GET     200       2 ms  /3/Ping
2020-06-20 22:51:21,477   GET     200       1 ms  /3/Ping
2020-06-20 22:51:31,485   GET     200       1 ms  /3/Ping
2020-06-20 22:51:41,498   GET     200       1 ms  /3/Ping
2020-06-20 22:51:51,508   GET     200       1 ms  /3/Ping
2020-06-20 22:52:01,518   GET     200       1 ms  /3/Ping
2020-06-20 22:52:11,531   GET     200       1 ms  /3/Ping
2020-06-20 22:52:21,540   GET     200       1 ms  /3/Ping
2020-06-20 22:52:31,549   GET     200       1 ms  /3/Ping
2020-06-20 22:52:41,557   GET     200       2 ms  /3/Ping
2020-06-20 22:52:51,568   GET     200       1 ms  /3/Ping
2020-06-20 22:53:01,584   GET     200       0 ms  /3/Ping
2020-06-20 22:53:11,596   GET     200       1 ms  /3/Ping
2020-06-20 22:53:21,608   GET     200       3 ms  /3/Ping
2020-06-20 22:53:31,621   GET     200       1 ms  /3/Ping
2020-06-20 22:53:41,626   GET     200       1 ms  /3/Ping
2020-06-20 22:53:51,633   GET     200       1 ms  /3/Ping
2020-06-20 22:54:01,642   GET     200       2 ms  /3/Ping
2020-06-20 22:54:11,652   GET     200       1 ms  /3/Ping
2020-06-20 22:54:21,662   GET     200       1 ms  /3/Ping
2020-06-20 22:54:31,671   GET     200       1 ms  /3/Ping
2020-06-20 22:54:41,705   GET     200      14 ms  /3/Ping
2020-06-20 22:54:51,718   GET     200       1 ms  /3/Ping
2020-06-20 22:55:01,728   GET     200       1 ms  /3/Ping
2020-06-20 22:55:11,735   GET     200       1 ms  /3/Ping
2020-06-20 22:55:21,744   GET     200       0 ms  /3/Ping
2020-06-20 22:55:31,756   GET     200       1 ms  /3/Ping
2020-06-20 22:55:41,766   GET     200       1 ms  /3/Ping
2020-06-20 22:55:51,774   GET     200       1 ms  /3/Ping
2020-06-20 22:56:01,784   GET     200       1 ms  /3/Ping
2020-06-20 22:56:11,798   GET     200       1 ms  /3/Ping
2020-06-20 22:56:21,809   GET     200       1 ms  /3/Ping
2020-06-20 22:56:31,817   GET     200       1 ms  /3/Ping
2020-06-20 22:56:41,826   GET     200       1 ms  /3/Ping
2020-06-20 22:56:51,833   GET     200       1 ms  /3/Ping
2020-06-20 22:57:01,844   GET     200       2 ms  /3/Ping
2020-06-20 22:57:11,849   GET     200       1 ms  /3/Ping
2020-06-20 22:57:21,860   GET     200       1 ms  /3/Ping
2020-06-20 22:57:31,869   GET     200       1 ms  /3/Ping
2020-06-20 22:57:41,880   GET     200       1 ms  /3/Ping
2020-06-20 22:57:51,888   GET     200       0 ms  /3/Ping
2020-06-20 22:58:01,895   GET     200       1 ms  /3/Ping
2020-06-20 22:58:11,905   GET     200       2 ms  /3/Ping
2020-06-20 22:58:21,915   GET     200       1 ms  /3/Ping
2020-06-20 22:58:31,924   GET     200       1 ms  /3/Ping
2020-06-20 22:58:41,931   GET     200       1 ms  /3/Ping
2020-06-20 22:58:51,943   GET     200       1 ms  /3/Ping
2020-06-20 22:59:01,949   GET     200       1 ms  /3/Ping
2020-06-20 22:59:11,955   GET     200       0 ms  /3/Ping
2020-06-20 22:59:21,964   GET     200       0 ms  /3/Ping
2020-06-20 22:59:31,970   GET     200       0 ms  /3/Ping
2020-06-20 22:59:41,980   GET     200       1 ms  /3/Ping
2020-06-20 22:59:51,989   GET     200       1 ms  /3/Ping
2020-06-20 23:00:01,998   GET     200       1 ms  /3/Ping
2020-06-20 23:00:12,006   GET     200       1 ms  /3/Ping
2020-06-20 23:00:22,014   GET     200       1 ms  /3/Ping
2020-06-20 23:00:32,023   GET     200       0 ms  /3/Ping
2020-06-20 23:00:42,031   GET     200       1 ms  /3/Ping
2020-06-20 23:00:52,038   GET     200       1 ms  /3/Ping
2020-06-20 23:01:02,045   GET     200       1 ms  /3/Ping
2020-06-20 23:01:12,055   GET     200       1 ms  /3/Ping
2020-06-20 23:01:22,064   GET     200       0 ms  /3/Ping
2020-06-20 23:01:32,071   GET     200       1 ms  /3/Ping
2020-06-20 23:01:42,079   GET     200       1 ms  /3/Ping
2020-06-20 23:01:52,088   GET     200       1 ms  /3/Ping
2020-06-20 23:02:02,095   GET     200       1 ms  /3/Ping
2020-06-20 23:02:12,102   GET     200       1 ms  /3/Ping
2020-06-20 23:02:22,110   GET     200       1 ms  /3/Ping
2020-06-20 23:02:32,121   GET     200       1 ms  /3/Ping
2020-06-20 23:02:42,127   GET     200       0 ms  /3/Ping
2020-06-20 23:02:52,134   GET     200       1 ms  /3/Ping
2020-06-20 23:03:02,140   GET     200       1 ms  /3/Ping
2020-06-20 23:03:12,148   GET     200       1 ms  /3/Ping
2020-06-20 23:03:22,156   GET     200       0 ms  /3/Ping
2020-06-20 23:03:32,166   GET     200       1 ms  /3/Ping
2020-06-20 23:03:42,176   GET     200       1 ms  /3/Ping
2020-06-20 23:03:52,182   GET     200       0 ms  /3/Ping
2020-06-20 23:04:02,191   GET     200       1 ms  /3/Ping
2020-06-20 23:04:12,199   GET     200       1 ms  /3/Ping
2020-06-20 23:04:22,206   GET     200       0 ms  /3/Ping
2020-06-20 23:04:32,213   GET     200       1 ms  /3/Ping
2020-06-20 23:04:42,220   GET     200       0 ms  /3/Ping
2020-06-20 23:04:52,228   GET     200       1 ms  /3/Ping
2020-06-20 23:05:02,232   GET     200       0 ms  /3/Ping
2020-06-20 23:05:12,238   GET     200       1 ms  /3/Ping
2020-06-20 23:05:22,245   GET     200       1 ms  /3/Ping
2020-06-20 23:05:32,252   GET     200       1 ms  /3/Ping
2020-06-20 23:05:42,261   GET     200       0 ms  /3/Ping
2020-06-20 23:05:52,269   GET     200       1 ms  /3/Ping
2020-06-20 23:06:02,278   GET     200       1 ms  /3/Ping
2020-06-20 23:06:12,286   GET     200       1 ms  /3/Ping
2020-06-20 23:06:22,294   GET     200       1 ms  /3/Ping
2020-06-20 23:06:32,304   GET     200       1 ms  /3/Ping
2020-06-20 23:06:42,310   GET     200       0 ms  /3/Ping
2020-06-20 23:06:52,315   GET     200       1 ms  /3/Ping
2020-06-20 23:07:02,321   GET     200       1 ms  /3/Ping
2020-06-20 23:07:12,330   GET     200       1 ms  /3/Ping
2020-06-20 23:07:22,337   GET     200       1 ms  /3/Ping
2020-06-20 23:07:32,344   GET     200       1 ms  /3/Ping
2020-06-20 23:07:42,353   GET     200       1 ms  /3/Ping
2020-06-20 23:07:52,360   GET     200       1 ms  /3/Ping
2020-06-20 23:08:02,369   GET     200       1 ms  /3/Ping
2020-06-20 23:08:12,378   GET     200       1 ms  /3/Ping
2020-06-20 23:08:22,384   GET     200       1 ms  /3/Ping
2020-06-20 23:08:32,391   GET     200       0 ms  /3/Ping
2020-06-20 23:08:42,399   GET     200       1 ms  /3/Ping
2020-06-20 23:08:52,407   GET     200       1 ms  /3/Ping
2020-06-20 23:09:02,414   GET     200       1 ms  /3/Ping
2020-06-20 23:09:12,423   GET     200       1 ms  /3/Ping
2020-06-20 23:09:22,431   GET     200       0 ms  /3/Ping
2020-06-20 23:09:32,438   GET     200       1 ms  /3/Ping
2020-06-20 23:09:42,446   GET     200       1 ms  /3/Ping
2020-06-20 23:09:52,454   GET     200       1 ms  /3/Ping
2020-06-20 23:10:02,467   GET     200       1 ms  /3/Ping
2020-06-20 23:10:12,478   GET     200       1 ms  /3/Ping
2020-06-20 23:10:22,488   GET     200       0 ms  /3/Ping
2020-06-20 23:10:32,492   GET     200       0 ms  /3/Ping
2020-06-20 23:10:42,498   GET     200       1 ms  /3/Ping
2020-06-20 23:10:52,508   GET     200       2 ms  /3/Ping
2020-06-20 23:11:02,519   GET     200       1 ms  /3/Ping
2020-06-20 23:11:12,526   GET     200       1 ms  /3/Ping
2020-06-20 23:11:22,532   GET     200       1 ms  /3/Ping
2020-06-20 23:11:32,541   GET     200       1 ms  /3/Ping
2020-06-20 23:11:42,550   GET     200       2 ms  /3/Ping
2020-06-20 23:11:52,558   GET     200       1 ms  /3/Ping
2020-06-20 23:12:02,565   GET     200       1 ms  /3/Ping
2020-06-20 23:12:12,577   GET     200       1 ms  /3/Ping
2020-06-20 23:12:22,588   GET     200       1 ms  /3/Ping
2020-06-20 23:12:32,599   GET     200       1 ms  /3/Ping
2020-06-20 23:12:42,606   GET     200       1 ms  /3/Ping
2020-06-20 23:12:52,616   GET     200       2 ms  /3/Ping
2020-06-20 23:13:02,622   GET     200       0 ms  /3/Ping
2020-06-20 23:13:12,630   GET     200       1 ms  /3/Ping
2020-06-20 23:13:22,638   GET     200       2 ms  /3/Ping
2020-06-20 23:13:32,648   GET     200       1 ms  /3/Ping
2020-06-20 23:13:42,662   GET     200       1 ms  /3/Ping
2020-06-20 23:13:52,671   GET     200       1 ms  /3/Ping
2020-06-20 23:14:02,677   GET     200       1 ms  /3/Ping
2020-06-20 23:14:12,685   GET     200       1 ms  /3/Ping
2020-06-20 23:14:22,697   GET     200       2 ms  /3/Ping
2020-06-20 23:14:32,707   GET     200       1 ms  /3/Ping
2020-06-20 23:14:42,737   GET     200       1 ms  /3/Ping
2020-06-20 23:14:52,749   GET     200       1 ms  /3/Ping
2020-06-20 23:15:02,756   GET     200       1 ms  /3/Ping
2020-06-20 23:15:12,767   GET     200       2 ms  /3/Ping
2020-06-20 23:15:22,775   GET     200       1 ms  /3/Ping
2020-06-20 23:15:32,786   GET     200       1 ms  /3/Ping
2020-06-20 23:15:42,795   GET     200       1 ms  /3/Ping
2020-06-20 23:15:52,803   GET     200       1 ms  /3/Ping
2020-06-20 23:16:02,813   GET     200       1 ms  /3/Ping
2020-06-20 23:16:12,822   GET     200       1 ms  /3/Ping
2020-06-20 23:16:22,833   GET     200       1 ms  /3/Ping
2020-06-20 23:16:32,840   GET     200       1 ms  /3/Ping
2020-06-20 23:16:42,852   GET     200       1 ms  /3/Ping
2020-06-20 23:16:52,859   GET     200       1 ms  /3/Ping
2020-06-20 23:17:02,867   GET     200       1 ms  /3/Ping
2020-06-20 23:17:12,875   GET     200       1 ms  /3/Ping
2020-06-20 23:17:22,887   GET     200       1 ms  /3/Ping
2020-06-20 23:17:32,896   GET     200       1 ms  /3/Ping
2020-06-20 23:17:42,903   GET     200       1 ms  /3/Ping
2020-06-20 23:17:52,913   GET     200       0 ms  /3/Ping
2020-06-20 23:18:02,920   GET     200       1 ms  /3/Ping
2020-06-20 23:18:12,931   GET     200       1 ms  /3/Ping
2020-06-20 23:18:22,946   GET     200       1 ms  /3/Ping
2020-06-20 23:18:32,953   GET     200       1 ms  /3/Ping
2020-06-20 23:18:42,961   GET     200       2 ms  /3/Ping
2020-06-20 23:18:52,969   GET     200       1 ms  /3/Ping
2020-06-20 23:19:02,977   GET     200       1 ms  /3/Ping
2020-06-20 23:19:12,991   GET     200       1 ms  /3/Ping
2020-06-20 23:19:23,002   GET     200       0 ms  /3/Ping
2020-06-20 23:19:33,017   GET     200       1 ms  /3/Ping
2020-06-20 23:19:43,024   GET     200       1 ms  /3/Ping
2020-06-20 23:19:53,028   GET     200       0 ms  /3/Ping
2020-06-20 23:20:03,034   GET     200       1 ms  /3/Ping
2020-06-20 23:20:13,041   GET     200       2 ms  /3/Ping
2020-06-20 23:20:23,045   GET     200       0 ms  /3/Ping
2020-06-20 23:20:33,053   GET     200       0 ms  /3/Ping
2020-06-20 23:20:43,060   GET     200       1 ms  /3/Ping
2020-06-20 23:20:53,066   GET     200       0 ms  /3/Ping
2020-06-20 23:21:03,078   GET     200       1 ms  /3/Ping
2020-06-20 23:21:13,086   GET     200       2 ms  /3/Ping
2020-06-20 23:21:23,093   GET     200       1 ms  /3/Ping
2020-06-20 23:21:33,100   GET     200       1 ms  /3/Ping
2020-06-20 23:21:43,106   GET     200       1 ms  /3/Ping
2020-06-20 23:21:53,115   GET     200       1 ms  /3/Ping
2020-06-20 23:22:03,122   GET     200       1 ms  /3/Ping
2020-06-20 23:22:13,134   GET     200       1 ms  /3/Ping
2020-06-20 23:22:23,140   GET     200       1 ms  /3/Ping
2020-06-20 23:22:33,146   GET     200       1 ms  /3/Ping
2020-06-20 23:22:43,153   GET     200       1 ms  /3/Ping
2020-06-20 23:22:53,159   GET     200       1 ms  /3/Ping
2020-06-20 23:23:03,169   GET     200       1 ms  /3/Ping
2020-06-20 23:23:13,175   GET     200       1 ms  /3/Ping
2020-06-20 23:23:23,183   GET     200       1 ms  /3/Ping
2020-06-20 23:23:33,190   GET     200       0 ms  /3/Ping
2020-06-20 23:23:43,197   GET     200       1 ms  /3/Ping
2020-06-20 23:23:53,217   GET     200       0 ms  /3/Ping
2020-06-20 23:24:03,225   GET     200       1 ms  /3/Ping
2020-06-20 23:24:13,232   GET     200       0 ms  /3/Ping
2020-06-20 23:24:23,240   GET     200       1 ms  /3/Ping
2020-06-20 23:24:33,249   GET     200       1 ms  /3/Ping
2020-06-20 23:24:43,260   GET     200       1 ms  /3/Ping
2020-06-20 23:24:53,267   GET     200       1 ms  /3/Ping
2020-06-20 23:25:03,277   GET     200       1 ms  /3/Ping
2020-06-20 23:25:13,288   GET     200       0 ms  /3/Ping
2020-06-20 23:25:23,296   GET     200       1 ms  /3/Ping
2020-06-20 23:25:33,303   GET     200       1 ms  /3/Ping
2020-06-20 23:25:43,311   GET     200       1 ms  /3/Ping
2020-06-20 23:25:53,319   GET     200       1 ms  /3/Ping
2020-06-20 23:26:03,327   GET     200       0 ms  /3/Ping
2020-06-20 23:26:13,335   GET     200       1 ms  /3/Ping
2020-06-20 23:26:23,341   GET     200       1 ms  /3/Ping
2020-06-20 23:26:33,347   GET     200       1 ms  /3/Ping
2020-06-20 23:26:43,354   GET     200       1 ms  /3/Ping
2020-06-20 23:26:53,361   GET     200       1 ms  /3/Ping
2020-06-20 23:27:03,369   GET     200       0 ms  /3/Ping
2020-06-20 23:27:13,375   GET     200       0 ms  /3/Ping
2020-06-20 23:27:23,387   GET     200       1 ms  /3/Ping
2020-06-20 23:27:33,399   GET     200       1 ms  /3/Ping
2020-06-20 23:27:43,406   GET     200       0 ms  /3/Ping
2020-06-20 23:27:53,414   GET     200       2 ms  /3/Ping
2020-06-20 23:28:03,425   GET     200       1 ms  /3/Ping
2020-06-20 23:28:13,434   GET     200       0 ms  /3/Ping
2020-06-20 23:28:23,441   GET     200       1 ms  /3/Ping
2020-06-20 23:28:33,451   GET     200       1 ms  /3/Ping
2020-06-20 23:28:43,462   GET     200       1 ms  /3/Ping
2020-06-20 23:28:53,469   GET     200       1 ms  /3/Ping
2020-06-20 23:29:03,477   GET     200       2 ms  /3/Ping
2020-06-20 23:29:13,487   GET     200       1 ms  /3/Ping
2020-06-20 23:29:23,497   GET     200       1 ms  /3/Ping
2020-06-20 23:29:33,505   GET     200       2 ms  /3/Ping
2020-06-20 23:29:43,514   GET     200       1 ms  /3/Ping
2020-06-20 23:29:53,521   GET     200       1 ms  /3/Ping
2020-06-20 23:30:03,530   GET     200       1 ms  /3/Ping
2020-06-20 23:30:13,537   GET     200       1 ms  /3/Ping
2020-06-20 23:30:23,541   GET     200       1 ms  /3/Ping
2020-06-20 23:30:33,548   GET     200       0 ms  /3/Ping
2020-06-20 23:30:43,550   GET     200       0 ms  /3/Ping
2020-06-20 23:30:53,570   GET     200       1 ms  /3/Ping
2020-06-20 23:31:03,577   GET     200       1 ms  /3/Ping
2020-06-20 23:31:13,585   GET     200       0 ms  /3/Ping
2020-06-20 23:31:23,594   GET     200       1 ms  /3/Ping
2020-06-20 23:31:33,600   GET     200       1 ms  /3/Ping
2020-06-20 23:31:43,604   GET     200       0 ms  /3/Ping
2020-06-20 23:31:53,613   GET     200       1 ms  /3/Ping
2020-06-20 23:32:03,623   GET     200       0 ms  /3/Ping
2020-06-20 23:32:13,629   GET     200       1 ms  /3/Ping
2020-06-20 23:32:23,637   GET     200       0 ms  /3/Ping
2020-06-20 23:32:33,643   GET     200       1 ms  /3/Ping
2020-06-20 23:32:43,661   GET     200       1 ms  /3/Ping
2020-06-20 23:32:53,674   GET     200       0 ms  /3/Ping
2020-06-20 23:33:03,681   GET     200       1 ms  /3/Ping
2020-06-20 23:33:13,698   GET     200       1 ms  /3/Ping
2020-06-20 23:33:23,705   GET     200       1 ms  /3/Ping
2020-06-20 23:33:33,714   GET     200       1 ms  /3/Ping
2020-06-20 23:33:43,723   GET     200       0 ms  /3/Ping
2020-06-20 23:33:53,734   GET     200       0 ms  /3/Ping
2020-06-20 23:34:03,742   GET     200       0 ms  /3/Ping
2020-06-20 23:34:13,753   GET     200       0 ms  /3/Ping
2020-06-20 23:34:23,760   GET     200       1 ms  /3/Ping
2020-06-20 23:34:33,764   GET     200       0 ms  /3/Ping
2020-06-20 23:34:43,766   GET     200       0 ms  /3/Ping
2020-06-20 23:34:53,772   GET     200       1 ms  /3/Ping
2020-06-20 23:35:03,779   GET     200       0 ms  /3/Ping
2020-06-20 23:35:13,791   GET     200       0 ms  /3/Ping
2020-06-20 23:35:23,799   GET     200       1 ms  /3/Ping
2020-06-20 23:35:33,805   GET     200       1 ms  /3/Ping
2020-06-20 23:35:43,812   GET     200       1 ms  /3/Ping
2020-06-20 23:35:53,820   GET     200       2 ms  /3/Ping
2020-06-20 23:36:03,828   GET     200       0 ms  /3/Ping
2020-06-20 23:36:13,833   GET     200       1 ms  /3/Ping
2020-06-20 23:36:23,848   GET     200       1 ms  /3/Ping
2020-06-20 23:36:33,864   GET     200       0 ms  /3/Ping
2020-06-20 23:36:43,870   GET     200       1 ms  /3/Ping
2020-06-20 23:36:53,878   GET     200       1 ms  /3/Ping
2020-06-20 23:37:03,886   GET     200       1 ms  /3/Ping
2020-06-20 23:37:13,897   GET     200       1 ms  /3/Ping
2020-06-20 23:37:23,904   GET     200       1 ms  /3/Ping
2020-06-20 23:37:33,910   GET     200       1 ms  /3/Ping
2020-06-20 23:37:43,919   GET     200       1 ms  /3/Ping
2020-06-20 23:37:53,927   GET     200       1 ms  /3/Ping
2020-06-20 23:38:03,936   GET     200       1 ms  /3/Ping
2020-06-20 23:38:13,945   GET     200       1 ms  /3/Ping
2020-06-20 23:38:23,953   GET     200       1 ms  /3/Ping
2020-06-20 23:38:33,961   GET     200       1 ms  /3/Ping
2020-06-20 23:38:43,972   GET     200       1 ms  /3/Ping
2020-06-20 23:38:53,981   GET     200       1 ms  /3/Ping
2020-06-20 23:39:03,999   GET     200       1 ms  /3/Ping
2020-06-20 23:39:14,014   GET     200       1 ms  /3/Ping
2020-06-20 23:39:24,021   GET     200       1 ms  /3/Ping
2020-06-20 23:39:34,029   GET     200       1 ms  /3/Ping
2020-06-20 23:39:44,034   GET     200       0 ms  /3/Ping
2020-06-20 23:39:54,042   GET     200       1 ms  /3/Ping
2020-06-20 23:40:04,051   GET     200       0 ms  /3/Ping
2020-06-20 23:40:14,062   GET     200       1 ms  /3/Ping
2020-06-20 23:40:24,068   GET     200       1 ms  /3/Ping
2020-06-20 23:40:34,075   GET     200       2 ms  /3/Ping
2020-06-20 23:40:44,083   GET     200       1 ms  /3/Ping
2020-06-20 23:40:54,093   GET     200       0 ms  /3/Ping
2020-06-20 23:41:04,099   GET     200       0 ms  /3/Ping
2020-06-20 23:41:14,106   GET     200       1 ms  /3/Ping
2020-06-20 23:41:24,113   GET     200       1 ms  /3/Ping
2020-06-20 23:41:34,119   GET     200       1 ms  /3/Ping
2020-06-20 23:41:44,126   GET     200       0 ms  /3/Ping
2020-06-20 23:41:54,135   GET     200       0 ms  /3/Ping
2020-06-20 23:42:04,142   GET     200       0 ms  /3/Ping
2020-06-20 23:42:14,150   GET     200       1 ms  /3/Ping
2020-06-20 23:42:24,158   GET     200       1 ms  /3/Ping
2020-06-20 23:42:34,166   GET     200       1 ms  /3/Ping
2020-06-20 23:42:44,176   GET     200       1 ms  /3/Ping
2020-06-20 23:42:54,182   GET     200       1 ms  /3/Ping
2020-06-20 23:43:04,189   GET     200       1 ms  /3/Ping
2020-06-20 23:43:14,195   GET     200       1 ms  /3/Ping
2020-06-20 23:43:24,201   GET     200       1 ms  /3/Ping
2020-06-20 23:43:34,210   GET     200       1 ms  /3/Ping
2020-06-20 23:43:44,217   GET     200       1 ms  /3/Ping
2020-06-20 23:43:54,224   GET     200       1 ms  /3/Ping
2020-06-20 23:44:04,232   GET     200       1 ms  /3/Ping
2020-06-20 23:44:14,239   GET     200       0 ms  /3/Ping
2020-06-20 23:44:24,246   GET     200       1 ms  /3/Ping
2020-06-20 23:44:34,252   GET     200       1 ms  /3/Ping
2020-06-20 23:44:44,263   GET     200       1 ms  /3/Ping
2020-06-20 23:44:54,268   GET     200       0 ms  /3/Ping
2020-06-20 23:45:04,273   GET     200       0 ms  /3/Ping
2020-06-20 23:45:14,280   GET     200       1 ms  /3/Ping
2020-06-20 23:45:24,285   GET     200       1 ms  /3/Ping
2020-06-20 23:45:34,290   GET     200       1 ms  /3/Ping
2020-06-20 23:45:44,293   GET     200       0 ms  /3/Ping
2020-06-20 23:45:55,194   GET     200       0 ms  /3/Ping
2020-06-20 23:46:05,200   GET     200       1 ms  /3/Ping
2020-06-20 23:46:15,204   GET     200       0 ms  /3/Ping
2020-06-20 23:46:25,210   GET     200       1 ms  /3/Ping
2020-06-20 23:46:35,216   GET     200       1 ms  /3/Ping
2020-06-20 23:46:45,222   GET     200       1 ms  /3/Ping
2020-06-20 23:46:55,227   GET     200       1 ms  /3/Ping
2020-06-20 23:47:05,236   GET     200       1 ms  /3/Ping
2020-06-20 23:47:15,243   GET     200       0 ms  /3/Ping
2020-06-20 23:47:25,251   GET     200       1 ms  /3/Ping
2020-06-20 23:47:35,258   GET     200       1 ms  /3/Ping
2020-06-20 23:47:45,263   GET     200       1 ms  /3/Ping
2020-06-20 23:47:55,269   GET     200       1 ms  /3/Ping
2020-06-20 23:48:05,275   GET     200       0 ms  /3/Ping
2020-06-20 23:48:15,281   GET     200       1 ms  /3/Ping
2020-06-20 23:48:25,285   GET     200       1 ms  /3/Ping
2020-06-20 23:48:35,291   GET     200       1 ms  /3/Ping
2020-06-20 23:48:45,298   GET     200       1 ms  /3/Ping
2020-06-20 23:48:55,304   GET     200       1 ms  /3/Ping
2020-06-20 23:49:05,311   GET     200       1 ms  /3/Ping
2020-06-20 23:49:15,317   GET     200       1 ms  /3/Ping
2020-06-20 23:49:25,325   GET     200       1 ms  /3/Ping
2020-06-20 23:49:35,332   GET     200       1 ms  /3/Ping
2020-06-20 23:49:45,336   GET     200       0 ms  /3/Ping
2020-06-20 23:49:55,341   GET     200       0 ms  /3/Ping
2020-06-20 23:50:05,351   GET     200       1 ms  /3/Ping
2020-06-20 23:50:15,357   GET     200       0 ms  /3/Ping
2020-06-20 23:50:25,360   GET     200       0 ms  /3/Ping
2020-06-20 23:50:35,368   GET     200       0 ms  /3/Ping
2020-06-20 23:50:45,376   GET     200       2 ms  /3/Ping
2020-06-20 23:50:55,385   GET     200       2 ms  /3/Ping
2020-06-20 23:51:05,391   GET     200       1 ms  /3/Ping
2020-06-20 23:51:15,399   GET     200       0 ms  /3/Ping
2020-06-20 23:51:25,410   GET     200       1 ms  /3/Ping
2020-06-20 23:51:35,415   GET     200       0 ms  /3/Ping
2020-06-20 23:51:45,421   GET     200       0 ms  /3/Ping
2020-06-20 23:51:55,429   GET     200       1 ms  /3/Ping
2020-06-20 23:52:05,435   GET     200       1 ms  /3/Ping
2020-06-20 23:52:15,444   GET     200       1 ms  /3/Ping
2020-06-20 23:52:25,451   GET     200       1 ms  /3/Ping
2020-06-20 23:52:35,460   GET     200       1 ms  /3/Ping
2020-06-20 23:52:45,464   GET     200       1 ms  /3/Ping
2020-06-20 23:52:55,466   GET     200       1 ms  /3/Ping
2020-06-20 23:53:05,472   GET     200       1 ms  /3/Ping
2020-06-20 23:53:15,477   GET     200       1 ms  /3/Ping
2020-06-20 23:53:25,485   GET     200       1 ms  /3/Ping
2020-06-20 23:53:35,492   GET     200       0 ms  /3/Ping
2020-06-20 23:53:45,499   GET     200       0 ms  /3/Ping
2020-06-20 23:53:55,509   GET     200       0 ms  /3/Ping
2020-06-20 23:54:05,516   GET     200       1 ms  /3/Ping
2020-06-20 23:54:15,522   GET     200       1 ms  /3/Ping
2020-06-20 23:54:25,527   GET     200       1 ms  /3/Ping
2020-06-20 23:54:35,533   GET     200       0 ms  /3/Ping
2020-06-20 23:54:45,540   GET     200       1 ms  /3/Ping
2020-06-20 23:54:55,547   GET     200       1 ms  /3/Ping
2020-06-20 23:55:05,554   GET     200       1 ms  /3/Ping
2020-06-20 23:55:15,561   GET     200       0 ms  /3/Ping
2020-06-20 23:55:25,569   GET     200       1 ms  /3/Ping
2020-06-20 23:55:35,574   GET     200       0 ms  /3/Ping
2020-06-20 23:55:45,582   GET     200       0 ms  /3/Ping
2020-06-20 23:55:55,589   GET     200       1 ms  /3/Ping
2020-06-20 23:56:05,595   GET     200       1 ms  /3/Ping
2020-06-20 23:56:15,600   GET     200       1 ms  /3/Ping
2020-06-20 23:56:25,608   GET     200       0 ms  /3/Ping
2020-06-20 23:56:35,617   GET     200       0 ms  /3/Ping
2020-06-20 23:56:45,622   GET     200       0 ms  /3/Ping
2020-06-20 23:56:55,630   GET     200       1 ms  /3/Ping
2020-06-20 23:57:05,637   GET     200       0 ms  /3/Ping
2020-06-20 23:57:15,645   GET     200       0 ms  /3/Ping
2020-06-20 23:57:25,656   GET     200       4 ms  /3/Ping
2020-06-20 23:57:35,665   GET     200       1 ms  /3/Ping
2020-06-20 23:57:45,675   GET     200       1 ms  /3/Ping
2020-06-20 23:57:55,681   GET     200       1 ms  /3/Ping
2020-06-20 23:58:05,688   GET     200       0 ms  /3/Ping
2020-06-20 23:58:15,695   GET     200       1 ms  /3/Ping
2020-06-20 23:58:25,700   GET     200       0 ms  /3/Ping
2020-06-20 23:58:35,710   GET     200       0 ms  /3/Ping
2020-06-20 23:58:45,717   GET     200       0 ms  /3/Ping
2020-06-20 23:58:55,727   GET     200       0 ms  /3/Ping
2020-06-20 23:59:05,735   GET     200       1 ms  /3/Ping
2020-06-20 23:59:15,742   GET     200       1 ms  /3/Ping
2020-06-20 23:59:25,748   GET     200       1 ms  /3/Ping
2020-06-20 23:59:35,755   GET     200       0 ms  /3/Ping
2020-06-20 23:59:45,761   GET     200       1 ms  /3/Ping
2020-06-20 23:59:55,768   GET     200       2 ms  /3/Ping
2020-06-21 00:00:05,775   GET     200       1 ms  /3/Ping
2020-06-21 00:00:15,780   GET     200       0 ms  /3/Ping
2020-06-21 00:00:25,788   GET     200       0 ms  /3/Ping
2020-06-21 00:00:35,795   GET     200       0 ms  /3/Ping
2020-06-21 00:00:45,802   GET     200       1 ms  /3/Ping
2020-06-21 00:00:55,807   GET     200       0 ms  /3/Ping
2020-06-21 00:01:05,814   GET     200       1 ms  /3/Ping
2020-06-21 00:01:15,820   GET     200       0 ms  /3/Ping
2020-06-21 00:01:25,828   GET     200       1 ms  /3/Ping
2020-06-21 00:01:35,833   GET     200       1 ms  /3/Ping
2020-06-21 00:01:45,838   GET     200       1 ms  /3/Ping
2020-06-21 00:01:55,844   GET     200       1 ms  /3/Ping
2020-06-21 00:02:05,850   GET     200       0 ms  /3/Ping
2020-06-21 00:02:15,857   GET     200       0 ms  /3/Ping
2020-06-21 00:02:25,864   GET     200       1 ms  /3/Ping
2020-06-21 00:02:35,870   GET     200       0 ms  /3/Ping
2020-06-21 00:02:45,876   GET     200       0 ms  /3/Ping
2020-06-21 00:02:55,882   GET     200       0 ms  /3/Ping
2020-06-21 00:03:05,888   GET     200       0 ms  /3/Ping
2020-06-21 00:03:15,895   GET     200       0 ms  /3/Ping
2020-06-21 00:03:25,900   GET     200       0 ms  /3/Ping
2020-06-21 00:03:35,904   GET     200       1 ms  /3/Ping
2020-06-21 00:03:45,908   GET     200       0 ms  /3/Ping
2020-06-21 00:03:55,916   GET     200       1 ms  /3/Ping
2020-06-21 00:04:05,923   GET     200       1 ms  /3/Ping
2020-06-21 00:04:15,929   GET     200       0 ms  /3/Ping
2020-06-21 00:04:25,934   GET     200       0 ms  /3/Ping
2020-06-21 00:04:35,939   GET     200       0 ms  /3/Ping
2020-06-21 00:04:45,944   GET     200       0 ms  /3/Ping
2020-06-21 00:04:55,949   GET     200       0 ms  /3/Ping
2020-06-21 00:05:05,958   GET     200       1 ms  /3/Ping
2020-06-21 00:05:15,964   GET     200       0 ms  /3/Ping
2020-06-21 00:05:25,969   GET     200       0 ms  /3/Ping
2020-06-21 00:05:35,974   GET     200       0 ms  /3/Ping
2020-06-21 00:05:45,979   GET     200       0 ms  /3/Ping
2020-06-21 00:05:55,986   GET     200       1 ms  /3/Ping
2020-06-21 00:06:06,128   GET     200       0 ms  /3/Ping
2020-06-21 00:06:16,133   GET     200       1 ms  /3/Ping
2020-06-21 00:06:26,140   GET     200       1 ms  /3/Ping
2020-06-21 00:06:36,145   GET     200       1 ms  /3/Ping
2020-06-21 00:06:46,150   GET     200       1 ms  /3/Ping
2020-06-21 00:06:56,155   GET     200       1 ms  /3/Ping
2020-06-21 00:07:06,162   GET     200       1 ms  /3/Ping
2020-06-21 00:07:16,168   GET     200       1 ms  /3/Ping
2020-06-21 00:07:26,175   GET     200       1 ms  /3/Ping
2020-06-21 00:07:36,180   GET     200       1 ms  /3/Ping
2020-06-21 00:07:46,185   GET     200       1 ms  /3/Ping
2020-06-21 00:07:56,192   GET     200       0 ms  /3/Ping
2020-06-21 00:08:06,196   GET     200       1 ms  /3/Ping
2020-06-21 00:08:16,198   GET     200       0 ms  /3/Ping
2020-06-21 00:08:26,204   GET     200       1 ms  /3/Ping
2020-06-21 00:08:36,210   GET     200       1 ms  /3/Ping
2020-06-21 00:08:46,218   GET     200       1 ms  /3/Ping
2020-06-21 00:08:56,223   GET     200       0 ms  /3/Ping
2020-06-21 00:09:06,225   GET     200       0 ms  /3/Ping
2020-06-21 00:09:16,231   GET     200       0 ms  /3/Ping
2020-06-21 00:09:26,237   GET     200       0 ms  /3/Ping
2020-06-21 00:09:36,244   GET     200       1 ms  /3/Ping
2020-06-21 00:09:46,249   GET     200       0 ms  /3/Ping
2020-06-21 00:09:56,257   GET     200       1 ms  /3/Ping
2020-06-21 00:10:06,263   GET     200       1 ms  /3/Ping
2020-06-21 00:10:16,271   GET     200       1 ms  /3/Ping
2020-06-21 00:10:26,277   GET     200       1 ms  /3/Ping
2020-06-21 00:10:36,281   GET     200       0 ms  /3/Ping
2020-06-21 00:10:46,285   GET     200       1 ms  /3/Ping
2020-06-21 00:10:56,291   GET     200       1 ms  /3/Ping
2020-06-21 00:11:06,295   GET     200       0 ms  /3/Ping
2020-06-21 00:11:16,299   GET     200       0 ms  /3/Ping
2020-06-21 00:11:20,829   POST    200       6 ms  /3/Chunk
2020-06-21 00:11:26,304   GET     200       1 ms  /3/Ping
2020-06-21 00:11:32,427   POST    200       2 ms  /3/InitializeFrame
2020-06-21 00:11:32,476   GET     200       0 ms  /3/UploadPlan
2020-06-21 00:11:32,503   PUT     200       2 ms  /3/Chunk
2020-06-21 00:11:32,504   PUT     200       0 ms  /3/ChunkCategoricalDomains
2020-06-21 00:11:32,510   POST    200       2 ms  /3/FinalizeFrame
2020-06-21 00:11:32,529   GET     200      14 ms  /3/Frames/frame_rdd_169_88c3b2e0a7ca2a017b4fbbe29e424fde/light
2020-06-21 00:11:32,536   POST    200       2 ms  /4/Predictions/models/DRF_model_python_1591600273347_1/frames/frame_rdd_169_88c3b2e0a7ca2a017b4fbbe29e424fde
2020-06-21 00:11:32,541   GET     200       1 ms  /3/Jobs/$0301ac1d9de732d4ffffffff$_834bbe33ee93c23fe656affd3d3846f1
2020-06-21 00:11:32,754   GET     200       2 ms  /3/Jobs/$0301ac1d9de732d4ffffffff$_834bbe33ee93c23fe656affd3d3846f1
2020-06-21 00:11:32,789   GET     200      10 ms  /3/Frames/transformation_a17f_DRF_model_python_1591600273347_1_on_frame_rdd_169_88c3b2e0a7ca2a017b4fbbe29e424fde
2020-06-21 00:11:32,806   GET     200       9 ms  /3/Frames/transformation_a17f_DRF_model_python_1591600273347_1_on_frame_rdd_169_88c3b2e0a7ca2a017b4fbbe29e424fde/summary
2020-06-21 00:11:32,836   GET     200       2 ms  /3/FrameChunks/transformation_a17f_DRF_model_python_1591600273347_1_on_frame_rdd_169_88c3b2e0a7ca2a017b4fbbe29e424fde
2020-06-21 00:11:32,848   GET     200       8 ms  /3/Cloud
2020-06-21 00:11:32,962   POST    200       1 ms  /3/Chunk
2020-06-21 00:11:36,309   GET     200       0 ms  /3/Ping
2020-06-21 00:11:46,313   GET     200       0 ms  /3/Ping
2020-06-21 00:11:56,318   GET     200       1 ms  /3/Ping
2020-06-21 00:12:06,324   GET     200       0 ms  /3/Ping
2020-06-21 00:12:16,334   GET     200       1 ms  /3/Ping
2020-06-21 00:12:26,342   GET     200       0 ms  /3/Ping
2020-06-21 00:12:36,029   POST    200       1 ms  /3/Chunk
2020-06-21 00:12:36,354   GET     200       0 ms  /3/Ping
2020-06-21 00:12:42,888   POST    200       1 ms  /3/Chunk
2020-06-21 00:12:46,359   GET     200       0 ms  /3/Ping
2020-06-21 00:12:49,867   POST    200       1 ms  /3/Chunk
2020-06-21 00:12:56,180   POST    200       0 ms  /3/Chunk
2020-06-21 00:12:56,366   GET     200       0 ms  /3/Ping
2020-06-21 00:13:06,371   GET     200       1 ms  /3/Ping
2020-06-21 00:13:11,279   POST    200       0 ms  /3/Chunk
2020-06-21 00:13:16,376   GET     200       0 ms  /3/Ping
2020-06-21 00:13:26,380   GET     200       0 ms  /3/Ping
2020-06-21 00:13:36,384   GET     200       0 ms  /3/Ping
2020-06-21 00:13:46,389   GET     200       0 ms  /3/Ping
2020-06-21 00:13:47,196   POST    200       1 ms  /3/Chunk
2020-06-21 00:13:54,704   POST    200       1 ms  /3/Chunk
2020-06-21 00:13:56,396   GET     200       1 ms  /3/Ping
2020-06-21 00:14:01,872   POST    200       1 ms  /3/Chunk
2020-06-21 00:14:06,404   GET     200       0 ms  /3/Ping
2020-06-21 00:14:16,409   GET     200       1 ms  /3/Ping
2020-06-21 00:14:25,055   POST    200       1 ms  /3/Chunk
2020-06-21 00:14:26,417   GET     200       1 ms  /3/Ping
2020-06-21 00:14:32,211   POST    200       1 ms  /3/Chunk
2020-06-21 00:14:36,426   GET     200       1 ms  /3/Ping
2020-06-21 00:14:38,382   POST    200       1 ms  /3/Chunk
2020-06-21 00:14:46,053   POST    200       1 ms  /3/Chunk
2020-06-21 00:14:46,434   GET     200       0 ms  /3/Ping
2020-06-21 00:14:56,439   GET     200       1 ms  /3/Ping
2020-06-21 00:15:06,445   GET     200       1 ms  /3/Ping
2020-06-21 00:15:16,451   GET     200       1 ms  /3/Ping
2020-06-21 00:15:26,458   GET     200       0 ms  /3/Ping
2020-06-21 00:15:36,463   GET     200       0 ms  /3/Ping
2020-06-21 00:15:46,468   GET     200       0 ms  /3/Ping
2020-06-21 00:15:56,475   GET     200       1 ms  /3/Ping
2020-06-21 00:16:06,485   GET     200       1 ms  /3/Ping
2020-06-21 00:16:16,490   GET     200       1 ms  /3/Ping
2020-06-21 00:16:26,494   GET     200       0 ms  /3/Ping
2020-06-21 00:16:36,499   GET     200       0 ms  /3/Ping
2020-06-21 00:16:46,508   GET     200       1 ms  /3/Ping
2020-06-21 00:16:56,513   GET     200       0 ms  /3/Ping
2020-06-21 00:17:06,520   GET     200       0 ms  /3/Ping
2020-06-21 00:17:16,527   GET     200       1 ms  /3/Ping
2020-06-21 00:17:26,533   GET     200       1 ms  /3/Ping
2020-06-21 00:17:36,538   GET     200       0 ms  /3/Ping
2020-06-21 00:17:46,543   GET     200       0 ms  /3/Ping
2020-06-21 00:17:56,548   GET     200       1 ms  /3/Ping
2020-06-21 00:18:06,555   GET     200       1 ms  /3/Ping
2020-06-21 00:18:16,562   GET     200       1 ms  /3/Ping
2020-06-21 00:18:26,568   GET     200       1 ms  /3/Ping
2020-06-21 00:18:36,575   GET     200       0 ms  /3/Ping
2020-06-21 00:18:46,577   GET     200       0 ms  /3/Ping
2020-06-21 00:18:56,584   GET     200       0 ms  /3/Ping
2020-06-21 00:19:06,590   GET     200       0 ms  /3/Ping
2020-06-21 00:19:16,597   GET     200       1 ms  /3/Ping
2020-06-21 00:19:26,602   GET     200       1 ms  /3/Ping
2020-06-21 00:19:36,606   GET     200       0 ms  /3/Ping
2020-06-21 00:19:46,616   GET     200       0 ms  /3/Ping
2020-06-21 00:19:56,622   GET     200       0 ms  /3/Ping
2020-06-21 00:20:06,627   GET     200       0 ms  /3/Ping
2020-06-21 00:20:16,632   GET     200       1 ms  /3/Ping
2020-06-21 00:20:26,639   GET     200       1 ms  /3/Ping
2020-06-21 00:20:36,644   GET     200       0 ms  /3/Ping
2020-06-21 00:20:46,649   GET     200       1 ms  /3/Ping
2020-06-21 00:20:56,657   GET     200       1 ms  /3/Ping
2020-06-21 00:21:06,664   GET     200       1 ms  /3/Ping
2020-06-21 00:21:16,671   GET     200       1 ms  /3/Ping
2020-06-21 00:21:26,677   GET     200       1 ms  /3/Ping
2020-06-21 00:21:36,682   GET     200       1 ms  /3/Ping
2020-06-21 00:21:46,689   GET     200       1 ms  /3/Ping
2020-06-21 00:21:56,695   GET     200       1 ms  /3/Ping
2020-06-21 00:22:06,701   GET     200       0 ms  /3/Ping
2020-06-21 00:22:16,709   GET     200       0 ms  /3/Ping
2020-06-21 00:22:26,714   GET     200       0 ms  /3/Ping
2020-06-21 00:22:36,721   GET     200       1 ms  /3/Ping
2020-06-21 00:22:46,728   GET     200       0 ms  /3/Ping
2020-06-21 00:22:56,734   GET     200       0 ms  /3/Ping
2020-06-21 00:23:06,739   GET     200       0 ms  /3/Ping
2020-06-21 00:23:16,746   GET     200       1 ms  /3/Ping
2020-06-21 00:23:26,753   GET     200       1 ms  /3/Ping
2020-06-21 00:23:36,758   GET     200       0 ms  /3/Ping
2020-06-21 00:23:46,763   GET     200       1 ms  /3/Ping
2020-06-21 00:23:56,770   GET     200       1 ms  /3/Ping
2020-06-21 00:24:06,775   GET     200       0 ms  /3/Ping
2020-06-21 00:24:16,781   GET     200       0 ms  /3/Ping
2020-06-21 00:24:26,786   GET     200       1 ms  /3/Ping
2020-06-21 00:24:36,793   GET     200       1 ms  /3/Ping
2020-06-21 00:24:46,798   GET     200       1 ms  /3/Ping
2020-06-21 00:24:56,804   GET     200       1 ms  /3/Ping
2020-06-21 00:25:06,809   GET     200       0 ms  /3/Ping
2020-06-21 00:25:16,815   GET     200       1 ms  /3/Ping
2020-06-21 00:25:26,820   GET     200       1 ms  /3/Ping
2020-06-21 00:25:36,826   GET     200       0 ms  /3/Ping
2020-06-21 00:25:46,831   GET     200       1 ms  /3/Ping
2020-06-21 00:25:56,837   GET     200       1 ms  /3/Ping
2020-06-21 00:26:06,842   GET     200       1 ms  /3/Ping
2020-06-21 00:26:16,846   GET     200       1 ms  /3/Ping
2020-06-21 00:26:26,850   GET     200       1 ms  /3/Ping
2020-06-21 00:26:36,856   GET     200       1 ms  /3/Ping
2020-06-21 00:26:46,861   GET     200       1 ms  /3/Ping
2020-06-21 00:26:56,867   GET     200       0 ms  /3/Ping
2020-06-21 00:27:06,874   GET     200       1 ms  /3/Ping
2020-06-21 00:27:16,879   GET     200       0 ms  /3/Ping
2020-06-21 00:27:26,885   GET     200       0 ms  /3/Ping
2020-06-21 00:27:36,890   GET     200       1 ms  /3/Ping
2020-06-21 00:27:46,897   GET     200       0 ms  /3/Ping
2020-06-21 00:27:56,903   GET     200       0 ms  /3/Ping
2020-06-21 00:28:06,909   GET     200       2 ms  /3/Ping
2020-06-21 00:28:16,914   GET     200       0 ms  /3/Ping
2020-06-21 00:28:26,922   GET     200       0 ms  /3/Ping
2020-06-21 00:28:36,927   GET     200       0 ms  /3/Ping
2020-06-21 00:28:46,932   GET     200       1 ms  /3/Ping
2020-06-21 00:28:56,940   GET     200       0 ms  /3/Ping
2020-06-21 00:29:06,945   GET     200       0 ms  /3/Ping
2020-06-21 00:29:16,950   GET     200       1 ms  /3/Ping
2020-06-21 00:29:26,955   GET     200       1 ms  /3/Ping
2020-06-21 00:29:36,962   GET     200       1 ms  /3/Ping
2020-06-21 00:29:46,969   GET     200       1 ms  /3/Ping
2020-06-21 00:29:56,974   GET     200       1 ms  /3/Ping
2020-06-21 00:30:06,981   GET     200       1 ms  /3/Ping
2020-06-21 00:30:16,986   GET     200       1 ms  /3/Ping
2020-06-21 00:30:26,989   GET     200       0 ms  /3/Ping
2020-06-21 00:30:36,994   GET     200       0 ms  /3/Ping
2020-06-21 00:30:47,001   GET     200       1 ms  /3/Ping
2020-06-21 00:30:57,007   GET     200       1 ms  /3/Ping
2020-06-21 00:31:07,015   GET     200       1 ms  /3/Ping
2020-06-21 00:31:17,022   GET     200       0 ms  /3/Ping
2020-06-21 00:31:27,026   GET     200       0 ms  /3/Ping
2020-06-21 00:31:37,031   GET     200       1 ms  /3/Ping
2020-06-21 00:31:47,037   GET     200       0 ms  /3/Ping
2020-06-21 00:31:57,044   GET     200       1 ms  /3/Ping
2020-06-21 00:32:07,050   GET     200       1 ms  /3/Ping
2020-06-21 00:32:17,057   GET     200       1 ms  /3/Ping
2020-06-21 00:32:27,064   GET     200       1 ms  /3/Ping
2020-06-21 00:32:37,069   GET     200       1 ms  /3/Ping
2020-06-21 00:32:47,075   GET     200       1 ms  /3/Ping
2020-06-21 00:32:57,080   GET     200       1 ms  /3/Ping
2020-06-21 00:33:07,087   GET     200       1 ms  /3/Ping
2020-06-21 00:33:17,092   GET     200       1 ms  /3/Ping
2020-06-21 00:33:27,098   GET     200       0 ms  /3/Ping
2020-06-21 00:33:37,104   GET     200       1 ms  /3/Ping
2020-06-21 00:33:47,110   GET     200       0 ms  /3/Ping
2020-06-21 00:33:57,116   GET     200       0 ms  /3/Ping
2020-06-21 00:34:07,121   GET     200       1 ms  /3/Ping
2020-06-21 00:34:17,125   GET     200       1 ms  /3/Ping
2020-06-21 00:34:27,133   GET     200       0 ms  /3/Ping
2020-06-21 00:34:37,138   GET     200       1 ms  /3/Ping
2020-06-21 00:34:47,145   GET     200       1 ms  /3/Ping
2020-06-21 00:34:57,148   GET     200       0 ms  /3/Ping
2020-06-21 00:35:07,152   GET     200       0 ms  /3/Ping
2020-06-21 00:35:17,157   GET     200       0 ms  /3/Ping
2020-06-21 00:35:27,164   GET     200       1 ms  /3/Ping
2020-06-21 00:35:37,170   GET     200       1 ms  /3/Ping
2020-06-21 00:35:47,176   GET     200       1 ms  /3/Ping
2020-06-21 00:35:57,185   GET     200       1 ms  /3/Ping
2020-06-21 00:36:07,192   GET     200       0 ms  /3/Ping
2020-06-21 00:36:17,198   GET     200       0 ms  /3/Ping
2020-06-21 00:36:27,204   GET     200       0 ms  /3/Ping
2020-06-21 00:36:37,209   GET     200       1 ms  /3/Ping
2020-06-21 00:36:47,214   GET     200       0 ms  /3/Ping
2020-06-21 00:36:57,219   GET     200       1 ms  /3/Ping
2020-06-21 00:37:07,224   GET     200       1 ms  /3/Ping
2020-06-21 00:37:17,230   GET     200       1 ms  /3/Ping
2020-06-21 00:37:27,236   GET     200       0 ms  /3/Ping
2020-06-21 00:37:37,241   GET     200       1 ms  /3/Ping
2020-06-21 00:37:47,248   GET     200       1 ms  /3/Ping
2020-06-21 00:37:57,254   GET     200       0 ms  /3/Ping
2020-06-21 00:38:07,261   GET     200       1 ms  /3/Ping
2020-06-21 00:38:17,267   GET     200       0 ms  /3/Ping
2020-06-21 00:38:27,274   GET     200       1 ms  /3/Ping
2020-06-21 00:38:37,280   GET     200       0 ms  /3/Ping
2020-06-21 00:38:47,286   GET     200       0 ms  /3/Ping
2020-06-21 00:38:57,291   GET     200       0 ms  /3/Ping
2020-06-21 00:39:07,296   GET     200       1 ms  /3/Ping
2020-06-21 00:39:17,300   GET     200       0 ms  /3/Ping
2020-06-21 00:39:27,305   GET     200       0 ms  /3/Ping
2020-06-21 00:39:37,312   GET     200       1 ms  /3/Ping
2020-06-21 00:39:47,317   GET     200       1 ms  /3/Ping
2020-06-21 00:39:57,322   GET     200       0 ms  /3/Ping
2020-06-21 00:40:07,329   GET     200       0 ms  /3/Ping
2020-06-21 00:40:17,334   GET     200       1 ms  /3/Ping
2020-06-21 00:40:27,339   GET     200       0 ms  /3/Ping
2020-06-21 00:40:37,345   GET     200       0 ms  /3/Ping
2020-06-21 00:40:47,352   GET     200       0 ms  /3/Ping
2020-06-21 00:40:57,357   GET     200       1 ms  /3/Ping
2020-06-21 00:41:07,362   GET     200       0 ms  /3/Ping
2020-06-21 00:41:17,367   GET     200       1 ms  /3/Ping
2020-06-21 00:41:27,371   GET     200       0 ms  /3/Ping
2020-06-21 00:41:37,378   GET     200       0 ms  /3/Ping
2020-06-21 00:41:47,385   GET     200       0 ms  /3/Ping
2020-06-21 00:41:57,390   GET     200       1 ms  /3/Ping
2020-06-21 00:42:07,396   GET     200       0 ms  /3/Ping
2020-06-21 00:42:17,401   GET     200       0 ms  /3/Ping
2020-06-21 00:42:27,406   GET     200       0 ms  /3/Ping
2020-06-21 00:42:37,411   GET     200       0 ms  /3/Ping
2020-06-21 00:42:47,416   GET     200       1 ms  /3/Ping
2020-06-21 00:42:57,422   GET     200       0 ms  /3/Ping
2020-06-21 00:43:07,428   GET     200       1 ms  /3/Ping
2020-06-21 00:43:17,434   GET     200       0 ms  /3/Ping
2020-06-21 00:43:27,440   GET     200       0 ms  /3/Ping
2020-06-21 00:43:37,445   GET     200       1 ms  /3/Ping
2020-06-21 00:43:47,452   GET     200       1 ms  /3/Ping
2020-06-21 00:43:57,458   GET     200       0 ms  /3/Ping
2020-06-21 00:44:07,463   GET     200       0 ms  /3/Ping
2020-06-21 00:44:17,468   GET     200       0 ms  /3/Ping
2020-06-21 00:44:27,474   GET     200       0 ms  /3/Ping
2020-06-21 00:44:37,479   GET     200       1 ms  /3/Ping
2020-06-21 00:44:47,485   GET     200       0 ms  /3/Ping
2020-06-21 00:44:57,490   GET     200       1 ms  /3/Ping
2020-06-21 00:45:07,495   GET     200       0 ms  /3/Ping
2020-06-21 00:45:17,505   GET     200       1 ms  /3/Ping
2020-06-21 00:45:27,513   GET     200       0 ms  /3/Ping
2020-06-21 00:45:37,519   GET     200       0 ms  /3/Ping
2020-06-21 00:45:47,527   GET     200       1 ms  /3/Ping
2020-06-21 00:45:57,533   GET     200       1 ms  /3/Ping
2020-06-21 00:46:07,539   GET     200       1 ms  /3/Ping
2020-06-21 00:46:17,544   GET     200       1 ms  /3/Ping
2020-06-21 00:46:27,549   GET     200       0 ms  /3/Ping
2020-06-21 00:46:37,555   GET     200       1 ms  /3/Ping
2020-06-21 00:46:47,562   GET     200       1 ms  /3/Ping
2020-06-21 00:46:57,566   GET     200       0 ms  /3/Ping
2020-06-21 00:47:07,571   GET     200       1 ms  /3/Ping
2020-06-21 00:47:17,576   GET     200       0 ms  /3/Ping
2020-06-21 00:47:27,582   GET     200       0 ms  /3/Ping
2020-06-21 00:47:37,586   GET     200       0 ms  /3/Ping
2020-06-21 00:47:47,591   GET     200       1 ms  /3/Ping
2020-06-21 00:47:57,596   GET     200       0 ms  /3/Ping
2020-06-21 00:48:07,601   GET     200       1 ms  /3/Ping
2020-06-21 00:48:17,607   GET     200       0 ms  /3/Ping
2020-06-21 00:48:27,613   GET     200       0 ms  /3/Ping
2020-06-21 00:48:37,618   GET     200       1 ms  /3/Ping
2020-06-21 00:48:47,624   GET     200       0 ms  /3/Ping
2020-06-21 00:48:57,631   GET     200       0 ms  /3/Ping
2020-06-21 00:49:07,640   GET     200       1 ms  /3/Ping
2020-06-21 00:49:17,645   GET     200       0 ms  /3/Ping
2020-06-21 00:49:27,650   GET     200       1 ms  /3/Ping
2020-06-21 00:49:37,653   GET     200       0 ms  /3/Ping
2020-06-21 00:49:47,656   GET     200       0 ms  /3/Ping
2020-06-21 00:49:57,660   GET     200       0 ms  /3/Ping
2020-06-21 00:50:07,664   GET     200       0 ms  /3/Ping
2020-06-21 00:50:17,668   GET     200       0 ms  /3/Ping
2020-06-21 00:50:27,675   GET     200       1 ms  /3/Ping
2020-06-21 00:50:37,682   GET     200       0 ms  /3/Ping
2020-06-21 00:50:47,686   GET     200       0 ms  /3/Ping
2020-06-21 00:50:57,691   GET     200       1 ms  /3/Ping
2020-06-21 00:51:07,699   GET     200       1 ms  /3/Ping
2020-06-21 00:51:17,704   GET     200       1 ms  /3/Ping
2020-06-21 00:51:27,707   GET     200       0 ms  /3/Ping
2020-06-21 00:51:37,713   GET     200       0 ms  /3/Ping
2020-06-21 00:51:47,720   GET     200       1 ms  /3/Ping
2020-06-21 00:51:57,726   GET     200       0 ms  /3/Ping
2020-06-21 00:52:07,734   GET     200       1 ms  /3/Ping
2020-06-21 00:52:17,741   GET     200       1 ms  /3/Ping
2020-06-21 00:52:27,746   GET     200       1 ms  /3/Ping
2020-06-21 00:52:37,753   GET     200       1 ms  /3/Ping
2020-06-21 00:52:47,761   GET     200       1 ms  /3/Ping
2020-06-21 00:52:57,767   GET     200       1 ms  /3/Ping
2020-06-21 00:53:07,772   GET     200       1 ms  /3/Ping
2020-06-21 00:53:17,780   GET     200       1 ms  /3/Ping
2020-06-21 00:53:27,785   GET     200       1 ms  /3/Ping
2020-06-21 00:53:37,789   GET     200       1 ms  /3/Ping
2020-06-21 00:53:47,794   GET     200       0 ms  /3/Ping
2020-06-21 00:53:57,799   GET     200       1 ms  /3/Ping
2020-06-21 00:54:07,805   GET     200       1 ms  /3/Ping
2020-06-21 00:54:17,811   GET     200       0 ms  /3/Ping
2020-06-21 00:54:27,816   GET     200       0 ms  /3/Ping
2020-06-21 00:54:37,821   GET     200       0 ms  /3/Ping
2020-06-21 00:54:47,825   GET     200       1 ms  /3/Ping
2020-06-21 00:54:57,828   GET     200       0 ms  /3/Ping
2020-06-21 00:55:07,833   GET     200       0 ms  /3/Ping
2020-06-21 00:55:17,835   GET     200       0 ms  /3/Ping
2020-06-21 00:55:27,838   GET     200       0 ms  /3/Ping
2020-06-21 00:55:37,841   GET     200       0 ms  /3/Ping
2020-06-21 00:55:47,846   GET     200       0 ms  /3/Ping
2020-06-21 00:55:57,852   GET     200       0 ms  /3/Ping
2020-06-21 00:56:07,856   GET     200       0 ms  /3/Ping
2020-06-21 00:56:17,860   GET     200       1 ms  /3/Ping
2020-06-21 00:56:27,865   GET     200       0 ms  /3/Ping
2020-06-21 00:56:37,867   GET     200       0 ms  /3/Ping
2020-06-21 00:56:47,871   GET     200       1 ms  /3/Ping
2020-06-21 00:56:57,879   GET     200       1 ms  /3/Ping
2020-06-21 00:57:07,885   GET     200       0 ms  /3/Ping
2020-06-21 00:57:17,891   GET     200       0 ms  /3/Ping
2020-06-21 00:57:27,898   GET     200       0 ms  /3/Ping
2020-06-21 00:57:37,905   GET     200       0 ms  /3/Ping
2020-06-21 00:57:47,574   POST    200       1 ms  /3/Chunk
2020-06-21 00:57:47,916   GET     200       1 ms  /3/Ping
2020-06-21 00:57:57,920   GET     200       0 ms  /3/Ping
2020-06-21 00:58:07,392   POST    200      57 ms  /4/sessions
2020-06-21 00:58:07,432   DELETE  200       9 ms  /4/sessions/_sid_a06a
2020-06-21 00:58:07,925   GET     200       0 ms  /3/Ping
