2020-07-20 23:19:13,982   POST    200      89 ms  /3/CloudLock
2020-07-20 23:19:14,083   GET     200      54 ms  /3/Cloud
2020-07-20 23:19:14,094   GET     200       3 ms  /3/Cloud
2020-07-20 23:19:14,102   GET     200       1 ms  /3/Cloud
2020-07-20 23:19:14,108   GET     200       2 ms  /3/Cloud
2020-07-20 23:19:14,319   POST    200     204 ms  /99/Rapids
2020-07-20 23:19:14,325   GET     200       2 ms  /3/Cloud
2020-07-20 23:19:14,372   GET     200       1 ms  /3/Cloud
2020-07-20 23:19:14,396   GET     200       2 ms  /3/Cloud
2020-07-20 23:19:14,421   GET     200      14 ms  /3/Ping
2020-07-20 23:19:14,433   GET     200       0 ms  /3/Ping
2020-07-20 23:19:14,767   GET     200       7 ms  /3/Cloud
2020-07-20 23:19:14,813   GET     200      20 ms  /3/Capabilities/API
2020-07-20 23:19:18,491   POST    412      30 ms  /99/Models.bin/
2020-07-20 23:19:24,441   GET     200       1 ms  /3/Ping
2020-07-20 23:19:34,445   GET     200       1 ms  /3/Ping
2020-07-20 23:19:44,455   GET     200       3 ms  /3/Ping
2020-07-20 23:19:54,466   GET     200       2 ms  /3/Ping
2020-07-20 23:20:04,476   GET     200       2 ms  /3/Ping
2020-07-20 23:20:14,490   GET     200       2 ms  /3/Ping
2020-07-20 23:20:24,513   GET     200       3 ms  /3/Ping
2020-07-20 23:20:34,528   GET     200       1 ms  /3/Ping
2020-07-20 23:20:44,536   GET     200       0 ms  /3/Ping
2020-07-20 23:20:54,544   GET     200       1 ms  /3/Ping
2020-07-20 23:21:04,551   GET     200       0 ms  /3/Ping
2020-07-20 23:21:14,560   GET     200       1 ms  /3/Ping
2020-07-20 23:21:24,573   GET     200       1 ms  /3/Ping
2020-07-20 23:21:34,583   GET     200       2 ms  /3/Ping
2020-07-20 23:21:44,602   GET     200       1 ms  /3/Ping
2020-07-20 23:21:54,619   GET     200       1 ms  /3/Ping
2020-07-20 23:22:04,626   GET     200       1 ms  /3/Ping
2020-07-20 23:22:14,672   GET     200       2 ms  /3/Ping
2020-07-20 23:22:24,684   GET     200       1 ms  /3/Ping
2020-07-20 23:22:31,428   POST    200      28 ms  /4/sessions
2020-07-20 23:22:31,440   DELETE  200       5 ms  /4/sessions/_sid_ae53
