2020-07-17 20:10:14,498   POST    200      93 ms  /3/CloudLock
2020-07-17 20:10:14,583   GET     200      51 ms  /3/Cloud
2020-07-17 20:10:14,600   GET     200       4 ms  /3/Cloud
2020-07-17 20:10:14,608   GET     200       2 ms  /3/Cloud
2020-07-17 20:10:14,613   GET     200       1 ms  /3/Cloud
2020-07-17 20:10:14,827   POST    200     208 ms  /99/Rapids
2020-07-17 20:10:14,832   GET     200       1 ms  /3/Cloud
2020-07-17 20:10:14,868   GET     200       1 ms  /3/Cloud
2020-07-17 20:10:14,882   GET     200       2 ms  /3/Cloud
2020-07-17 20:10:14,903   GET     200      13 ms  /3/Ping
2020-07-17 20:10:14,913   GET     200       1 ms  /3/Ping
2020-07-17 20:10:14,966   GET     200       1 ms  /3/Cloud
2020-07-17 20:10:14,994   GET     200      20 ms  /3/Capabilities/API
2020-07-17 20:10:15,445   POST    200     437 ms  /99/Models.bin/
2020-07-17 20:10:15,468   GET     200      12 ms  /3/Models/DRF_model_python_1591600273347_1
2020-07-17 20:10:24,918   GET     200       0 ms  /3/Ping
2020-07-17 20:10:34,362   POST    200      27 ms  /3/InitializeFrame
2020-07-17 20:10:34,496   GET     200      16 ms  /3/UploadPlan
2020-07-17 20:10:34,713   PUT     200      80 ms  /3/Chunk
2020-07-17 20:10:34,723   PUT     200       6 ms  /3/ChunkCategoricalDomains
2020-07-17 20:10:34,760   POST    200      31 ms  /3/FinalizeFrame
2020-07-17 20:10:34,851   GET     200      87 ms  /3/Frames/frame_rdd_146_abc3065ca32400907288fdfcf71446be/light
2020-07-17 20:10:34,880   POST    200      23 ms  /4/Predictions/models/DRF_model_python_1591600273347_1/frames/frame_rdd_146_abc3065ca32400907288fdfcf71446be
2020-07-17 20:10:34,891   GET     200       5 ms  /3/Jobs/$0301ac1d9de732d4ffffffff$_982796fc6fa96a1c4a0ef00f664245d2
2020-07-17 20:10:34,921   GET     200       0 ms  /3/Ping
2020-07-17 20:10:35,098   GET     200       0 ms  /3/Jobs/$0301ac1d9de732d4ffffffff$_982796fc6fa96a1c4a0ef00f664245d2
2020-07-17 20:10:35,121   GET     200      15 ms  /3/Frames/transformation_8617_DRF_model_python_1591600273347_1_on_frame_rdd_146_abc3065ca32400907288fdfcf71446be
2020-07-17 20:10:35,129   GET     200       3 ms  /3/Frames/transformation_8617_DRF_model_python_1591600273347_1_on_frame_rdd_146_abc3065ca32400907288fdfcf71446be/summary
2020-07-17 20:10:35,152   GET     200       9 ms  /3/FrameChunks/transformation_8617_DRF_model_python_1591600273347_1_on_frame_rdd_146_abc3065ca32400907288fdfcf71446be
2020-07-17 20:10:35,155   GET     200       1 ms  /3/Cloud
2020-07-17 20:10:35,477   POST    200      10 ms  /3/Chunk
2020-07-17 20:10:44,931   GET     200       1 ms  /3/Ping
2020-07-17 20:10:54,940   GET     200       1 ms  /3/Ping
2020-07-17 20:11:04,954   GET     200       1 ms  /3/Ping
2020-07-17 20:11:14,966   GET     200       1 ms  /3/Ping
2020-07-17 20:11:24,976   GET     200       0 ms  /3/Ping
2020-07-17 20:11:34,979   GET     200       1 ms  /3/Ping
2020-07-17 20:11:44,985   GET     200       1 ms  /3/Ping
2020-07-17 20:11:54,994   GET     200       1 ms  /3/Ping
2020-07-17 20:12:04,998   GET     200       1 ms  /3/Ping
2020-07-17 20:12:15,006   GET     200       1 ms  /3/Ping
2020-07-17 20:12:25,012   GET     200       1 ms  /3/Ping
2020-07-17 20:12:35,020   GET     200       3 ms  /3/Ping
2020-07-17 20:12:45,028   GET     200       1 ms  /3/Ping
2020-07-17 20:12:55,038   GET     200       1 ms  /3/Ping
2020-07-17 20:13:05,049   GET     200       0 ms  /3/Ping
2020-07-17 20:13:15,059   GET     200       1 ms  /3/Ping
2020-07-17 20:13:25,070   GET     200       1 ms  /3/Ping
2020-07-17 20:13:35,080   GET     200       1 ms  /3/Ping
2020-07-17 20:13:45,089   GET     200       2 ms  /3/Ping
2020-07-17 20:13:55,103   GET     200       1 ms  /3/Ping
2020-07-17 20:14:05,111   GET     200       1 ms  /3/Ping
2020-07-17 20:14:15,115   GET     200       0 ms  /3/Ping
2020-07-17 20:14:25,118   GET     200       0 ms  /3/Ping
2020-07-17 20:14:35,124   GET     200       1 ms  /3/Ping
2020-07-17 20:14:45,133   GET     200       1 ms  /3/Ping
2020-07-17 20:14:55,142   GET     200       1 ms  /3/Ping
2020-07-17 20:15:05,153   GET     200       1 ms  /3/Ping
2020-07-17 20:15:15,163   GET     200       1 ms  /3/Ping
2020-07-17 20:15:25,173   GET     200       1 ms  /3/Ping
2020-07-17 20:15:35,182   GET     200       1 ms  /3/Ping
2020-07-17 20:15:45,192   GET     200       1 ms  /3/Ping
2020-07-17 20:15:55,201   GET     200       1 ms  /3/Ping
2020-07-17 20:16:05,213   GET     200       1 ms  /3/Ping
2020-07-17 20:16:15,224   GET     200       1 ms  /3/Ping
2020-07-17 20:16:25,234   GET     200       1 ms  /3/Ping
2020-07-17 20:16:35,246   GET     200       1 ms  /3/Ping
2020-07-17 20:16:45,254   GET     200       1 ms  /3/Ping
2020-07-17 20:16:55,263   GET     200       1 ms  /3/Ping
2020-07-17 20:17:05,272   GET     200       0 ms  /3/Ping
2020-07-17 20:17:15,279   GET     200       2 ms  /3/Ping
2020-07-17 20:17:25,289   GET     200       1 ms  /3/Ping
2020-07-17 20:17:35,298   GET     200       1 ms  /3/Ping
2020-07-17 20:17:45,308   GET     200       1 ms  /3/Ping
2020-07-17 20:17:53,534   POST    200      18 ms  /99/Models.bin/
2020-07-17 20:17:53,547   GET     200       7 ms  /3/Models/DRF_model_python_1591600273347_1
2020-07-17 20:17:55,314   GET     200       0 ms  /3/Ping
2020-07-17 20:17:57,510   POST    200       1 ms  /3/InitializeFrame
2020-07-17 20:17:57,584   GET     200       1 ms  /3/UploadPlan
2020-07-17 20:17:57,605   PUT     200       1 ms  /3/Chunk
2020-07-17 20:17:57,607   PUT     200       1 ms  /3/ChunkCategoricalDomains
2020-07-17 20:17:57,613   POST    200       3 ms  /3/FinalizeFrame
2020-07-17 20:17:57,647   GET     200      30 ms  /3/Frames/frame_rdd_299_88c3855fa64ff4d51ee7f566f8654147/light
2020-07-17 20:17:57,653   POST    200       1 ms  /4/Predictions/models/DRF_model_python_1591600273347_1/frames/frame_rdd_299_88c3855fa64ff4d51ee7f566f8654147
2020-07-17 20:17:57,660   GET     200       1 ms  /3/Jobs/$0301ac1d9de732d4ffffffff$_ad72aeabe6c42338e2cb2891fc6f439e
2020-07-17 20:17:57,670   GET     200       2 ms  /3/Frames/transformation_b5b3_DRF_model_python_1591600273347_1_on_frame_rdd_299_88c3855fa64ff4d51ee7f566f8654147
2020-07-17 20:17:57,674   GET     200       1 ms  /3/Frames/transformation_b5b3_DRF_model_python_1591600273347_1_on_frame_rdd_299_88c3855fa64ff4d51ee7f566f8654147/summary
2020-07-17 20:17:57,678   GET     200       1 ms  /3/FrameChunks/transformation_b5b3_DRF_model_python_1591600273347_1_on_frame_rdd_299_88c3855fa64ff4d51ee7f566f8654147
2020-07-17 20:17:57,681   GET     200       2 ms  /3/Cloud
2020-07-17 20:17:57,729   POST    200       1 ms  /3/Chunk
2020-07-17 20:18:05,322   GET     200       1 ms  /3/Ping
2020-07-17 20:18:15,335   GET     200       2 ms  /3/Ping
2020-07-17 20:18:25,343   GET     200       1 ms  /3/Ping
2020-07-17 20:18:35,353   GET     200       0 ms  /3/Ping
2020-07-17 20:18:45,360   GET     200       1 ms  /3/Ping
2020-07-17 20:18:55,370   GET     200       1 ms  /3/Ping
2020-07-17 20:19:05,380   GET     200       1 ms  /3/Ping
2020-07-17 20:19:15,390   GET     200       1 ms  /3/Ping
2020-07-17 20:19:25,403   GET     200       1 ms  /3/Ping
2020-07-17 20:19:35,413   GET     200       1 ms  /3/Ping
2020-07-17 20:19:45,421   GET     200       1 ms  /3/Ping
2020-07-17 20:19:55,426   GET     200       0 ms  /3/Ping
2020-07-17 20:20:05,431   GET     200       1 ms  /3/Ping
2020-07-17 20:20:15,440   GET     200       1 ms  /3/Ping
2020-07-17 20:20:25,449   GET     200       1 ms  /3/Ping
2020-07-17 20:20:35,458   GET     200       1 ms  /3/Ping
2020-07-17 20:20:45,468   GET     200       1 ms  /3/Ping
2020-07-17 20:20:55,478   GET     200       1 ms  /3/Ping
2020-07-17 20:21:05,486   GET     200       0 ms  /3/Ping
2020-07-17 20:21:15,495   GET     200       2 ms  /3/Ping
2020-07-17 20:21:25,508   GET     200       1 ms  /3/Ping
2020-07-17 20:21:35,527   GET     200       1 ms  /3/Ping
2020-07-17 20:21:45,537   GET     200       2 ms  /3/Ping
2020-07-17 20:21:55,546   GET     200       1 ms  /3/Ping
2020-07-17 20:22:05,560   GET     200       1 ms  /3/Ping
2020-07-17 20:22:15,569   GET     200       1 ms  /3/Ping
2020-07-17 20:22:25,582   GET     200       2 ms  /3/Ping
2020-07-17 20:22:35,593   GET     200       1 ms  /3/Ping
2020-07-17 20:22:45,605   GET     200       2 ms  /3/Ping
2020-07-17 20:22:55,619   GET     200       1 ms  /3/Ping
2020-07-17 20:23:05,628   GET     200       1 ms  /3/Ping
2020-07-17 20:23:15,659   GET     200       2 ms  /3/Ping
2020-07-17 20:23:25,670   GET     200       1 ms  /3/Ping
2020-07-17 20:23:35,679   GET     200       1 ms  /3/Ping
2020-07-17 20:23:45,695   GET     200       5 ms  /3/Ping
2020-07-17 20:23:55,706   GET     200       1 ms  /3/Ping
2020-07-17 20:24:05,722   GET     200       1 ms  /3/Ping
2020-07-17 20:24:15,733   GET     200       1 ms  /3/Ping
2020-07-17 20:24:25,745   GET     200       1 ms  /3/Ping
2020-07-17 20:24:35,754   GET     200       1 ms  /3/Ping
2020-07-17 20:24:45,759   GET     200       1 ms  /3/Ping
2020-07-17 20:24:55,764   GET     200       1 ms  /3/Ping
2020-07-17 20:25:05,775   GET     200       1 ms  /3/Ping
2020-07-17 20:25:15,792   GET     200       2 ms  /3/Ping
2020-07-17 20:25:25,801   GET     200       1 ms  /3/Ping
2020-07-17 20:25:35,809   GET     200       1 ms  /3/Ping
2020-07-17 20:25:45,817   GET     200       0 ms  /3/Ping
2020-07-17 20:25:55,829   GET     200       2 ms  /3/Ping
2020-07-17 20:26:05,836   GET     200       1 ms  /3/Ping
2020-07-17 20:26:15,845   GET     200       1 ms  /3/Ping
2020-07-17 20:26:25,862   GET     200       1 ms  /3/Ping
2020-07-17 20:26:35,871   GET     200       1 ms  /3/Ping
2020-07-17 20:26:45,881   GET     200       1 ms  /3/Ping
2020-07-17 20:26:55,891   GET     200       2 ms  /3/Ping
2020-07-17 20:27:05,899   GET     200       1 ms  /3/Ping
2020-07-17 20:27:15,907   GET     200       0 ms  /3/Ping
2020-07-17 20:27:25,917   GET     200       0 ms  /3/Ping
2020-07-17 20:27:35,925   GET     200       1 ms  /3/Ping
2020-07-17 20:27:45,938   GET     200       1 ms  /3/Ping
2020-07-17 20:27:55,948   GET     200       1 ms  /3/Ping
2020-07-17 20:28:05,960   GET     200       1 ms  /3/Ping
2020-07-17 20:28:15,973   GET     200       1 ms  /3/Ping
2020-07-17 20:28:25,985   GET     200       1 ms  /3/Ping
2020-07-17 20:28:35,995   GET     200       1 ms  /3/Ping
2020-07-17 20:28:46,001   GET     200       0 ms  /3/Ping
2020-07-17 20:28:56,020   GET     200       2 ms  /3/Ping
2020-07-17 20:29:06,035   GET     200       1 ms  /3/Ping
2020-07-17 20:29:16,046   GET     200       1 ms  /3/Ping
2020-07-17 20:29:26,064   GET     200       1 ms  /3/Ping
2020-07-17 20:29:36,072   GET     200       1 ms  /3/Ping
2020-07-17 20:29:46,081   GET     200       1 ms  /3/Ping
2020-07-17 20:29:56,093   GET     200       1 ms  /3/Ping
2020-07-17 20:30:06,103   GET     200       1 ms  /3/Ping
2020-07-17 20:30:16,112   GET     200       1 ms  /3/Ping
2020-07-17 20:30:26,131   GET     200       1 ms  /3/Ping
2020-07-17 20:30:36,142   GET     200       1 ms  /3/Ping
2020-07-17 20:30:46,151   GET     200       0 ms  /3/Ping
2020-07-17 20:30:56,154   GET     200       0 ms  /3/Ping
2020-07-17 20:31:06,163   GET     200       1 ms  /3/Ping
2020-07-17 20:31:16,174   GET     200       1 ms  /3/Ping
2020-07-17 20:31:26,181   GET     200       1 ms  /3/Ping
2020-07-17 20:31:36,189   GET     200       1 ms  /3/Ping
2020-07-17 20:31:46,200   GET     200       1 ms  /3/Ping
2020-07-17 20:31:56,209   GET     200       1 ms  /3/Ping
2020-07-17 20:32:06,216   GET     200       1 ms  /3/Ping
2020-07-17 20:32:16,222   GET     200       1 ms  /3/Ping
2020-07-17 20:32:26,227   GET     200       0 ms  /3/Ping
2020-07-17 20:32:36,233   GET     200       0 ms  /3/Ping
2020-07-17 20:32:46,246   GET     200       2 ms  /3/Ping
2020-07-17 20:32:56,256   GET     200       1 ms  /3/Ping
2020-07-17 20:33:06,260   GET     200       0 ms  /3/Ping
2020-07-17 20:33:16,278   GET     200       0 ms  /3/Ping
2020-07-17 20:33:26,298   GET     200       2 ms  /3/Ping
2020-07-17 20:33:36,312   GET     200       1 ms  /3/Ping
2020-07-17 20:33:46,321   GET     200       0 ms  /3/Ping
2020-07-17 20:33:56,474   GET     200       0 ms  /3/Ping
2020-07-17 20:34:06,479   GET     200       0 ms  /3/Ping
2020-07-17 20:34:16,485   GET     200       0 ms  /3/Ping
2020-07-17 20:34:26,495   GET     200       1 ms  /3/Ping
2020-07-17 20:34:36,503   GET     200       1 ms  /3/Ping
2020-07-17 20:34:46,514   GET     200       0 ms  /3/Ping
2020-07-17 20:34:56,522   GET     200       1 ms  /3/Ping
2020-07-17 20:35:06,526   GET     200       0 ms  /3/Ping
2020-07-17 20:35:16,531   GET     200       1 ms  /3/Ping
2020-07-17 20:35:26,538   GET     200       0 ms  /3/Ping
2020-07-17 20:35:36,544   GET     200       0 ms  /3/Ping
2020-07-17 20:35:46,550   GET     200       0 ms  /3/Ping
2020-07-17 20:35:56,567   GET     200       1 ms  /3/Ping
2020-07-17 20:36:06,601   GET     200       1 ms  /3/Ping
2020-07-17 20:36:16,648   GET     200       1 ms  /3/Ping
2020-07-17 20:36:26,656   GET     200       1 ms  /3/Ping
2020-07-17 20:36:36,672   GET     200       0 ms  /3/Ping
2020-07-17 20:36:46,679   GET     200       1 ms  /3/Ping
2020-07-17 20:36:56,686   GET     200       1 ms  /3/Ping
2020-07-17 20:37:06,696   GET     200       3 ms  /3/Ping
2020-07-17 20:37:16,727   GET     200       1 ms  /3/Ping
2020-07-17 20:37:26,735   GET     200       1 ms  /3/Ping
2020-07-17 20:37:36,758   GET     200       1 ms  /3/Ping
2020-07-17 20:37:46,768   GET     200       1 ms  /3/Ping
2020-07-17 20:37:56,777   GET     200       1 ms  /3/Ping
2020-07-17 20:38:06,784   GET     200       1 ms  /3/Ping
2020-07-17 20:38:16,797   GET     200       1 ms  /3/Ping
2020-07-17 20:38:26,803   GET     200       1 ms  /3/Ping
2020-07-17 20:38:36,810   GET     200       1 ms  /3/Ping
2020-07-17 20:38:46,813   GET     200       0 ms  /3/Ping
2020-07-17 20:38:56,818   GET     200       1 ms  /3/Ping
2020-07-17 20:39:06,829   GET     200       1 ms  /3/Ping
2020-07-17 20:39:16,849   GET     200       1 ms  /3/Ping
2020-07-17 20:39:26,854   GET     200       1 ms  /3/Ping
2020-07-17 20:39:36,861   GET     200       1 ms  /3/Ping
2020-07-17 20:39:46,865   GET     200       0 ms  /3/Ping
2020-07-17 20:39:56,882   GET     200       1 ms  /3/Ping
2020-07-17 20:40:06,890   GET     200       1 ms  /3/Ping
2020-07-17 20:40:16,908   GET     200       1 ms  /3/Ping
2020-07-17 20:40:26,913   GET     200       0 ms  /3/Ping
2020-07-17 20:40:36,925   GET     200       1 ms  /3/Ping
2020-07-17 20:40:46,932   GET     200       1 ms  /3/Ping
2020-07-17 20:40:56,942   GET     200       0 ms  /3/Ping
2020-07-17 20:41:06,946   GET     200       1 ms  /3/Ping
2020-07-17 20:41:16,952   GET     200       1 ms  /3/Ping
2020-07-17 20:41:26,958   GET     200       0 ms  /3/Ping
2020-07-17 20:41:36,961   GET     200       1 ms  /3/Ping
2020-07-17 20:41:46,964   GET     200       0 ms  /3/Ping
2020-07-17 20:41:56,970   GET     200       1 ms  /3/Ping
2020-07-17 20:42:06,976   GET     200       1 ms  /3/Ping
2020-07-17 20:42:16,983   GET     200       0 ms  /3/Ping
2020-07-17 20:42:26,991   GET     200       1 ms  /3/Ping
2020-07-17 20:42:37,000   GET     200       1 ms  /3/Ping
2020-07-17 20:42:47,007   GET     200       1 ms  /3/Ping
2020-07-17 20:42:57,013   GET     200       1 ms  /3/Ping
2020-07-17 20:43:07,022   GET     200       0 ms  /3/Ping
2020-07-17 20:43:17,027   GET     200       0 ms  /3/Ping
2020-07-17 20:43:27,037   GET     200       1 ms  /3/Ping
2020-07-17 20:43:37,047   GET     200       2 ms  /3/Ping
2020-07-17 20:43:47,054   GET     200       1 ms  /3/Ping
2020-07-17 20:43:57,061   GET     200       1 ms  /3/Ping
2020-07-17 20:44:07,069   GET     200       1 ms  /3/Ping
2020-07-17 20:44:17,080   GET     200       1 ms  /3/Ping
2020-07-17 20:44:27,088   GET     200       1 ms  /3/Ping
2020-07-17 20:44:37,097   GET     200       1 ms  /3/Ping
2020-07-17 20:44:47,103   GET     200       1 ms  /3/Ping
2020-07-17 20:44:57,112   GET     200       1 ms  /3/Ping
2020-07-17 20:45:07,124   GET     200       1 ms  /3/Ping
2020-07-17 20:45:17,131   GET     200       1 ms  /3/Ping
2020-07-17 20:45:27,140   GET     200       1 ms  /3/Ping
2020-07-17 20:45:37,147   GET     200       1 ms  /3/Ping
2020-07-17 20:45:47,154   GET     200       1 ms  /3/Ping
2020-07-17 20:45:57,161   GET     200       1 ms  /3/Ping
2020-07-17 20:46:07,170   GET     200       1 ms  /3/Ping
2020-07-17 20:46:17,178   GET     200       1 ms  /3/Ping
2020-07-17 20:46:27,187   GET     200       0 ms  /3/Ping
2020-07-17 20:46:37,193   GET     200       1 ms  /3/Ping
2020-07-17 20:46:47,199   GET     200       1 ms  /3/Ping
