2020-07-20 23:23:12,050   POST    200      87 ms  /3/CloudLock
2020-07-20 23:23:12,162   GET     200      62 ms  /3/Cloud
2020-07-20 23:23:12,175   GET     200       1 ms  /3/Cloud
2020-07-20 23:23:12,185   GET     200       1 ms  /3/Cloud
2020-07-20 23:23:12,190   GET     200       1 ms  /3/Cloud
2020-07-20 23:23:12,428   POST    200     235 ms  /99/Rapids
2020-07-20 23:23:12,434   GET     200       1 ms  /3/Cloud
2020-07-20 23:23:12,474   GET     200       2 ms  /3/Cloud
2020-07-20 23:23:12,501   GET     200       2 ms  /3/Cloud
2020-07-20 23:23:12,532   GET     200      17 ms  /3/Ping
2020-07-20 23:23:12,542   GET     200       1 ms  /3/Ping
2020-07-20 23:23:12,652   GET     200       1 ms  /3/Cloud
2020-07-20 23:23:12,669   GET     200      11 ms  /3/Capabilities/API
2020-07-20 23:23:19,346   POST    200     635 ms  /99/Models.bin/
2020-07-20 23:23:19,368   GET     200      14 ms  /3/Models/DRF_model_python_1591600273347_1
2020-07-20 23:23:22,553   GET     200       3 ms  /3/Ping
2020-07-20 23:23:32,562   GET     200       1 ms  /3/Ping
2020-07-20 23:23:42,571   GET     200       1 ms  /3/Ping
2020-07-20 23:23:52,579   GET     200       1 ms  /3/Ping
2020-07-20 23:23:58,609   POST    200     251 ms  /3/InitializeFrame
2020-07-20 23:23:58,773   GET     200      47 ms  /3/UploadPlan
2020-07-20 23:23:59,244   PUT     200     182 ms  /3/Chunk
2020-07-20 23:23:59,275   PUT     200      27 ms  /3/ChunkCategoricalDomains
2020-07-20 23:23:59,427   POST    200     103 ms  /3/FinalizeFrame
2020-07-20 23:23:59,500   GET     200      68 ms  /3/Frames/frame_rdd_146_99b235df5b41a09e7a4cc4e4caca4c82/light
2020-07-20 23:23:59,630   POST    200     124 ms  /4/Predictions/models/DRF_model_python_1591600273347_1/frames/frame_rdd_146_99b235df5b41a09e7a4cc4e4caca4c82
2020-07-20 23:23:59,641   GET     200       4 ms  /3/Jobs/$0301ac1f075a36d4ffffffff$_9bdb0d54c9f72c595bea2c4b289d41f4
2020-07-20 23:23:59,848   GET     200       1 ms  /3/Jobs/$0301ac1f075a36d4ffffffff$_9bdb0d54c9f72c595bea2c4b289d41f4
2020-07-20 23:23:59,865   GET     200      12 ms  /3/Frames/transformation_817f_DRF_model_python_1591600273347_1_on_frame_rdd_146_99b235df5b41a09e7a4cc4e4caca4c82
2020-07-20 23:23:59,872   GET     200       3 ms  /3/Frames/transformation_817f_DRF_model_python_1591600273347_1_on_frame_rdd_146_99b235df5b41a09e7a4cc4e4caca4c82/summary
2020-07-20 23:23:59,904   GET     200      11 ms  /3/FrameChunks/transformation_817f_DRF_model_python_1591600273347_1_on_frame_rdd_146_99b235df5b41a09e7a4cc4e4caca4c82
2020-07-20 23:23:59,907   GET     200       1 ms  /3/Cloud
2020-07-20 23:24:00,536   POST    200       9 ms  /3/Chunk
2020-07-20 23:24:02,589   GET     200       0 ms  /3/Ping
2020-07-20 23:24:12,601   GET     200       1 ms  /3/Ping
2020-07-20 23:24:22,614   GET     200       1 ms  /3/Ping
2020-07-20 23:24:32,625   GET     200       1 ms  /3/Ping
2020-07-20 23:24:42,646   GET     200       1 ms  /3/Ping
2020-07-20 23:24:52,652   GET     200       0 ms  /3/Ping
2020-07-20 23:25:02,659   GET     200       2 ms  /3/Ping
2020-07-20 23:25:12,669   GET     200       1 ms  /3/Ping
2020-07-20 23:25:22,679   GET     200       1 ms  /3/Ping
2020-07-20 23:25:32,686   GET     200       3 ms  /3/Ping
2020-07-20 23:25:42,697   GET     200       2 ms  /3/Ping
2020-07-20 23:25:52,707   GET     200       1 ms  /3/Ping
2020-07-20 23:26:02,717   GET     200       1 ms  /3/Ping
2020-07-20 23:26:12,728   GET     200       1 ms  /3/Ping
2020-07-20 23:26:22,738   GET     200       1 ms  /3/Ping
2020-07-20 23:26:32,747   GET     200       1 ms  /3/Ping
2020-07-20 23:26:42,756   GET     200       1 ms  /3/Ping
2020-07-20 23:26:52,767   GET     200       1 ms  /3/Ping
2020-07-20 23:27:02,774   GET     200       1 ms  /3/Ping
2020-07-20 23:27:12,781   GET     200       1 ms  /3/Ping
2020-07-20 23:27:22,790   GET     200       1 ms  /3/Ping
2020-07-20 23:27:32,801   GET     200       0 ms  /3/Ping
2020-07-20 23:27:42,809   GET     200       1 ms  /3/Ping
2020-07-20 23:27:52,818   GET     200       1 ms  /3/Ping
2020-07-20 23:28:02,824   GET     200       1 ms  /3/Ping
2020-07-20 23:28:12,833   GET     200       0 ms  /3/Ping
2020-07-20 23:28:22,842   GET     200       1 ms  /3/Ping
2020-07-20 23:28:32,848   GET     200       0 ms  /3/Ping
2020-07-20 23:28:42,851   GET     200       1 ms  /3/Ping
2020-07-20 23:28:52,871   GET     200       2 ms  /3/Ping
2020-07-20 23:29:02,876   GET     200       0 ms  /3/Ping
2020-07-20 23:29:12,881   GET     200       1 ms  /3/Ping
2020-07-20 23:29:22,889   GET     200       1 ms  /3/Ping
2020-07-20 23:29:32,900   GET     200       1 ms  /3/Ping
2020-07-20 23:29:42,908   GET     200       1 ms  /3/Ping
2020-07-20 23:29:52,916   GET     200       1 ms  /3/Ping
2020-07-20 23:30:02,925   GET     200       1 ms  /3/Ping
2020-07-20 23:30:12,932   GET     200       1 ms  /3/Ping
2020-07-20 23:30:22,942   GET     200       1 ms  /3/Ping
2020-07-20 23:30:32,951   GET     200       1 ms  /3/Ping
2020-07-20 23:30:42,961   GET     200       1 ms  /3/Ping
2020-07-20 23:30:52,965   GET     200       0 ms  /3/Ping
2020-07-20 23:31:02,972   GET     200       1 ms  /3/Ping
2020-07-20 23:31:12,980   GET     200       1 ms  /3/Ping
2020-07-20 23:31:22,989   GET     200       1 ms  /3/Ping
2020-07-20 23:31:32,996   GET     200       1 ms  /3/Ping
2020-07-20 23:31:43,005   GET     200       1 ms  /3/Ping
2020-07-20 23:31:53,015   GET     200       1 ms  /3/Ping
2020-07-20 23:32:03,022   GET     200       1 ms  /3/Ping
2020-07-20 23:32:13,032   GET     200       1 ms  /3/Ping
2020-07-20 23:32:23,040   GET     200       1 ms  /3/Ping
2020-07-20 23:32:33,046   GET     200       1 ms  /3/Ping
2020-07-20 23:32:43,056   GET     200       1 ms  /3/Ping
2020-07-20 23:32:53,065   GET     200       1 ms  /3/Ping
2020-07-20 23:33:03,073   GET     200       1 ms  /3/Ping
2020-07-20 23:33:13,081   GET     200       1 ms  /3/Ping
2020-07-20 23:33:23,092   GET     200       1 ms  /3/Ping
2020-07-20 23:33:33,100   GET     200       1 ms  /3/Ping
2020-07-20 23:33:43,108   GET     200       1 ms  /3/Ping
2020-07-20 23:33:53,118   GET     200       1 ms  /3/Ping
2020-07-20 23:34:03,129   GET     200       1 ms  /3/Ping
2020-07-20 23:34:13,138   GET     200       1 ms  /3/Ping
2020-07-20 23:34:23,148   GET     200       1 ms  /3/Ping
2020-07-20 23:34:27,248   POST    200      76 ms  /4/sessions
2020-07-20 23:34:27,276   DELETE  200       9 ms  /4/sessions/_sid_a512
