2020-07-17 23:26:54,550   POST    200      65 ms  /3/CloudLock
2020-07-17 23:26:54,628   GET     200      42 ms  /3/Cloud
2020-07-17 23:26:54,645   GET     200       3 ms  /3/Cloud
2020-07-17 23:26:54,652   GET     200       2 ms  /3/Cloud
2020-07-17 23:26:54,657   GET     200       1 ms  /3/Cloud
2020-07-17 23:26:54,839   POST    200     178 ms  /99/Rapids
2020-07-17 23:26:54,843   GET     200       1 ms  /3/Cloud
2020-07-17 23:26:54,874   GET     200       2 ms  /3/Cloud
2020-07-17 23:26:54,894   GET     200       1 ms  /3/Cloud
2020-07-17 23:26:54,914   GET     200      13 ms  /3/Ping
2020-07-17 23:26:54,924   GET     200       0 ms  /3/Ping
2020-07-17 23:26:54,953   GET     200       1 ms  /3/Cloud
2020-07-17 23:26:54,972   GET     200      12 ms  /3/Capabilities/API
2020-07-17 23:27:04,933   GET     200       1 ms  /3/Ping
2020-07-17 23:27:14,944   GET     200       2 ms  /3/Ping
2020-07-17 23:27:24,959   GET     200       2 ms  /3/Ping
2020-07-17 23:27:34,968   GET     200       2 ms  /3/Ping
2020-07-17 23:27:44,977   GET     200       2 ms  /3/Ping
2020-07-17 23:27:54,988   GET     200       1 ms  /3/Ping
2020-07-17 23:28:04,998   GET     200       2 ms  /3/Ping
2020-07-17 23:28:14,792   POST    200     372 ms  /99/Models.bin/
2020-07-17 23:28:14,817   GET     200      19 ms  /3/Models/DRF_model_python_1591600273347_1
2020-07-17 23:28:15,009   GET     200       0 ms  /3/Ping
2020-07-17 23:28:25,035   GET     200      23 ms  /3/Ping
2020-07-17 23:28:26,845   POST    200      30 ms  /3/InitializeFrame
2020-07-17 23:28:26,977   GET     200      15 ms  /3/UploadPlan
2020-07-17 23:28:27,141   PUT     200      56 ms  /3/Chunk
2020-07-17 23:28:27,151   PUT     200       5 ms  /3/ChunkCategoricalDomains
2020-07-17 23:28:27,186   POST    200      29 ms  /3/FinalizeFrame
2020-07-17 23:28:27,282   GET     200      92 ms  /3/Frames/frame_rdd_146_bcd63eb692d7c5e9e77439ffb4dd4a3b/light
2020-07-17 23:28:27,316   POST    200      30 ms  /4/Predictions/models/DRF_model_python_1591600273347_1/frames/frame_rdd_146_bcd63eb692d7c5e9e77439ffb4dd4a3b
2020-07-17 23:28:27,326   GET     200       6 ms  /3/Jobs/$0301ac1f075a32d4ffffffff$_83aead2b1a7d68c3967687041a3247af
2020-07-17 23:28:27,538   GET     200       1 ms  /3/Jobs/$0301ac1f075a32d4ffffffff$_83aead2b1a7d68c3967687041a3247af
2020-07-17 23:28:27,565   GET     200      21 ms  /3/Frames/transformation_a1f7_DRF_model_python_1591600273347_1_on_frame_rdd_146_bcd63eb692d7c5e9e77439ffb4dd4a3b
2020-07-17 23:28:27,572   GET     200       2 ms  /3/Frames/transformation_a1f7_DRF_model_python_1591600273347_1_on_frame_rdd_146_bcd63eb692d7c5e9e77439ffb4dd4a3b/summary
2020-07-17 23:28:27,589   GET     200       8 ms  /3/FrameChunks/transformation_a1f7_DRF_model_python_1591600273347_1_on_frame_rdd_146_bcd63eb692d7c5e9e77439ffb4dd4a3b
2020-07-17 23:28:27,592   GET     200       1 ms  /3/Cloud
2020-07-17 23:28:27,803   POST    200       7 ms  /3/Chunk
2020-07-17 23:28:35,057   GET     200       2 ms  /3/Ping
2020-07-17 23:28:39,651   POST    200      19 ms  /99/Models.bin/
2020-07-17 23:28:39,666   GET     200       5 ms  /3/Models/DRF_model_python_1591600273347_1
2020-07-17 23:28:45,069   GET     200       2 ms  /3/Ping
2020-07-17 23:28:55,081   GET     200       1 ms  /3/Ping
2020-07-17 23:28:55,595   POST    200      17 ms  /99/Models.bin/
2020-07-17 23:28:55,609   GET     200       6 ms  /3/Models/DRF_model_python_1591600273347_1
2020-07-17 23:28:59,405   POST    200       2 ms  /3/InitializeFrame
2020-07-17 23:28:59,479   GET     200       1 ms  /3/UploadPlan
2020-07-17 23:28:59,537   PUT     200       1 ms  /3/Chunk
2020-07-17 23:28:59,539   PUT     200       0 ms  /3/ChunkCategoricalDomains
2020-07-17 23:28:59,544   POST    200       3 ms  /3/FinalizeFrame
2020-07-17 23:28:59,572   GET     200      24 ms  /3/Frames/frame_rdd_299_92f88b58f0bcf9dd11d9aa6fc5d04060/light
2020-07-17 23:28:59,578   POST    200       1 ms  /4/Predictions/models/DRF_model_python_1591600273347_1/frames/frame_rdd_299_92f88b58f0bcf9dd11d9aa6fc5d04060
2020-07-17 23:28:59,583   GET     200       0 ms  /3/Jobs/$0301ac1f075a32d4ffffffff$_b92000fb101f4e566f9ad57937204802
2020-07-17 23:28:59,591   GET     200       3 ms  /3/Frames/transformation_9c8b_DRF_model_python_1591600273347_1_on_frame_rdd_299_92f88b58f0bcf9dd11d9aa6fc5d04060
2020-07-17 23:28:59,596   GET     200       2 ms  /3/Frames/transformation_9c8b_DRF_model_python_1591600273347_1_on_frame_rdd_299_92f88b58f0bcf9dd11d9aa6fc5d04060/summary
2020-07-17 23:28:59,601   GET     200       0 ms  /3/FrameChunks/transformation_9c8b_DRF_model_python_1591600273347_1_on_frame_rdd_299_92f88b58f0bcf9dd11d9aa6fc5d04060
2020-07-17 23:28:59,603   GET     200       1 ms  /3/Cloud
2020-07-17 23:28:59,646   POST    200       0 ms  /3/Chunk
2020-07-17 23:29:05,091   GET     200       1 ms  /3/Ping
2020-07-17 23:29:15,098   GET     200       2 ms  /3/Ping
2020-07-17 23:29:25,106   GET     200       1 ms  /3/Ping
2020-07-17 23:29:35,112   GET     200       1 ms  /3/Ping
2020-07-17 23:29:45,121   GET     200       1 ms  /3/Ping
2020-07-17 23:29:55,129   GET     200       1 ms  /3/Ping
2020-07-17 23:30:05,136   GET     200       1 ms  /3/Ping
2020-07-17 23:30:15,148   GET     200       1 ms  /3/Ping
2020-07-17 23:30:25,156   GET     200       1 ms  /3/Ping
2020-07-17 23:30:35,167   GET     200       1 ms  /3/Ping
2020-07-17 23:30:45,173   GET     200       1 ms  /3/Ping
2020-07-17 23:30:55,177   GET     200       1 ms  /3/Ping
2020-07-17 23:31:05,180   GET     200       0 ms  /3/Ping
2020-07-17 23:31:15,188   GET     200       1 ms  /3/Ping
2020-07-17 23:31:25,197   GET     200       0 ms  /3/Ping
2020-07-17 23:31:35,205   GET     200       1 ms  /3/Ping
2020-07-17 23:31:45,214   GET     200       1 ms  /3/Ping
2020-07-17 23:31:55,226   GET     200       1 ms  /3/Ping
2020-07-17 23:32:05,232   GET     200       0 ms  /3/Ping
2020-07-17 23:32:15,238   GET     200       1 ms  /3/Ping
2020-07-17 23:32:25,247   GET     200       2 ms  /3/Ping
2020-07-17 23:32:35,256   GET     200       1 ms  /3/Ping
2020-07-17 23:32:45,264   GET     200       2 ms  /3/Ping
2020-07-17 23:32:55,270   GET     200       1 ms  /3/Ping
2020-07-17 23:33:05,273   GET     200       1 ms  /3/Ping
2020-07-17 23:33:15,280   GET     200       1 ms  /3/Ping
2020-07-17 23:33:25,291   GET     200       0 ms  /3/Ping
2020-07-17 23:33:35,302   GET     200       1 ms  /3/Ping
2020-07-17 23:33:45,309   GET     200       1 ms  /3/Ping
2020-07-17 23:33:55,316   GET     200       0 ms  /3/Ping
2020-07-17 23:34:05,321   GET     200       1 ms  /3/Ping
2020-07-17 23:34:15,334   GET     200       1 ms  /3/Ping
2020-07-17 23:34:25,348   GET     200       1 ms  /3/Ping
2020-07-17 23:34:35,358   GET     200       1 ms  /3/Ping
2020-07-17 23:34:46,165   GET     200       1 ms  /3/Ping
2020-07-17 23:34:56,171   GET     200       1 ms  /3/Ping
2020-07-17 23:35:06,181   GET     200       1 ms  /3/Ping
2020-07-17 23:35:16,191   GET     200       1 ms  /3/Ping
2020-07-17 23:35:26,200   GET     200       1 ms  /3/Ping
2020-07-17 23:35:30,189   POST    200      14 ms  /99/Models.bin/
2020-07-17 23:35:30,208   GET     200       6 ms  /3/Models/DRF_model_python_1591600273347_1
2020-07-17 23:35:33,619   POST    200       2 ms  /3/InitializeFrame
2020-07-17 23:35:33,691   GET     200       1 ms  /3/UploadPlan
2020-07-17 23:35:33,711   PUT     200       1 ms  /3/Chunk
2020-07-17 23:35:33,713   PUT     200       0 ms  /3/ChunkCategoricalDomains
2020-07-17 23:35:33,719   POST    200       3 ms  /3/FinalizeFrame
2020-07-17 23:35:33,752   GET     200      30 ms  /3/Frames/frame_rdd_452_9705f9dedba99718882d0c9f305745f9/light
2020-07-17 23:35:33,757   POST    200       1 ms  /4/Predictions/models/DRF_model_python_1591600273347_1/frames/frame_rdd_452_9705f9dedba99718882d0c9f305745f9
2020-07-17 23:35:33,768   GET     200       6 ms  /3/Jobs/$0301ac1f075a32d4ffffffff$_adc0a8d64d05279daafe7ab80945493c
2020-07-17 23:35:33,981   GET     200       1 ms  /3/Jobs/$0301ac1f075a32d4ffffffff$_adc0a8d64d05279daafe7ab80945493c
2020-07-17 23:35:34,013   GET     200       9 ms  /3/Frames/transformation_8ecd_DRF_model_python_1591600273347_1_on_frame_rdd_452_9705f9dedba99718882d0c9f305745f9
2020-07-17 23:35:34,032   GET     200       7 ms  /3/Frames/transformation_8ecd_DRF_model_python_1591600273347_1_on_frame_rdd_452_9705f9dedba99718882d0c9f305745f9/summary
2020-07-17 23:35:34,047   GET     200       1 ms  /3/FrameChunks/transformation_8ecd_DRF_model_python_1591600273347_1_on_frame_rdd_452_9705f9dedba99718882d0c9f305745f9
2020-07-17 23:35:34,051   GET     200       2 ms  /3/Cloud
2020-07-17 23:35:34,117   POST    200       0 ms  /3/Chunk
2020-07-17 23:35:36,206   GET     200       0 ms  /3/Ping
2020-07-17 23:35:46,212   GET     200       0 ms  /3/Ping
2020-07-17 23:35:56,222   GET     200       0 ms  /3/Ping
2020-07-17 23:35:59,009   POST    200      11 ms  /99/Models.bin/
2020-07-17 23:35:59,018   GET     200       5 ms  /3/Models/DRF_model_python_1591600273347_1
2020-07-17 23:36:02,289   POST    200       1 ms  /3/InitializeFrame
2020-07-17 23:36:02,360   GET     200       1 ms  /3/UploadPlan
2020-07-17 23:36:02,437   PUT     200       4 ms  /3/Chunk
2020-07-17 23:36:02,440   PUT     200       1 ms  /3/ChunkCategoricalDomains
2020-07-17 23:36:02,454   POST    200       6 ms  /3/FinalizeFrame
2020-07-17 23:36:02,497   GET     200      33 ms  /3/Frames/frame_rdd_605_a0a41c2c57640d6ebe6e78928d464131/light
2020-07-17 23:36:02,503   POST    200       1 ms  /4/Predictions/models/DRF_model_python_1591600273347_1/frames/frame_rdd_605_a0a41c2c57640d6ebe6e78928d464131
2020-07-17 23:36:02,511   GET     200       4 ms  /3/Jobs/$0301ac1f075a32d4ffffffff$_8ca167d9e1d9b777623e4c3e04cf4bb3
2020-07-17 23:36:02,728   GET     200       3 ms  /3/Jobs/$0301ac1f075a32d4ffffffff$_8ca167d9e1d9b777623e4c3e04cf4bb3
2020-07-17 23:36:02,765   GET     200       9 ms  /3/Frames/transformation_9060_DRF_model_python_1591600273347_1_on_frame_rdd_605_a0a41c2c57640d6ebe6e78928d464131
2020-07-17 23:36:02,780   GET     200       6 ms  /3/Frames/transformation_9060_DRF_model_python_1591600273347_1_on_frame_rdd_605_a0a41c2c57640d6ebe6e78928d464131/summary
2020-07-17 23:36:02,795   GET     200       2 ms  /3/FrameChunks/transformation_9060_DRF_model_python_1591600273347_1_on_frame_rdd_605_a0a41c2c57640d6ebe6e78928d464131
2020-07-17 23:36:02,807   GET     200       4 ms  /3/Cloud
2020-07-17 23:36:02,898   POST    200       0 ms  /3/Chunk
2020-07-17 23:36:06,226   GET     200       0 ms  /3/Ping
2020-07-17 23:36:16,231   GET     200       1 ms  /3/Ping
2020-07-17 23:36:26,239   GET     200       1 ms  /3/Ping
2020-07-17 23:36:36,248   GET     200       0 ms  /3/Ping
2020-07-17 23:36:46,254   GET     200       1 ms  /3/Ping
2020-07-17 23:36:56,264   GET     200       1 ms  /3/Ping
2020-07-17 23:37:06,273   GET     200       1 ms  /3/Ping
2020-07-17 23:37:16,281   GET     200       1 ms  /3/Ping
2020-07-17 23:37:26,290   GET     200       1 ms  /3/Ping
2020-07-17 23:37:36,296   GET     200       0 ms  /3/Ping
2020-07-17 23:37:46,305   GET     200       1 ms  /3/Ping
2020-07-17 23:37:56,312   GET     200       1 ms  /3/Ping
2020-07-17 23:38:06,323   GET     200       2 ms  /3/Ping
2020-07-17 23:38:16,332   GET     200       1 ms  /3/Ping
2020-07-17 23:38:26,338   GET     200       0 ms  /3/Ping
2020-07-17 23:38:36,347   GET     200       1 ms  /3/Ping
2020-07-17 23:38:46,354   GET     200       1 ms  /3/Ping
2020-07-17 23:38:56,363   GET     200       1 ms  /3/Ping
2020-07-17 23:39:06,371   GET     200       1 ms  /3/Ping
2020-07-17 23:39:16,378   GET     200       0 ms  /3/Ping
2020-07-17 23:39:26,386   GET     200       0 ms  /3/Ping
2020-07-17 23:39:36,395   GET     200       1 ms  /3/Ping
2020-07-17 23:39:46,404   GET     200       2 ms  /3/Ping
2020-07-17 23:39:56,411   GET     200       1 ms  /3/Ping
2020-07-17 23:40:06,420   GET     200       1 ms  /3/Ping
2020-07-17 23:40:16,427   GET     200       1 ms  /3/Ping
2020-07-17 23:40:26,434   GET     200       1 ms  /3/Ping
2020-07-17 23:40:36,441   GET     200       1 ms  /3/Ping
2020-07-17 23:40:46,448   GET     200       1 ms  /3/Ping
2020-07-17 23:40:56,456   GET     200       1 ms  /3/Ping
2020-07-17 23:41:06,462   GET     200       1 ms  /3/Ping
2020-07-17 23:41:16,469   GET     200       1 ms  /3/Ping
2020-07-17 23:41:26,475   GET     200       1 ms  /3/Ping
2020-07-17 23:41:36,486   GET     200       1 ms  /3/Ping
2020-07-17 23:41:46,496   GET     200       1 ms  /3/Ping
2020-07-17 23:41:56,503   GET     200       1 ms  /3/Ping
2020-07-17 23:42:06,507   GET     200       0 ms  /3/Ping
2020-07-17 23:42:16,512   GET     200       1 ms  /3/Ping
2020-07-17 23:42:26,521   GET     200       1 ms  /3/Ping
2020-07-17 23:42:36,528   GET     200       2 ms  /3/Ping
2020-07-17 23:42:46,535   GET     200       1 ms  /3/Ping
2020-07-17 23:42:56,545   GET     200       1 ms  /3/Ping
2020-07-17 23:43:06,553   GET     200       1 ms  /3/Ping
2020-07-17 23:43:16,562   GET     200       0 ms  /3/Ping
2020-07-17 23:43:26,569   GET     200       1 ms  /3/Ping
2020-07-17 23:43:36,575   GET     200       1 ms  /3/Ping
2020-07-17 23:43:46,582   GET     200       1 ms  /3/Ping
2020-07-17 23:43:56,588   GET     200       1 ms  /3/Ping
2020-07-17 23:44:06,597   GET     200       1 ms  /3/Ping
2020-07-17 23:44:16,603   GET     200       0 ms  /3/Ping
2020-07-17 23:44:26,613   GET     200       1 ms  /3/Ping
2020-07-17 23:44:36,622   GET     200       1 ms  /3/Ping
2020-07-17 23:44:46,628   GET     200       0 ms  /3/Ping
2020-07-17 23:44:56,049   POST    200      10 ms  /99/Models.bin/
2020-07-17 23:44:56,060   GET     200       5 ms  /3/Models/DRF_model_python_1591600273347_1
2020-07-17 23:44:56,637   GET     200       1 ms  /3/Ping
2020-07-17 23:45:06,647   GET     200       1 ms  /3/Ping
2020-07-17 23:45:16,653   GET     200       0 ms  /3/Ping
2020-07-17 23:45:26,662   GET     200       1 ms  /3/Ping
2020-07-17 23:45:36,668   GET     200       1 ms  /3/Ping
2020-07-17 23:45:43,859   POST    200      10 ms  /99/Models.bin/
2020-07-17 23:45:43,882   GET     200       3 ms  /3/Models/DRF_model_python_1591600273347_1
2020-07-17 23:45:46,677   GET     200       1 ms  /3/Ping
2020-07-17 23:45:56,683   GET     200       1 ms  /3/Ping
2020-07-17 23:46:03,829   POST    200      10 ms  /99/Models.bin/
2020-07-17 23:46:03,840   GET     200       4 ms  /3/Models/DRF_model_python_1591600273347_1
2020-07-17 23:46:06,688   GET     200       0 ms  /3/Ping
2020-07-17 23:46:07,280   POST    200       1 ms  /3/InitializeFrame
2020-07-17 23:46:07,346   GET     200       1 ms  /3/UploadPlan
2020-07-17 23:46:07,362   PUT     200       1 ms  /3/Chunk
2020-07-17 23:46:07,363   PUT     200       0 ms  /3/ChunkCategoricalDomains
2020-07-17 23:46:07,367   POST    200       2 ms  /3/FinalizeFrame
2020-07-17 23:46:07,375   GET     200       5 ms  /3/Frames/frame_rdd_772_853314309cb5196f25878daf76da4159/light
2020-07-17 23:46:07,379   POST    200       0 ms  /4/Predictions/models/DRF_model_python_1591600273347_1/frames/frame_rdd_772_853314309cb5196f25878daf76da4159
2020-07-17 23:46:07,388   GET     200       4 ms  /3/Jobs/$0301ac1f075a32d4ffffffff$_b20bb2fec20d16c29156d7053db34928
2020-07-17 23:46:07,602   GET     200       1 ms  /3/Jobs/$0301ac1f075a32d4ffffffff$_b20bb2fec20d16c29156d7053db34928
2020-07-17 23:46:07,630   GET     200       6 ms  /3/Frames/transformation_8c2d_DRF_model_python_1591600273347_1_on_frame_rdd_772_853314309cb5196f25878daf76da4159
2020-07-17 23:46:07,646   GET     200       5 ms  /3/Frames/transformation_8c2d_DRF_model_python_1591600273347_1_on_frame_rdd_772_853314309cb5196f25878daf76da4159/summary
2020-07-17 23:46:07,657   GET     200       1 ms  /3/FrameChunks/transformation_8c2d_DRF_model_python_1591600273347_1_on_frame_rdd_772_853314309cb5196f25878daf76da4159
2020-07-17 23:46:07,664   GET     200       3 ms  /3/Cloud
2020-07-17 23:46:07,804   POST    200       1 ms  /3/Chunk
2020-07-17 23:46:16,694   GET     200       0 ms  /3/Ping
2020-07-17 23:46:26,699   GET     200       1 ms  /3/Ping
2020-07-17 23:46:36,707   GET     200       1 ms  /3/Ping
2020-07-17 23:46:46,714   GET     200       0 ms  /3/Ping
2020-07-17 23:46:56,721   GET     200       1 ms  /3/Ping
2020-07-17 23:47:06,729   GET     200       0 ms  /3/Ping
2020-07-17 23:47:16,737   GET     200       1 ms  /3/Ping
2020-07-17 23:47:26,747   GET     200       1 ms  /3/Ping
2020-07-17 23:47:36,755   GET     200       0 ms  /3/Ping
2020-07-17 23:47:46,761   GET     200       0 ms  /3/Ping
2020-07-17 23:47:56,769   GET     200       2 ms  /3/Ping
2020-07-17 23:48:04,411   POST    200       8 ms  /99/Models.bin/
2020-07-17 23:48:04,423   GET     200       4 ms  /3/Models/DRF_model_python_1591600273347_1
2020-07-17 23:48:06,773   GET     200       0 ms  /3/Ping
2020-07-17 23:48:07,371   POST    200       2 ms  /3/InitializeFrame
2020-07-17 23:48:07,435   GET     200       1 ms  /3/UploadPlan
2020-07-17 23:48:07,490   PUT     200       1 ms  /3/Chunk
2020-07-17 23:48:07,491   PUT     200       0 ms  /3/ChunkCategoricalDomains
2020-07-17 23:48:07,498   POST    200       4 ms  /3/FinalizeFrame
2020-07-17 23:48:07,517   GET     200      12 ms  /3/Frames/frame_rdd_925_95a40e28dd69407496940f4b72649e0/light
2020-07-17 23:48:07,529   POST    200       2 ms  /4/Predictions/models/DRF_model_python_1591600273347_1/frames/frame_rdd_925_95a40e28dd69407496940f4b72649e0
2020-07-17 23:48:07,540   GET     200       1 ms  /3/Jobs/$0301ac1f075a32d4ffffffff$_bdb29154b8635af1f8d1081184f241de
2020-07-17 23:48:07,558   GET     200       3 ms  /3/Frames/transformation_9149_DRF_model_python_1591600273347_1_on_frame_rdd_925_95a40e28dd69407496940f4b72649e0
2020-07-17 23:48:07,566   GET     200       3 ms  /3/Frames/transformation_9149_DRF_model_python_1591600273347_1_on_frame_rdd_925_95a40e28dd69407496940f4b72649e0/summary
2020-07-17 23:48:07,572   GET     200       0 ms  /3/FrameChunks/transformation_9149_DRF_model_python_1591600273347_1_on_frame_rdd_925_95a40e28dd69407496940f4b72649e0
2020-07-17 23:48:07,575   GET     200       2 ms  /3/Cloud
2020-07-17 23:48:07,639   POST    200       0 ms  /3/Chunk
2020-07-17 23:48:16,779   GET     200       1 ms  /3/Ping
2020-07-17 23:48:26,786   GET     200       1 ms  /3/Ping
2020-07-17 23:48:36,790   GET     200       0 ms  /3/Ping
2020-07-17 23:48:46,795   GET     200       1 ms  /3/Ping
2020-07-17 23:48:56,801   GET     200       1 ms  /3/Ping
2020-07-17 23:49:06,809   GET     200       1 ms  /3/Ping
2020-07-17 23:49:16,816   GET     200       1 ms  /3/Ping
2020-07-17 23:49:26,823   GET     200       1 ms  /3/Ping
2020-07-17 23:49:36,830   GET     200       1 ms  /3/Ping
2020-07-17 23:49:46,837   GET     200       1 ms  /3/Ping
2020-07-17 23:49:56,846   GET     200       1 ms  /3/Ping
2020-07-17 23:50:06,853   GET     200       1 ms  /3/Ping
2020-07-17 23:50:16,861   GET     200       1 ms  /3/Ping
2020-07-17 23:50:26,870   GET     200       1 ms  /3/Ping
2020-07-17 23:50:36,877   GET     200       1 ms  /3/Ping
2020-07-17 23:50:46,884   GET     200       0 ms  /3/Ping
2020-07-17 23:50:56,890   GET     200       0 ms  /3/Ping
2020-07-17 23:51:06,897   GET     200       1 ms  /3/Ping
2020-07-17 23:51:16,904   GET     200       1 ms  /3/Ping
2020-07-17 23:51:26,912   GET     200       0 ms  /3/Ping
2020-07-17 23:51:36,921   GET     200       0 ms  /3/Ping
2020-07-17 23:51:46,927   GET     200       1 ms  /3/Ping
2020-07-17 23:51:56,936   GET     200       1 ms  /3/Ping
2020-07-17 23:52:06,943   GET     200       1 ms  /3/Ping
2020-07-17 23:52:16,951   GET     200       0 ms  /3/Ping
2020-07-17 23:52:26,957   GET     200       1 ms  /3/Ping
2020-07-17 23:52:36,963   GET     200       1 ms  /3/Ping
2020-07-17 23:52:46,971   GET     200       1 ms  /3/Ping
2020-07-17 23:52:56,979   GET     200       2 ms  /3/Ping
2020-07-17 23:53:06,985   GET     200       1 ms  /3/Ping
2020-07-17 23:53:16,995   GET     200       0 ms  /3/Ping
2020-07-17 23:53:27,001   GET     200       0 ms  /3/Ping
2020-07-17 23:53:37,008   GET     200       1 ms  /3/Ping
2020-07-17 23:53:47,017   GET     200       1 ms  /3/Ping
2020-07-17 23:53:57,024   GET     200       1 ms  /3/Ping
2020-07-17 23:54:07,030   GET     200       0 ms  /3/Ping
2020-07-17 23:54:17,037   GET     200       1 ms  /3/Ping
2020-07-17 23:54:27,045   GET     200       0 ms  /3/Ping
2020-07-17 23:54:37,052   GET     200       1 ms  /3/Ping
2020-07-17 23:54:47,061   GET     200       1 ms  /3/Ping
2020-07-17 23:54:57,068   GET     200       1 ms  /3/Ping
2020-07-17 23:55:07,074   GET     200       0 ms  /3/Ping
2020-07-17 23:55:17,078   GET     200       0 ms  /3/Ping
2020-07-17 23:55:27,084   GET     200       1 ms  /3/Ping
2020-07-17 23:55:37,091   GET     200       1 ms  /3/Ping
2020-07-17 23:55:47,098   GET     200       1 ms  /3/Ping
2020-07-17 23:55:57,107   GET     200       1 ms  /3/Ping
2020-07-17 23:56:07,113   GET     200       0 ms  /3/Ping
2020-07-17 23:56:17,121   GET     200       1 ms  /3/Ping
2020-07-17 23:56:27,130   GET     200       1 ms  /3/Ping
2020-07-17 23:56:37,135   GET     200       0 ms  /3/Ping
2020-07-17 23:56:47,142   GET     200       1 ms  /3/Ping
2020-07-17 23:56:57,148   GET     200       0 ms  /3/Ping
2020-07-17 23:57:07,155   GET     200       1 ms  /3/Ping
2020-07-17 23:57:17,164   GET     200       1 ms  /3/Ping
2020-07-17 23:57:27,172   GET     200       1 ms  /3/Ping
2020-07-17 23:57:37,178   GET     200       1 ms  /3/Ping
2020-07-17 23:57:47,188   GET     200       1 ms  /3/Ping
2020-07-17 23:57:57,194   GET     200       1 ms  /3/Ping
2020-07-17 23:58:07,202   GET     200       1 ms  /3/Ping
2020-07-17 23:58:17,209   GET     200       0 ms  /3/Ping
2020-07-17 23:58:27,216   GET     200       1 ms  /3/Ping
2020-07-17 23:58:37,223   GET     200       1 ms  /3/Ping
2020-07-17 23:58:47,233   GET     200       1 ms  /3/Ping
2020-07-17 23:58:57,239   GET     200       1 ms  /3/Ping
2020-07-17 23:59:07,248   GET     200       1 ms  /3/Ping
2020-07-17 23:59:17,255   GET     200       1 ms  /3/Ping
2020-07-17 23:59:27,262   GET     200       1 ms  /3/Ping
2020-07-17 23:59:37,271   GET     200       1 ms  /3/Ping
2020-07-17 23:59:47,276   GET     200       0 ms  /3/Ping
2020-07-17 23:59:57,283   GET     200       1 ms  /3/Ping
2020-07-18 00:00:07,290   GET     200       0 ms  /3/Ping
2020-07-18 00:00:17,296   GET     200       1 ms  /3/Ping
2020-07-18 00:00:27,302   GET     200       1 ms  /3/Ping
2020-07-18 00:00:37,306   GET     200       0 ms  /3/Ping
2020-07-18 00:00:47,312   GET     200       0 ms  /3/Ping
2020-07-18 00:00:57,321   GET     200       0 ms  /3/Ping
2020-07-18 00:01:07,326   GET     200       1 ms  /3/Ping
2020-07-18 00:01:17,335   GET     200       1 ms  /3/Ping
2020-07-18 00:01:27,343   GET     200       2 ms  /3/Ping
2020-07-18 00:01:37,352   GET     200       1 ms  /3/Ping
2020-07-18 00:01:47,357   GET     200       0 ms  /3/Ping
2020-07-18 00:01:57,363   GET     200       1 ms  /3/Ping
2020-07-18 00:02:07,370   GET     200       1 ms  /3/Ping
2020-07-18 00:02:17,376   GET     200       0 ms  /3/Ping
2020-07-18 00:02:27,384   GET     200       1 ms  /3/Ping
2020-07-18 00:02:37,388   GET     200       0 ms  /3/Ping
2020-07-18 00:02:47,397   GET     200       1 ms  /3/Ping
2020-07-18 00:02:57,405   GET     200       0 ms  /3/Ping
2020-07-18 00:03:07,413   GET     200       1 ms  /3/Ping
2020-07-18 00:03:17,419   GET     200       1 ms  /3/Ping
2020-07-18 00:03:27,429   GET     200       1 ms  /3/Ping
2020-07-18 00:03:37,438   GET     200       0 ms  /3/Ping
2020-07-18 00:03:47,445   GET     200       1 ms  /3/Ping
2020-07-18 00:03:57,451   GET     200       1 ms  /3/Ping
2020-07-18 00:04:07,457   GET     200       1 ms  /3/Ping
2020-07-18 00:04:17,466   GET     200       1 ms  /3/Ping
2020-07-18 00:04:27,472   GET     200       0 ms  /3/Ping
2020-07-18 00:04:37,485   GET     200       1 ms  /3/Ping
2020-07-18 00:04:47,495   GET     200       1 ms  /3/Ping
2020-07-18 00:04:57,502   GET     200       0 ms  /3/Ping
2020-07-18 00:05:07,511   GET     200       1 ms  /3/Ping
2020-07-18 00:05:17,518   GET     200       0 ms  /3/Ping
2020-07-18 00:05:27,526   GET     200       1 ms  /3/Ping
2020-07-18 00:05:37,533   GET     200       1 ms  /3/Ping
2020-07-18 00:05:47,543   GET     200       1 ms  /3/Ping
2020-07-18 00:05:57,551   GET     200       1 ms  /3/Ping
2020-07-18 00:06:07,558   GET     200       1 ms  /3/Ping
2020-07-18 00:06:17,565   GET     200       1 ms  /3/Ping
2020-07-18 00:06:27,572   GET     200       0 ms  /3/Ping
2020-07-18 00:06:37,578   GET     200       1 ms  /3/Ping
2020-07-18 00:06:47,587   GET     200       0 ms  /3/Ping
2020-07-18 00:06:57,596   GET     200       0 ms  /3/Ping
2020-07-18 00:07:07,602   GET     200       0 ms  /3/Ping
2020-07-18 00:07:17,610   GET     200       1 ms  /3/Ping
2020-07-18 00:07:27,615   GET     200       0 ms  /3/Ping
2020-07-18 00:07:37,621   GET     200       0 ms  /3/Ping
2020-07-18 00:07:47,627   GET     200       1 ms  /3/Ping
2020-07-18 00:07:57,634   GET     200       0 ms  /3/Ping
2020-07-18 00:08:07,642   GET     200       1 ms  /3/Ping
2020-07-18 00:08:17,649   GET     200       0 ms  /3/Ping
2020-07-18 00:08:27,657   GET     200       1 ms  /3/Ping
2020-07-18 00:08:37,664   GET     200       1 ms  /3/Ping
2020-07-18 00:08:47,671   GET     200       1 ms  /3/Ping
2020-07-18 00:08:57,679   GET     200       0 ms  /3/Ping
2020-07-18 00:09:07,686   GET     200       1 ms  /3/Ping
2020-07-18 00:09:17,694   GET     200       1 ms  /3/Ping
2020-07-18 00:09:27,700   GET     200       0 ms  /3/Ping
2020-07-18 00:09:37,703   GET     200       0 ms  /3/Ping
2020-07-18 00:09:47,708   GET     200       1 ms  /3/Ping
2020-07-18 00:09:57,716   GET     200       1 ms  /3/Ping
2020-07-18 00:10:07,724   GET     200       1 ms  /3/Ping
2020-07-18 00:10:17,727   GET     200       1 ms  /3/Ping
2020-07-18 00:10:27,732   GET     200       1 ms  /3/Ping
2020-07-18 00:10:37,736   GET     200       1 ms  /3/Ping
2020-07-18 00:10:47,741   GET     200       1 ms  /3/Ping
2020-07-18 00:10:57,747   GET     200       0 ms  /3/Ping
2020-07-18 00:11:07,755   GET     200       1 ms  /3/Ping
2020-07-18 00:11:17,760   GET     200       0 ms  /3/Ping
2020-07-18 00:11:27,768   GET     200       1 ms  /3/Ping
2020-07-18 00:11:37,775   GET     200       1 ms  /3/Ping
2020-07-18 00:11:47,783   GET     200       1 ms  /3/Ping
2020-07-18 00:11:55,940   POST    200      10 ms  /99/Models.bin/
2020-07-18 00:11:55,948   GET     200       4 ms  /3/Models/DRF_model_python_1591600273347_1
2020-07-18 00:11:57,787   GET     200       0 ms  /3/Ping
2020-07-18 00:11:58,979   POST    200       1 ms  /3/InitializeFrame
2020-07-18 00:11:59,053   GET     200       1 ms  /3/UploadPlan
2020-07-18 00:11:59,120   PUT     200       2 ms  /3/Chunk
2020-07-18 00:11:59,122   PUT     200       0 ms  /3/ChunkCategoricalDomains
2020-07-18 00:11:59,132   POST    200       5 ms  /3/FinalizeFrame
2020-07-18 00:11:59,154   GET     200      12 ms  /3/Frames/frame_rdd_1078_8e473a64e01347e6354f08eb04ef488c/light
2020-07-18 00:11:59,168   POST    200       2 ms  /4/Predictions/models/DRF_model_python_1591600273347_1/frames/frame_rdd_1078_8e473a64e01347e6354f08eb04ef488c
2020-07-18 00:11:59,181   GET     200       1 ms  /3/Jobs/$0301ac1f075a32d4ffffffff$_a8988264b06cfa522b1bc5b2ca5c4ebb
2020-07-18 00:11:59,214   GET     200       4 ms  /3/Frames/transformation_bcd8_DRF_model_python_1591600273347_1_on_frame_rdd_1078_8e473a64e01347e6354f08eb04ef488c
2020-07-18 00:11:59,224   GET     200       3 ms  /3/Frames/transformation_bcd8_DRF_model_python_1591600273347_1_on_frame_rdd_1078_8e473a64e01347e6354f08eb04ef488c/summary
2020-07-18 00:11:59,228   GET     200       1 ms  /3/FrameChunks/transformation_bcd8_DRF_model_python_1591600273347_1_on_frame_rdd_1078_8e473a64e01347e6354f08eb04ef488c
2020-07-18 00:11:59,230   GET     200       1 ms  /3/Cloud
2020-07-18 00:11:59,272   POST    200       1 ms  /3/Chunk
2020-07-18 00:12:07,793   GET     200       1 ms  /3/Ping
2020-07-18 00:12:17,800   GET     200       1 ms  /3/Ping
2020-07-18 00:12:27,807   GET     200       1 ms  /3/Ping
2020-07-18 00:12:37,814   GET     200       1 ms  /3/Ping
2020-07-18 00:12:47,821   GET     200       0 ms  /3/Ping
2020-07-18 00:12:57,826   GET     200       0 ms  /3/Ping
2020-07-18 00:12:59,465   POST    200       6 ms  /99/Models.bin/
2020-07-18 00:12:59,475   GET     200       3 ms  /3/Models/DRF_model_python_1591600273347_1
2020-07-18 00:13:02,752   POST    200       1 ms  /3/InitializeFrame
2020-07-18 00:13:02,826   GET     200       0 ms  /3/UploadPlan
2020-07-18 00:13:02,841   PUT     200       1 ms  /3/Chunk
2020-07-18 00:13:02,842   PUT     200       0 ms  /3/ChunkCategoricalDomains
2020-07-18 00:13:02,846   POST    200       2 ms  /3/FinalizeFrame
2020-07-18 00:13:02,858   GET     200      10 ms  /3/Frames/frame_rdd_1231_b2ed142ce9fa3329c7433072574a43ef/light
2020-07-18 00:13:02,864   POST    200       1 ms  /4/Predictions/models/DRF_model_python_1591600273347_1/frames/frame_rdd_1231_b2ed142ce9fa3329c7433072574a43ef
2020-07-18 00:13:02,870   GET     200       1 ms  /3/Jobs/$0301ac1f075a32d4ffffffff$_90b9355e44c930d1569f57e0250c4698
2020-07-18 00:13:03,075   GET     200       0 ms  /3/Jobs/$0301ac1f075a32d4ffffffff$_90b9355e44c930d1569f57e0250c4698
2020-07-18 00:13:03,083   GET     200       2 ms  /3/Frames/transformation_9914_DRF_model_python_1591600273347_1_on_frame_rdd_1231_b2ed142ce9fa3329c7433072574a43ef
2020-07-18 00:13:03,087   GET     200       2 ms  /3/Frames/transformation_9914_DRF_model_python_1591600273347_1_on_frame_rdd_1231_b2ed142ce9fa3329c7433072574a43ef/summary
2020-07-18 00:13:03,090   GET     200       1 ms  /3/FrameChunks/transformation_9914_DRF_model_python_1591600273347_1_on_frame_rdd_1231_b2ed142ce9fa3329c7433072574a43ef
2020-07-18 00:13:03,093   GET     200       1 ms  /3/Cloud
2020-07-18 00:13:03,135   POST    200       0 ms  /3/Chunk
2020-07-18 00:13:07,830   GET     200       0 ms  /3/Ping
2020-07-18 00:13:17,835   GET     200       1 ms  /3/Ping
2020-07-18 00:13:27,842   GET     200       1 ms  /3/Ping
2020-07-18 00:13:37,849   GET     200       1 ms  /3/Ping
2020-07-18 00:13:47,854   GET     200       0 ms  /3/Ping
2020-07-18 00:13:57,861   GET     200       1 ms  /3/Ping
2020-07-18 00:14:01,174   POST    200       9 ms  /99/Models.bin/
2020-07-18 00:14:01,185   GET     200       4 ms  /3/Models/DRF_model_python_1591600273347_1
2020-07-18 00:14:04,266   POST    200       1 ms  /3/InitializeFrame
2020-07-18 00:14:04,326   GET     200       1 ms  /3/UploadPlan
2020-07-18 00:14:04,386   PUT     200       1 ms  /3/Chunk
2020-07-18 00:14:04,388   PUT     200       1 ms  /3/ChunkCategoricalDomains
2020-07-18 00:14:04,394   POST    200       3 ms  /3/FinalizeFrame
2020-07-18 00:14:04,407   GET     200       7 ms  /3/Frames/frame_rdd_1384_831343a5c47c19094bce04968f984c30/light
2020-07-18 00:14:04,416   POST    200       2 ms  /4/Predictions/models/DRF_model_python_1591600273347_1/frames/frame_rdd_1384_831343a5c47c19094bce04968f984c30
2020-07-18 00:14:04,422   GET     200       0 ms  /3/Jobs/$0301ac1f075a32d4ffffffff$_a7b53e3849ada7bbfdb8fec80b1845b2
2020-07-18 00:14:04,636   GET     200       1 ms  /3/Jobs/$0301ac1f075a32d4ffffffff$_a7b53e3849ada7bbfdb8fec80b1845b2
2020-07-18 00:14:04,661   GET     200       4 ms  /3/Frames/transformation_8d38_DRF_model_python_1591600273347_1_on_frame_rdd_1384_831343a5c47c19094bce04968f984c30
2020-07-18 00:14:04,674   GET     200       5 ms  /3/Frames/transformation_8d38_DRF_model_python_1591600273347_1_on_frame_rdd_1384_831343a5c47c19094bce04968f984c30/summary
2020-07-18 00:14:04,681   GET     200       1 ms  /3/FrameChunks/transformation_8d38_DRF_model_python_1591600273347_1_on_frame_rdd_1384_831343a5c47c19094bce04968f984c30
2020-07-18 00:14:04,688   GET     200       4 ms  /3/Cloud
2020-07-18 00:14:04,756   POST    200       0 ms  /3/Chunk
2020-07-18 00:14:07,865   GET     200       1 ms  /3/Ping
2020-07-18 00:14:17,872   GET     200       1 ms  /3/Ping
2020-07-18 00:14:27,879   GET     200       1 ms  /3/Ping
2020-07-18 00:14:37,886   GET     200       1 ms  /3/Ping
2020-07-18 00:14:47,893   GET     200       1 ms  /3/Ping
2020-07-18 00:14:57,899   GET     200       1 ms  /3/Ping
2020-07-18 00:15:07,904   GET     200       0 ms  /3/Ping
2020-07-18 00:15:17,909   GET     200       0 ms  /3/Ping
2020-07-18 00:15:27,914   GET     200       1 ms  /3/Ping
2020-07-18 00:15:30,205   POST    200       6 ms  /99/Models.bin/
2020-07-18 00:15:30,215   GET     200       3 ms  /3/Models/DRF_model_python_1591600273347_1
2020-07-18 00:15:33,250   POST    200       2 ms  /3/InitializeFrame
2020-07-18 00:15:33,318   GET     200       1 ms  /3/UploadPlan
2020-07-18 00:15:33,381   PUT     200       4 ms  /3/Chunk
2020-07-18 00:15:33,385   PUT     200       1 ms  /3/ChunkCategoricalDomains
2020-07-18 00:15:33,398   POST    200       6 ms  /3/FinalizeFrame
2020-07-18 00:15:33,426   GET     200      17 ms  /3/Frames/frame_rdd_1537_abea1445122cb99dc27be774b41c4bca/light
2020-07-18 00:15:33,447   POST    200       5 ms  /4/Predictions/models/DRF_model_python_1591600273347_1/frames/frame_rdd_1537_abea1445122cb99dc27be774b41c4bca
2020-07-18 00:15:33,476   GET     200       2 ms  /3/Jobs/$0301ac1f075a32d4ffffffff$_a12dba39c14ecaea6abf22a079374299
2020-07-18 00:15:33,496   GET     200       4 ms  /3/Frames/transformation_9ce7_DRF_model_python_1591600273347_1_on_frame_rdd_1537_abea1445122cb99dc27be774b41c4bca
2020-07-18 00:15:33,500   GET     200       1 ms  /3/Frames/transformation_9ce7_DRF_model_python_1591600273347_1_on_frame_rdd_1537_abea1445122cb99dc27be774b41c4bca/summary
2020-07-18 00:15:33,503   GET     200       0 ms  /3/FrameChunks/transformation_9ce7_DRF_model_python_1591600273347_1_on_frame_rdd_1537_abea1445122cb99dc27be774b41c4bca
2020-07-18 00:15:33,505   GET     200       1 ms  /3/Cloud
2020-07-18 00:15:33,553   POST    200       0 ms  /3/Chunk
2020-07-18 00:15:37,918   GET     200       1 ms  /3/Ping
2020-07-18 00:15:47,923   GET     200       1 ms  /3/Ping
2020-07-18 00:15:57,926   GET     200       0 ms  /3/Ping
2020-07-18 00:16:07,933   GET     200       1 ms  /3/Ping
2020-07-18 00:16:17,940   GET     200       1 ms  /3/Ping
2020-07-18 00:16:27,947   GET     200       1 ms  /3/Ping
2020-07-18 00:16:37,952   GET     200       1 ms  /3/Ping
2020-07-18 00:16:47,961   GET     200       1 ms  /3/Ping
2020-07-18 00:16:57,966   GET     200       0 ms  /3/Ping
2020-07-18 00:17:07,972   GET     200       1 ms  /3/Ping
2020-07-18 00:17:17,978   GET     200       1 ms  /3/Ping
2020-07-18 00:17:27,985   GET     200       0 ms  /3/Ping
2020-07-18 00:17:37,993   GET     200       1 ms  /3/Ping
2020-07-18 00:17:48,001   GET     200       1 ms  /3/Ping
2020-07-18 00:17:58,007   GET     200       1 ms  /3/Ping
2020-07-18 00:18:08,014   GET     200       1 ms  /3/Ping
2020-07-18 00:18:18,020   GET     200       1 ms  /3/Ping
2020-07-18 00:18:28,029   GET     200       1 ms  /3/Ping
2020-07-18 00:18:38,035   GET     200       0 ms  /3/Ping
2020-07-18 00:18:48,045   GET     200       0 ms  /3/Ping
2020-07-18 00:18:58,051   GET     200       0 ms  /3/Ping
2020-07-18 00:19:08,057   GET     200       1 ms  /3/Ping
2020-07-18 00:19:18,063   GET     200       1 ms  /3/Ping
2020-07-18 00:19:28,069   GET     200       0 ms  /3/Ping
2020-07-18 00:19:38,075   GET     200       1 ms  /3/Ping
2020-07-18 00:19:48,080   GET     200       0 ms  /3/Ping
2020-07-18 00:19:58,085   GET     200       1 ms  /3/Ping
2020-07-18 00:20:08,092   GET     200       1 ms  /3/Ping
2020-07-18 00:20:18,109   GET     200       1 ms  /3/Ping
2020-07-18 00:20:28,117   GET     200       1 ms  /3/Ping
2020-07-18 00:20:38,122   GET     200       0 ms  /3/Ping
2020-07-18 00:20:48,128   GET     200       0 ms  /3/Ping
2020-07-18 00:20:58,134   GET     200       0 ms  /3/Ping
2020-07-18 00:21:08,140   GET     200       1 ms  /3/Ping
2020-07-18 00:21:18,147   GET     200       1 ms  /3/Ping
2020-07-18 00:21:28,151   GET     200       0 ms  /3/Ping
2020-07-18 00:21:38,157   GET     200       1 ms  /3/Ping
2020-07-18 00:21:48,163   GET     200       1 ms  /3/Ping
2020-07-18 00:21:58,170   GET     200       1 ms  /3/Ping
2020-07-18 00:22:08,177   GET     200       1 ms  /3/Ping
2020-07-18 00:22:18,185   GET     200       1 ms  /3/Ping
2020-07-18 00:22:28,192   GET     200       1 ms  /3/Ping
2020-07-18 00:22:38,199   GET     200       1 ms  /3/Ping
2020-07-18 00:22:48,202   GET     200       0 ms  /3/Ping
2020-07-18 00:22:58,208   GET     200       1 ms  /3/Ping
2020-07-18 00:23:08,217   GET     200       3 ms  /3/Ping
2020-07-18 00:23:18,225   GET     200       1 ms  /3/Ping
2020-07-18 00:23:28,230   GET     200       0 ms  /3/Ping
2020-07-18 00:23:38,234   GET     200       0 ms  /3/Ping
2020-07-18 00:23:48,240   GET     200       1 ms  /3/Ping
2020-07-18 00:23:58,245   GET     200       0 ms  /3/Ping
2020-07-18 00:24:08,253   GET     200       1 ms  /3/Ping
2020-07-18 00:24:18,258   GET     200       0 ms  /3/Ping
2020-07-18 00:24:28,266   GET     200       1 ms  /3/Ping
2020-07-18 00:24:38,274   GET     200       1 ms  /3/Ping
2020-07-18 00:24:48,281   GET     200       1 ms  /3/Ping
2020-07-18 00:24:58,285   GET     200       0 ms  /3/Ping
2020-07-18 00:25:08,289   GET     200       0 ms  /3/Ping
2020-07-18 00:25:18,298   GET     200       1 ms  /3/Ping
2020-07-18 00:25:28,305   GET     200       0 ms  /3/Ping
2020-07-18 00:25:38,310   GET     200       0 ms  /3/Ping
2020-07-18 00:25:48,318   GET     200       1 ms  /3/Ping
2020-07-18 00:25:58,324   GET     200       1 ms  /3/Ping
2020-07-18 00:26:08,329   GET     200       0 ms  /3/Ping
2020-07-18 00:26:18,334   GET     200       0 ms  /3/Ping
2020-07-18 00:26:28,339   GET     200       0 ms  /3/Ping
2020-07-18 00:26:38,345   GET     200       0 ms  /3/Ping
2020-07-18 00:26:48,353   GET     200       1 ms  /3/Ping
2020-07-18 00:26:58,361   GET     200       0 ms  /3/Ping
2020-07-18 00:27:08,370   GET     200       1 ms  /3/Ping
2020-07-18 00:27:18,375   GET     200       1 ms  /3/Ping
2020-07-18 00:27:28,381   GET     200       0 ms  /3/Ping
2020-07-18 00:27:38,388   GET     200       0 ms  /3/Ping
2020-07-18 00:27:48,399   GET     200       1 ms  /3/Ping
2020-07-18 00:27:58,407   GET     200       1 ms  /3/Ping
2020-07-18 00:28:08,413   GET     200       1 ms  /3/Ping
2020-07-18 00:28:18,421   GET     200       1 ms  /3/Ping
2020-07-18 00:28:28,425   GET     200       1 ms  /3/Ping
2020-07-18 00:28:38,430   GET     200       0 ms  /3/Ping
2020-07-18 00:28:48,437   GET     200       0 ms  /3/Ping
2020-07-18 00:28:58,444   GET     200       1 ms  /3/Ping
2020-07-18 00:29:08,452   GET     200       1 ms  /3/Ping
2020-07-18 00:29:18,457   GET     200       0 ms  /3/Ping
2020-07-18 00:29:28,464   GET     200       1 ms  /3/Ping
2020-07-18 00:29:38,471   GET     200       0 ms  /3/Ping
2020-07-18 00:29:48,479   GET     200       1 ms  /3/Ping
2020-07-18 00:29:58,485   GET     200       0 ms  /3/Ping
2020-07-18 00:30:08,492   GET     200       1 ms  /3/Ping
2020-07-18 00:30:18,498   GET     200       1 ms  /3/Ping
2020-07-18 00:30:28,502   GET     200       0 ms  /3/Ping
2020-07-18 00:30:38,510   GET     200       1 ms  /3/Ping
2020-07-18 00:30:48,516   GET     200       1 ms  /3/Ping
2020-07-18 00:30:58,522   GET     200       1 ms  /3/Ping
2020-07-18 00:31:08,527   GET     200       0 ms  /3/Ping
2020-07-18 00:31:18,535   GET     200       0 ms  /3/Ping
2020-07-18 00:31:28,542   GET     200       0 ms  /3/Ping
2020-07-18 00:31:38,547   GET     200       0 ms  /3/Ping
2020-07-18 00:31:48,555   GET     200       1 ms  /3/Ping
2020-07-18 00:31:58,560   GET     200       0 ms  /3/Ping
2020-07-18 00:32:08,565   GET     200       0 ms  /3/Ping
2020-07-18 00:32:18,571   GET     200       0 ms  /3/Ping
2020-07-18 00:32:28,578   GET     200       1 ms  /3/Ping
2020-07-18 00:32:38,584   GET     200       1 ms  /3/Ping
2020-07-18 00:32:48,589   GET     200       1 ms  /3/Ping
2020-07-18 00:32:58,594   GET     200       0 ms  /3/Ping
2020-07-18 00:33:08,601   GET     200       0 ms  /3/Ping
2020-07-18 00:33:18,606   GET     200       0 ms  /3/Ping
2020-07-18 00:33:28,612   GET     200       0 ms  /3/Ping
2020-07-18 00:33:38,619   GET     200       1 ms  /3/Ping
2020-07-18 00:33:48,626   GET     200       1 ms  /3/Ping
2020-07-18 00:33:58,633   GET     200       1 ms  /3/Ping
2020-07-18 00:34:08,637   GET     200       0 ms  /3/Ping
2020-07-18 00:34:18,641   GET     200       1 ms  /3/Ping
2020-07-18 00:34:28,648   GET     200       1 ms  /3/Ping
2020-07-18 00:34:38,653   GET     200       1 ms  /3/Ping
2020-07-18 00:34:48,658   GET     200       0 ms  /3/Ping
2020-07-18 00:34:58,666   GET     200       0 ms  /3/Ping
2020-07-18 00:35:08,675   GET     200       1 ms  /3/Ping
2020-07-18 00:35:18,680   GET     200       0 ms  /3/Ping
2020-07-18 00:35:28,689   GET     200       1 ms  /3/Ping
2020-07-18 00:35:38,695   GET     200       0 ms  /3/Ping
2020-07-18 00:35:48,701   GET     200       0 ms  /3/Ping
2020-07-18 00:35:58,710   GET     200       1 ms  /3/Ping
2020-07-18 00:36:08,717   GET     200       1 ms  /3/Ping
2020-07-18 00:36:18,724   GET     200       1 ms  /3/Ping
2020-07-18 00:36:28,730   GET     200       0 ms  /3/Ping
2020-07-18 00:36:38,739   GET     200       0 ms  /3/Ping
2020-07-18 00:36:48,745   GET     200       0 ms  /3/Ping
2020-07-18 00:36:58,752   GET     200       1 ms  /3/Ping
2020-07-18 00:37:08,755   GET     200       0 ms  /3/Ping
2020-07-18 00:37:18,759   GET     200       0 ms  /3/Ping
2020-07-18 00:37:28,764   GET     200       0 ms  /3/Ping
2020-07-18 00:37:38,769   GET     200       1 ms  /3/Ping
2020-07-18 00:37:48,774   GET     200       1 ms  /3/Ping
2020-07-18 00:37:58,779   GET     200       1 ms  /3/Ping
2020-07-18 00:38:08,785   GET     200       0 ms  /3/Ping
2020-07-18 00:38:18,793   GET     200       1 ms  /3/Ping
2020-07-18 00:38:28,799   GET     200       1 ms  /3/Ping
2020-07-18 00:38:38,804   GET     200       0 ms  /3/Ping
2020-07-18 00:38:48,811   GET     200       1 ms  /3/Ping
2020-07-18 00:38:58,816   GET     200       1 ms  /3/Ping
2020-07-18 00:39:08,824   GET     200       1 ms  /3/Ping
2020-07-18 00:39:18,831   GET     200       1 ms  /3/Ping
2020-07-18 00:39:28,837   GET     200       1 ms  /3/Ping
2020-07-18 00:39:38,844   GET     200       1 ms  /3/Ping
2020-07-18 00:39:48,849   GET     200       0 ms  /3/Ping
2020-07-18 00:39:58,855   GET     200       1 ms  /3/Ping
2020-07-18 00:40:08,860   GET     200       0 ms  /3/Ping
2020-07-18 00:40:18,865   GET     200       1 ms  /3/Ping
2020-07-18 00:40:28,874   GET     200       0 ms  /3/Ping
2020-07-18 00:40:38,882   GET     200       0 ms  /3/Ping
2020-07-18 00:40:48,889   GET     200       1 ms  /3/Ping
2020-07-18 00:40:58,894   GET     200       1 ms  /3/Ping
2020-07-18 00:41:08,899   GET     200       0 ms  /3/Ping
2020-07-18 00:41:18,904   GET     200       0 ms  /3/Ping
2020-07-18 00:41:28,909   GET     200       0 ms  /3/Ping
2020-07-18 00:41:38,914   GET     200       1 ms  /3/Ping
2020-07-18 00:41:48,921   GET     200       0 ms  /3/Ping
2020-07-18 00:41:58,926   GET     200       1 ms  /3/Ping
2020-07-18 00:42:08,930   GET     200       0 ms  /3/Ping
2020-07-18 00:42:18,936   GET     200       0 ms  /3/Ping
2020-07-18 00:42:28,942   GET     200       1 ms  /3/Ping
2020-07-18 00:42:38,949   GET     200       0 ms  /3/Ping
2020-07-18 00:42:48,954   GET     200       0 ms  /3/Ping
2020-07-18 00:42:58,959   GET     200       1 ms  /3/Ping
2020-07-18 00:43:08,964   GET     200       1 ms  /3/Ping
2020-07-18 00:43:18,970   GET     200       1 ms  /3/Ping
2020-07-18 00:43:28,976   GET     200       1 ms  /3/Ping
2020-07-18 00:43:38,982   GET     200       1 ms  /3/Ping
2020-07-18 00:43:48,988   GET     200       0 ms  /3/Ping
2020-07-18 00:43:58,996   GET     200       1 ms  /3/Ping
2020-07-18 00:44:09,003   GET     200       1 ms  /3/Ping
2020-07-18 00:44:19,008   GET     200       0 ms  /3/Ping
2020-07-18 00:44:29,014   GET     200       0 ms  /3/Ping
2020-07-18 00:44:39,020   GET     200       1 ms  /3/Ping
2020-07-18 00:44:49,027   GET     200       1 ms  /3/Ping
2020-07-18 00:44:59,032   GET     200       1 ms  /3/Ping
2020-07-18 00:45:09,039   GET     200       1 ms  /3/Ping
2020-07-18 00:45:19,046   GET     200       0 ms  /3/Ping
2020-07-18 00:45:29,051   GET     200       0 ms  /3/Ping
2020-07-18 00:45:39,054   GET     200       0 ms  /3/Ping
2020-07-18 00:45:49,059   GET     200       1 ms  /3/Ping
2020-07-18 00:45:59,068   GET     200       1 ms  /3/Ping
2020-07-18 00:46:09,077   GET     200       1 ms  /3/Ping
2020-07-18 00:46:19,082   GET     200       0 ms  /3/Ping
2020-07-18 00:46:29,088   GET     200       1 ms  /3/Ping
2020-07-18 00:46:39,095   GET     200       1 ms  /3/Ping
2020-07-18 00:46:49,100   GET     200       1 ms  /3/Ping
2020-07-18 00:46:59,106   GET     200       0 ms  /3/Ping
2020-07-18 00:47:09,113   GET     200       1 ms  /3/Ping
2020-07-18 00:47:19,120   GET     200       0 ms  /3/Ping
2020-07-18 00:47:29,125   GET     200       1 ms  /3/Ping
2020-07-18 00:47:39,132   GET     200       1 ms  /3/Ping
2020-07-18 00:47:49,139   GET     200       1 ms  /3/Ping
2020-07-18 00:47:59,144   GET     200       0 ms  /3/Ping
2020-07-18 00:48:09,149   GET     200       1 ms  /3/Ping
2020-07-18 00:48:19,154   GET     200       1 ms  /3/Ping
2020-07-18 00:48:29,162   GET     200       0 ms  /3/Ping
2020-07-18 00:48:39,168   GET     200       0 ms  /3/Ping
2020-07-18 00:48:49,175   GET     200       0 ms  /3/Ping
2020-07-18 00:48:59,182   GET     200       0 ms  /3/Ping
2020-07-18 00:49:09,187   GET     200       1 ms  /3/Ping
2020-07-18 00:49:19,193   GET     200       1 ms  /3/Ping
2020-07-18 00:49:29,199   GET     200       1 ms  /3/Ping
2020-07-18 00:49:39,204   GET     200       1 ms  /3/Ping
2020-07-18 00:49:49,211   GET     200       0 ms  /3/Ping
2020-07-18 00:49:59,217   GET     200       0 ms  /3/Ping
2020-07-18 00:50:09,222   GET     200       1 ms  /3/Ping
2020-07-18 00:50:19,228   GET     200       1 ms  /3/Ping
2020-07-18 00:50:29,234   GET     200       1 ms  /3/Ping
2020-07-18 00:50:39,242   GET     200       1 ms  /3/Ping
2020-07-18 00:50:49,246   GET     200       0 ms  /3/Ping
2020-07-18 00:50:59,249   GET     200       0 ms  /3/Ping
2020-07-18 00:51:09,257   GET     200       1 ms  /3/Ping
2020-07-18 00:51:19,262   GET     200       1 ms  /3/Ping
2020-07-18 00:51:29,269   GET     200       1 ms  /3/Ping
2020-07-18 00:51:39,275   GET     200       0 ms  /3/Ping
2020-07-18 00:51:49,280   GET     200       1 ms  /3/Ping
2020-07-18 00:51:59,285   GET     200       0 ms  /3/Ping
2020-07-18 00:52:09,288   GET     200       0 ms  /3/Ping
2020-07-18 00:52:19,293   GET     200       1 ms  /3/Ping
2020-07-18 00:52:29,298   GET     200       1 ms  /3/Ping
2020-07-18 00:52:39,304   GET     200       0 ms  /3/Ping
2020-07-18 00:52:49,310   GET     200       1 ms  /3/Ping
2020-07-18 00:52:59,316   GET     200       1 ms  /3/Ping
2020-07-18 00:53:09,321   GET     200       0 ms  /3/Ping
2020-07-18 00:53:19,327   GET     200       0 ms  /3/Ping
2020-07-18 00:53:29,335   GET     200       1 ms  /3/Ping
2020-07-18 00:53:39,342   GET     200       0 ms  /3/Ping
2020-07-18 00:53:49,350   GET     200       1 ms  /3/Ping
2020-07-18 00:53:59,353   GET     200       0 ms  /3/Ping
2020-07-18 00:54:09,357   GET     200       0 ms  /3/Ping
2020-07-18 00:54:19,363   GET     200       1 ms  /3/Ping
2020-07-18 00:54:29,369   GET     200       0 ms  /3/Ping
2020-07-18 00:54:39,376   GET     200       1 ms  /3/Ping
2020-07-18 00:54:49,381   GET     200       0 ms  /3/Ping
2020-07-18 00:54:59,387   GET     200       0 ms  /3/Ping
2020-07-18 00:55:09,392   GET     200       1 ms  /3/Ping
2020-07-18 00:55:19,398   GET     200       1 ms  /3/Ping
2020-07-18 00:55:29,403   GET     200       1 ms  /3/Ping
2020-07-18 00:55:39,408   GET     200       1 ms  /3/Ping
2020-07-18 00:55:49,413   GET     200       1 ms  /3/Ping
2020-07-18 00:55:59,419   GET     200       1 ms  /3/Ping
2020-07-18 00:56:09,426   GET     200       0 ms  /3/Ping
2020-07-18 00:56:19,433   GET     200       1 ms  /3/Ping
2020-07-18 00:56:29,439   GET     200       1 ms  /3/Ping
2020-07-18 00:56:39,444   GET     200       0 ms  /3/Ping
2020-07-18 00:56:49,450   GET     200       1 ms  /3/Ping
2020-07-18 00:56:59,462   GET     200       0 ms  /3/Ping
2020-07-18 00:57:09,470   GET     200       0 ms  /3/Ping
2020-07-18 00:57:19,474   GET     200       0 ms  /3/Ping
2020-07-18 00:57:29,479   GET     200       0 ms  /3/Ping
2020-07-18 00:57:39,485   GET     200       1 ms  /3/Ping
2020-07-18 00:57:49,490   GET     200       0 ms  /3/Ping
2020-07-18 00:57:59,495   GET     200       1 ms  /3/Ping
2020-07-18 00:58:09,500   GET     200       1 ms  /3/Ping
2020-07-18 00:58:19,506   GET     200       0 ms  /3/Ping
2020-07-18 00:58:19,777   POST    200      10 ms  /99/Models.bin/
2020-07-18 00:58:19,788   GET     200       4 ms  /3/Models/DRF_model_python_1591600273347_1
2020-07-18 00:58:23,210   POST    200       1 ms  /3/InitializeFrame
2020-07-18 00:58:23,286   GET     200       1 ms  /3/UploadPlan
2020-07-18 00:58:23,355   PUT     200       2 ms  /3/Chunk
2020-07-18 00:58:23,357   PUT     200       0 ms  /3/ChunkCategoricalDomains
2020-07-18 00:58:23,370   POST    200       6 ms  /3/FinalizeFrame
2020-07-18 00:58:23,394   GET     200      13 ms  /3/Frames/frame_rdd_1690_a7c33b6faac43c213ac43277fe5d4b18/light
2020-07-18 00:58:23,407   POST    200       2 ms  /4/Predictions/models/DRF_model_python_1591600273347_1/frames/frame_rdd_1690_a7c33b6faac43c213ac43277fe5d4b18
2020-07-18 00:58:23,421   GET     200       1 ms  /3/Jobs/$0301ac1f075a32d4ffffffff$_a54436c0109dd27bf3b4f1106c834f69
2020-07-18 00:58:23,447   GET     200       4 ms  /3/Frames/transformation_990a_DRF_model_python_1591600273347_1_on_frame_rdd_1690_a7c33b6faac43c213ac43277fe5d4b18
2020-07-18 00:58:23,457   GET     200       2 ms  /3/Frames/transformation_990a_DRF_model_python_1591600273347_1_on_frame_rdd_1690_a7c33b6faac43c213ac43277fe5d4b18/summary
2020-07-18 00:58:23,466   GET     200       1 ms  /3/FrameChunks/transformation_990a_DRF_model_python_1591600273347_1_on_frame_rdd_1690_a7c33b6faac43c213ac43277fe5d4b18
2020-07-18 00:58:23,470   GET     200       3 ms  /3/Cloud
2020-07-18 00:58:23,537   POST    200       1 ms  /3/Chunk
2020-07-18 00:58:29,511   GET     200       0 ms  /3/Ping
2020-07-18 00:58:39,518   GET     200       0 ms  /3/Ping
2020-07-18 00:58:49,524   GET     200       0 ms  /3/Ping
2020-07-18 00:58:59,530   GET     200       0 ms  /3/Ping
2020-07-18 00:59:09,539   GET     200       0 ms  /3/Ping
2020-07-18 00:59:19,544   GET     200       0 ms  /3/Ping
2020-07-18 00:59:29,549   GET     200       0 ms  /3/Ping
2020-07-18 00:59:39,554   GET     200       1 ms  /3/Ping
2020-07-18 00:59:49,561   GET     200       1 ms  /3/Ping
2020-07-18 00:59:59,566   GET     200       1 ms  /3/Ping
2020-07-18 01:00:09,569   GET     200       0 ms  /3/Ping
2020-07-18 01:00:19,574   GET     200       0 ms  /3/Ping
2020-07-18 01:00:29,580   GET     200       0 ms  /3/Ping
2020-07-18 01:00:39,585   GET     200       0 ms  /3/Ping
2020-07-18 01:00:49,590   GET     200       1 ms  /3/Ping
2020-07-18 01:00:59,595   GET     200       0 ms  /3/Ping
2020-07-18 01:01:09,601   GET     200       0 ms  /3/Ping
2020-07-18 01:01:19,607   GET     200       1 ms  /3/Ping
2020-07-18 01:01:29,614   GET     200       1 ms  /3/Ping
2020-07-18 01:01:39,620   GET     200       1 ms  /3/Ping
2020-07-18 01:01:49,625   GET     200       1 ms  /3/Ping
2020-07-18 01:01:59,631   GET     200       0 ms  /3/Ping
2020-07-18 01:02:09,633   GET     200       0 ms  /3/Ping
2020-07-18 01:02:19,635   GET     200       1 ms  /3/Ping
2020-07-18 01:02:29,640   GET     200       1 ms  /3/Ping
2020-07-18 01:02:39,645   GET     200       0 ms  /3/Ping
2020-07-18 01:02:49,650   GET     200       1 ms  /3/Ping
2020-07-18 01:02:59,657   GET     200       1 ms  /3/Ping
2020-07-18 01:03:09,663   GET     200       0 ms  /3/Ping
2020-07-18 01:03:19,670   GET     200       1 ms  /3/Ping
2020-07-18 01:03:29,675   GET     200       0 ms  /3/Ping
2020-07-18 01:03:39,676   GET     200       0 ms  /3/Ping
2020-07-18 01:03:49,680   GET     200       0 ms  /3/Ping
2020-07-18 01:03:59,685   GET     200       1 ms  /3/Ping
2020-07-18 01:04:09,689   GET     200       0 ms  /3/Ping
2020-07-18 01:04:19,691   GET     200       0 ms  /3/Ping
2020-07-18 01:04:29,696   GET     200       0 ms  /3/Ping
2020-07-18 01:04:39,700   GET     200       0 ms  /3/Ping
2020-07-18 01:04:49,704   GET     200       0 ms  /3/Ping
2020-07-18 01:04:59,709   GET     200       1 ms  /3/Ping
2020-07-18 01:05:09,715   GET     200       1 ms  /3/Ping
2020-07-18 01:05:19,721   GET     200       0 ms  /3/Ping
2020-07-18 01:05:29,723   GET     200       0 ms  /3/Ping
2020-07-18 01:05:39,727   GET     200       0 ms  /3/Ping
2020-07-18 01:05:49,733   GET     200       0 ms  /3/Ping
2020-07-18 01:05:59,738   GET     200       0 ms  /3/Ping
2020-07-18 01:06:09,745   GET     200       0 ms  /3/Ping
2020-07-18 01:06:19,750   GET     200       0 ms  /3/Ping
2020-07-18 01:06:29,757   GET     200       0 ms  /3/Ping
2020-07-18 01:06:39,761   GET     200       1 ms  /3/Ping
2020-07-18 01:06:49,764   GET     200       0 ms  /3/Ping
2020-07-18 01:06:59,768   GET     200       0 ms  /3/Ping
2020-07-18 01:07:09,774   GET     200       0 ms  /3/Ping
2020-07-18 01:07:19,779   GET     200       1 ms  /3/Ping
2020-07-18 01:07:29,786   GET     200       0 ms  /3/Ping
2020-07-18 01:07:39,789   GET     200       0 ms  /3/Ping
2020-07-18 01:07:49,795   GET     200       1 ms  /3/Ping
2020-07-18 01:07:59,800   GET     200       0 ms  /3/Ping
2020-07-18 01:08:09,804   GET     200       1 ms  /3/Ping
2020-07-18 01:08:19,807   GET     200       0 ms  /3/Ping
2020-07-18 01:08:29,811   GET     200       0 ms  /3/Ping
2020-07-18 01:08:39,815   GET     200       0 ms  /3/Ping
2020-07-18 01:08:49,820   GET     200       0 ms  /3/Ping
2020-07-18 01:08:59,824   GET     200       0 ms  /3/Ping
2020-07-18 01:09:09,830   GET     200       1 ms  /3/Ping
2020-07-18 01:09:19,835   GET     200       0 ms  /3/Ping
2020-07-18 01:09:29,839   GET     200       0 ms  /3/Ping
2020-07-18 01:09:39,843   GET     200       0 ms  /3/Ping
2020-07-18 01:09:49,848   GET     200       0 ms  /3/Ping
2020-07-18 01:09:59,852   GET     200       1 ms  /3/Ping
2020-07-18 01:10:09,856   GET     200       1 ms  /3/Ping
2020-07-18 01:10:19,861   GET     200       1 ms  /3/Ping
2020-07-18 01:10:29,866   GET     200       0 ms  /3/Ping
2020-07-18 01:10:39,871   GET     200       1 ms  /3/Ping
2020-07-18 01:10:49,877   GET     200       0 ms  /3/Ping
2020-07-18 01:10:59,885   GET     200       1 ms  /3/Ping
2020-07-18 01:11:09,893   GET     200       0 ms  /3/Ping
2020-07-18 01:11:19,896   GET     200       1 ms  /3/Ping
2020-07-18 01:11:29,901   GET     200       0 ms  /3/Ping
2020-07-18 01:11:39,906   GET     200       0 ms  /3/Ping
2020-07-18 01:11:49,912   GET     200       0 ms  /3/Ping
2020-07-18 01:11:59,918   GET     200       0 ms  /3/Ping
2020-07-18 01:12:09,924   GET     200       1 ms  /3/Ping
2020-07-18 01:12:19,929   GET     200       0 ms  /3/Ping
2020-07-18 01:12:29,934   GET     200       0 ms  /3/Ping
2020-07-18 01:12:39,940   GET     200       1 ms  /3/Ping
2020-07-18 01:12:49,945   GET     200       1 ms  /3/Ping
2020-07-18 01:12:59,948   GET     200       0 ms  /3/Ping
2020-07-18 01:13:09,952   GET     200       1 ms  /3/Ping
2020-07-18 01:13:19,955   GET     200       0 ms  /3/Ping
2020-07-18 01:13:29,958   GET     200       0 ms  /3/Ping
2020-07-18 01:13:39,962   GET     200       0 ms  /3/Ping
2020-07-18 01:13:49,967   GET     200       1 ms  /3/Ping
2020-07-18 01:14:00,031   GET     200       0 ms  /3/Ping
2020-07-18 01:14:10,034   GET     200       0 ms  /3/Ping
2020-07-18 01:14:20,041   GET     200       1 ms  /3/Ping
2020-07-18 01:14:30,044   GET     200       0 ms  /3/Ping
2020-07-18 01:14:40,049   GET     200       1 ms  /3/Ping
2020-07-18 01:14:50,054   GET     200       1 ms  /3/Ping
2020-07-18 01:15:00,059   GET     200       1 ms  /3/Ping
2020-07-18 01:15:10,065   GET     200       0 ms  /3/Ping
2020-07-18 01:15:20,071   GET     200       0 ms  /3/Ping
2020-07-18 01:15:30,076   GET     200       1 ms  /3/Ping
2020-07-18 01:15:40,089   GET     200       1 ms  /3/Ping
2020-07-18 01:15:50,095   GET     200       0 ms  /3/Ping
2020-07-18 01:16:00,100   GET     200       1 ms  /3/Ping
2020-07-18 01:16:10,103   GET     200       0 ms  /3/Ping
2020-07-18 01:16:20,106   GET     200       1 ms  /3/Ping
2020-07-18 01:16:30,111   GET     200       1 ms  /3/Ping
2020-07-18 01:16:40,116   GET     200       0 ms  /3/Ping
2020-07-18 01:16:50,121   GET     200       1 ms  /3/Ping
2020-07-18 01:17:00,127   GET     200       1 ms  /3/Ping
2020-07-18 01:17:10,130   GET     200       0 ms  /3/Ping
2020-07-18 01:17:20,135   GET     200       0 ms  /3/Ping
2020-07-18 01:17:30,140   GET     200       1 ms  /3/Ping
2020-07-18 01:17:40,145   GET     200       1 ms  /3/Ping
2020-07-18 01:17:50,150   GET     200       1 ms  /3/Ping
2020-07-18 01:18:00,170   GET     200       1 ms  /3/Ping
2020-07-18 01:18:10,177   GET     200       0 ms  /3/Ping
2020-07-18 01:18:20,184   GET     200       0 ms  /3/Ping
2020-07-18 01:18:30,189   GET     200       0 ms  /3/Ping
2020-07-18 01:18:40,194   GET     200       0 ms  /3/Ping
2020-07-18 01:18:50,199   GET     200       0 ms  /3/Ping
2020-07-18 01:19:00,203   GET     200       0 ms  /3/Ping
2020-07-18 01:19:10,206   GET     200       0 ms  /3/Ping
2020-07-18 01:19:20,209   GET     200       1 ms  /3/Ping
2020-07-18 01:19:30,210   GET     200       0 ms  /3/Ping
2020-07-18 01:19:40,212   GET     200       0 ms  /3/Ping
2020-07-18 01:19:50,219   GET     200       0 ms  /3/Ping
2020-07-18 01:20:00,225   GET     200       0 ms  /3/Ping
2020-07-18 01:20:10,230   GET     200       1 ms  /3/Ping
2020-07-18 01:20:20,235   GET     200       1 ms  /3/Ping
2020-07-18 01:20:30,239   GET     200       0 ms  /3/Ping
2020-07-18 01:20:40,244   GET     200       0 ms  /3/Ping
2020-07-18 01:20:50,248   GET     200       0 ms  /3/Ping
2020-07-18 01:21:00,252   GET     200       0 ms  /3/Ping
2020-07-18 01:21:10,258   GET     200       0 ms  /3/Ping
2020-07-18 01:21:20,265   GET     200       1 ms  /3/Ping
2020-07-18 01:21:30,270   GET     200       0 ms  /3/Ping
2020-07-18 01:21:40,276   GET     200       1 ms  /3/Ping
2020-07-18 01:21:50,282   GET     200       0 ms  /3/Ping
2020-07-18 01:22:00,286   GET     200       0 ms  /3/Ping
2020-07-18 01:22:10,290   GET     200       0 ms  /3/Ping
2020-07-18 01:22:20,296   GET     200       0 ms  /3/Ping
2020-07-18 01:22:30,301   GET     200       0 ms  /3/Ping
2020-07-18 01:22:40,307   GET     200       1 ms  /3/Ping
2020-07-18 01:22:50,312   GET     200       1 ms  /3/Ping
2020-07-18 01:23:00,315   GET     200       1 ms  /3/Ping
2020-07-18 01:23:10,319   GET     200       1 ms  /3/Ping
2020-07-18 01:23:20,324   GET     200       1 ms  /3/Ping
2020-07-18 01:23:30,329   GET     200       0 ms  /3/Ping
2020-07-18 01:23:40,336   GET     200       0 ms  /3/Ping
2020-07-18 01:23:50,341   GET     200       1 ms  /3/Ping
2020-07-18 01:24:00,346   GET     200       1 ms  /3/Ping
2020-07-18 01:24:10,351   GET     200       0 ms  /3/Ping
2020-07-18 01:24:20,356   GET     200       0 ms  /3/Ping
2020-07-18 01:24:30,361   GET     200       0 ms  /3/Ping
2020-07-18 01:24:40,366   GET     200       1 ms  /3/Ping
2020-07-18 01:24:50,371   GET     200       0 ms  /3/Ping
2020-07-18 01:25:00,377   GET     200       0 ms  /3/Ping
2020-07-18 01:25:10,382   GET     200       1 ms  /3/Ping
2020-07-18 01:25:20,389   GET     200       1 ms  /3/Ping
2020-07-18 01:25:30,399   GET     200       1 ms  /3/Ping
2020-07-18 01:25:40,403   GET     200       0 ms  /3/Ping
2020-07-18 01:25:50,408   GET     200       1 ms  /3/Ping
2020-07-18 01:26:00,413   GET     200       1 ms  /3/Ping
2020-07-18 01:26:10,419   GET     200       1 ms  /3/Ping
2020-07-18 01:26:20,424   GET     200       0 ms  /3/Ping
2020-07-18 01:26:30,429   GET     200       0 ms  /3/Ping
2020-07-18 01:26:40,763   GET     200       0 ms  /3/Ping
2020-07-18 01:26:50,767   GET     200       0 ms  /3/Ping
2020-07-18 01:27:00,771   GET     200       0 ms  /3/Ping
2020-07-18 01:27:10,776   GET     200       1 ms  /3/Ping
2020-07-18 01:27:20,781   GET     200       1 ms  /3/Ping
2020-07-18 01:27:30,787   GET     200       1 ms  /3/Ping
2020-07-18 01:27:40,791   GET     200       1 ms  /3/Ping
2020-07-18 01:27:50,796   GET     200       1 ms  /3/Ping
2020-07-18 01:28:00,802   GET     200       1 ms  /3/Ping
2020-07-18 01:28:10,805   GET     200       1 ms  /3/Ping
2020-07-18 01:28:20,810   GET     200       1 ms  /3/Ping
2020-07-18 01:28:30,815   GET     200       0 ms  /3/Ping
2020-07-18 01:28:40,819   GET     200       0 ms  /3/Ping
2020-07-18 01:28:50,824   GET     200       0 ms  /3/Ping
2020-07-18 01:29:00,831   GET     200       1 ms  /3/Ping
2020-07-18 01:29:10,837   GET     200       0 ms  /3/Ping
2020-07-18 01:29:20,841   GET     200       0 ms  /3/Ping
2020-07-18 01:29:30,846   GET     200       1 ms  /3/Ping
2020-07-18 01:29:40,852   GET     200       0 ms  /3/Ping
2020-07-18 01:29:50,855   GET     200       0 ms  /3/Ping
2020-07-18 01:30:00,860   GET     200       1 ms  /3/Ping
2020-07-18 01:30:10,864   GET     200       1 ms  /3/Ping
2020-07-18 01:30:20,871   GET     200       1 ms  /3/Ping
2020-07-18 01:30:30,875   GET     200       0 ms  /3/Ping
2020-07-18 01:30:40,880   GET     200       0 ms  /3/Ping
2020-07-18 01:30:50,884   GET     200       0 ms  /3/Ping
2020-07-18 01:31:00,889   GET     200       0 ms  /3/Ping
2020-07-18 01:31:10,892   GET     200       1 ms  /3/Ping
2020-07-18 01:31:20,896   GET     200       0 ms  /3/Ping
2020-07-18 01:31:30,901   GET     200       1 ms  /3/Ping
2020-07-18 01:31:40,905   GET     200       0 ms  /3/Ping
2020-07-18 01:31:50,909   GET     200       0 ms  /3/Ping
2020-07-18 01:32:00,913   GET     200       0 ms  /3/Ping
2020-07-18 01:32:10,917   GET     200       0 ms  /3/Ping
2020-07-18 01:32:20,921   GET     200       0 ms  /3/Ping
2020-07-18 01:32:30,925   GET     200       0 ms  /3/Ping
2020-07-18 01:32:40,929   GET     200       0 ms  /3/Ping
2020-07-18 01:32:50,936   GET     200       0 ms  /3/Ping
2020-07-18 01:33:00,939   GET     200       0 ms  /3/Ping
2020-07-18 01:33:10,943   GET     200       0 ms  /3/Ping
2020-07-18 01:33:20,947   GET     200       0 ms  /3/Ping
2020-07-18 01:33:30,952   GET     200       0 ms  /3/Ping
2020-07-18 01:33:40,958   GET     200       1 ms  /3/Ping
2020-07-18 01:33:50,961   GET     200       0 ms  /3/Ping
2020-07-18 01:34:00,964   GET     200       1 ms  /3/Ping
2020-07-18 01:34:10,977   GET     200       1 ms  /3/Ping
2020-07-18 01:34:20,978   GET     200       0 ms  /3/Ping
2020-07-18 01:34:30,981   GET     200       1 ms  /3/Ping
2020-07-18 01:34:40,984   GET     200       1 ms  /3/Ping
2020-07-18 01:34:51,000   GET     200       1 ms  /3/Ping
2020-07-18 01:35:01,005   GET     200       0 ms  /3/Ping
2020-07-18 01:35:11,010   GET     200       1 ms  /3/Ping
2020-07-18 01:35:21,015   GET     200       0 ms  /3/Ping
2020-07-18 01:35:31,020   GET     200       1 ms  /3/Ping
2020-07-18 01:35:41,025   GET     200       0 ms  /3/Ping
2020-07-18 01:35:51,030   GET     200       1 ms  /3/Ping
2020-07-18 01:36:01,034   GET     200       0 ms  /3/Ping
2020-07-18 01:36:11,041   GET     200       1 ms  /3/Ping
2020-07-18 01:36:21,046   GET     200       0 ms  /3/Ping
2020-07-18 01:36:31,055   GET     200       1 ms  /3/Ping
2020-07-18 01:36:41,060   GET     200       0 ms  /3/Ping
2020-07-18 01:36:51,064   GET     200       0 ms  /3/Ping
2020-07-18 01:37:01,068   GET     200       0 ms  /3/Ping
2020-07-18 01:37:11,074   GET     200       1 ms  /3/Ping
2020-07-18 01:37:21,080   GET     200       0 ms  /3/Ping
2020-07-18 01:37:31,084   GET     200       1 ms  /3/Ping
2020-07-18 01:37:41,088   GET     200       1 ms  /3/Ping
2020-07-18 01:37:51,093   GET     200       0 ms  /3/Ping
2020-07-18 01:38:01,097   GET     200       0 ms  /3/Ping
2020-07-18 01:38:11,101   GET     200       0 ms  /3/Ping
2020-07-18 01:38:21,105   GET     200       0 ms  /3/Ping
2020-07-18 01:38:31,110   GET     200       0 ms  /3/Ping
2020-07-18 01:38:41,115   GET     200       0 ms  /3/Ping
2020-07-18 01:38:51,118   GET     200       0 ms  /3/Ping
2020-07-18 01:39:01,122   GET     200       0 ms  /3/Ping
2020-07-18 01:39:11,129   GET     200       1 ms  /3/Ping
2020-07-18 01:39:21,134   GET     200       1 ms  /3/Ping
2020-07-18 01:39:31,140   GET     200       0 ms  /3/Ping
2020-07-18 01:39:41,144   GET     200       0 ms  /3/Ping
2020-07-18 01:39:51,148   GET     200       0 ms  /3/Ping
2020-07-18 01:40:01,154   GET     200       0 ms  /3/Ping
2020-07-18 01:40:11,162   GET     200       0 ms  /3/Ping
2020-07-18 01:40:21,165   GET     200       1 ms  /3/Ping
2020-07-18 01:40:31,169   GET     200       0 ms  /3/Ping
2020-07-18 01:40:41,173   GET     200       0 ms  /3/Ping
2020-07-18 01:40:51,176   GET     200       0 ms  /3/Ping
2020-07-18 01:41:01,179   GET     200       0 ms  /3/Ping
2020-07-18 01:41:11,187   GET     200       1 ms  /3/Ping
2020-07-18 01:41:21,191   GET     200       0 ms  /3/Ping
2020-07-18 01:41:31,200   GET     200       0 ms  /3/Ping
2020-07-18 01:41:41,221   GET     200       0 ms  /3/Ping
2020-07-18 01:41:51,232   GET     200       1 ms  /3/Ping
2020-07-18 01:42:01,239   GET     200       1 ms  /3/Ping
2020-07-18 01:42:11,244   GET     200       0 ms  /3/Ping
2020-07-18 01:42:21,250   GET     200       0 ms  /3/Ping
2020-07-18 01:42:31,256   GET     200       0 ms  /3/Ping
2020-07-18 01:42:41,259   GET     200       0 ms  /3/Ping
2020-07-18 01:42:51,264   GET     200       0 ms  /3/Ping
2020-07-18 01:43:01,269   GET     200       0 ms  /3/Ping
2020-07-18 01:43:11,275   GET     200       0 ms  /3/Ping
2020-07-18 01:43:21,279   GET     200       0 ms  /3/Ping
2020-07-18 01:43:31,281   GET     200       0 ms  /3/Ping
2020-07-18 01:43:41,312   GET     200       0 ms  /3/Ping
2020-07-18 01:43:51,325   GET     200       0 ms  /3/Ping
2020-07-18 01:44:01,330   GET     200       1 ms  /3/Ping
2020-07-18 01:44:11,333   GET     200       1 ms  /3/Ping
2020-07-18 01:44:21,337   GET     200       0 ms  /3/Ping
2020-07-18 01:44:31,342   GET     200       0 ms  /3/Ping
2020-07-18 01:44:41,347   GET     200       1 ms  /3/Ping
2020-07-18 01:44:51,351   GET     200       0 ms  /3/Ping
2020-07-18 01:45:01,355   GET     200       0 ms  /3/Ping
2020-07-18 01:45:11,360   GET     200       1 ms  /3/Ping
2020-07-18 01:45:21,365   GET     200       0 ms  /3/Ping
2020-07-18 01:45:31,370   GET     200       0 ms  /3/Ping
2020-07-18 01:45:41,376   GET     200       0 ms  /3/Ping
2020-07-18 01:45:51,779   GET     200       1 ms  /3/Ping
2020-07-18 01:46:01,782   GET     200       0 ms  /3/Ping
2020-07-18 01:46:11,786   GET     200       0 ms  /3/Ping
2020-07-18 01:46:21,792   GET     200       0 ms  /3/Ping
2020-07-18 01:46:31,798   GET     200       1 ms  /3/Ping
2020-07-18 01:46:41,803   GET     200       1 ms  /3/Ping
2020-07-18 01:46:51,806   GET     200       0 ms  /3/Ping
2020-07-18 01:47:01,809   GET     200       1 ms  /3/Ping
2020-07-18 01:47:11,814   GET     200       1 ms  /3/Ping
2020-07-18 01:47:21,822   GET     200       0 ms  /3/Ping
2020-07-18 01:47:31,826   GET     200       1 ms  /3/Ping
2020-07-18 01:47:41,836   GET     200       1 ms  /3/Ping
2020-07-18 01:47:51,840   GET     200       0 ms  /3/Ping
2020-07-18 01:48:01,844   GET     200       0 ms  /3/Ping
2020-07-18 01:48:11,848   GET     200       0 ms  /3/Ping
2020-07-18 01:48:21,854   GET     200       1 ms  /3/Ping
2020-07-18 01:48:31,859   GET     200       1 ms  /3/Ping
2020-07-18 01:48:41,864   GET     200       1 ms  /3/Ping
2020-07-18 01:48:51,869   GET     200       1 ms  /3/Ping
2020-07-18 01:49:01,874   GET     200       1 ms  /3/Ping
2020-07-18 01:49:11,879   GET     200       0 ms  /3/Ping
2020-07-18 01:49:21,882   GET     200       0 ms  /3/Ping
2020-07-18 01:49:31,886   GET     200       0 ms  /3/Ping
2020-07-18 01:49:41,890   GET     200       0 ms  /3/Ping
2020-07-18 01:49:51,894   GET     200       0 ms  /3/Ping
2020-07-18 01:50:01,898   GET     200       0 ms  /3/Ping
2020-07-18 01:50:11,905   GET     200       0 ms  /3/Ping
2020-07-18 01:50:21,909   GET     200       0 ms  /3/Ping
2020-07-18 01:50:31,914   GET     200       0 ms  /3/Ping
2020-07-18 01:50:41,919   GET     200       0 ms  /3/Ping
2020-07-18 01:50:51,925   GET     200       1 ms  /3/Ping
2020-07-18 01:51:01,929   GET     200       0 ms  /3/Ping
2020-07-18 01:51:11,935   GET     200       0 ms  /3/Ping
2020-07-18 01:51:21,939   GET     200       0 ms  /3/Ping
2020-07-18 01:51:31,946   GET     200       1 ms  /3/Ping
2020-07-18 01:51:41,951   GET     200       0 ms  /3/Ping
2020-07-18 01:51:51,955   GET     200       0 ms  /3/Ping
2020-07-18 01:52:01,958   GET     200       0 ms  /3/Ping
2020-07-18 01:52:11,962   GET     200       0 ms  /3/Ping
2020-07-18 01:52:21,967   GET     200       1 ms  /3/Ping
2020-07-18 01:52:31,973   GET     200       1 ms  /3/Ping
2020-07-18 01:52:41,978   GET     200       1 ms  /3/Ping
2020-07-18 01:52:51,984   GET     200       1 ms  /3/Ping
2020-07-18 01:53:01,989   GET     200       1 ms  /3/Ping
2020-07-18 01:53:11,994   GET     200       0 ms  /3/Ping
2020-07-18 01:53:21,998   GET     200       0 ms  /3/Ping
2020-07-18 01:53:32,002   GET     200       0 ms  /3/Ping
2020-07-18 01:53:42,007   GET     200       0 ms  /3/Ping
2020-07-18 01:53:52,014   GET     200       0 ms  /3/Ping
2020-07-18 01:54:02,019   GET     200       0 ms  /3/Ping
2020-07-18 01:54:12,024   GET     200       0 ms  /3/Ping
2020-07-18 01:54:22,029   GET     200       1 ms  /3/Ping
2020-07-18 01:54:32,034   GET     200       1 ms  /3/Ping
2020-07-18 01:54:42,039   GET     200       0 ms  /3/Ping
2020-07-18 01:54:52,045   GET     200       0 ms  /3/Ping
2020-07-18 01:55:02,049   GET     200       0 ms  /3/Ping
2020-07-18 01:55:12,052   GET     200       0 ms  /3/Ping
2020-07-18 01:55:22,057   GET     200       1 ms  /3/Ping
2020-07-18 01:55:32,062   GET     200       0 ms  /3/Ping
2020-07-18 01:55:42,067   GET     200       1 ms  /3/Ping
2020-07-18 01:55:52,071   GET     200       1 ms  /3/Ping
2020-07-18 01:56:02,074   GET     200       0 ms  /3/Ping
2020-07-18 01:56:12,082   GET     200       1 ms  /3/Ping
2020-07-18 01:56:22,088   GET     200       1 ms  /3/Ping
2020-07-18 01:56:32,093   GET     200       0 ms  /3/Ping
2020-07-18 01:56:42,101   GET     200       1 ms  /3/Ping
2020-07-18 01:56:52,106   GET     200       1 ms  /3/Ping
2020-07-18 01:57:02,111   GET     200       1 ms  /3/Ping
2020-07-18 01:57:12,116   GET     200       0 ms  /3/Ping
2020-07-18 01:57:22,119   GET     200       0 ms  /3/Ping
2020-07-18 01:57:32,122   GET     200       1 ms  /3/Ping
2020-07-18 01:57:42,128   GET     200       0 ms  /3/Ping
2020-07-18 01:57:52,134   GET     200       1 ms  /3/Ping
2020-07-18 01:58:02,139   GET     200       1 ms  /3/Ping
2020-07-18 01:58:12,144   GET     200       1 ms  /3/Ping
2020-07-18 01:58:22,150   GET     200       0 ms  /3/Ping
2020-07-18 01:58:32,156   GET     200       1 ms  /3/Ping
2020-07-18 01:58:42,160   GET     200       0 ms  /3/Ping
2020-07-18 01:58:52,165   GET     200       1 ms  /3/Ping
2020-07-18 01:59:02,171   GET     200       0 ms  /3/Ping
2020-07-18 01:59:12,176   GET     200       1 ms  /3/Ping
2020-07-18 01:59:22,180   GET     200       0 ms  /3/Ping
2020-07-18 01:59:32,185   GET     200       1 ms  /3/Ping
2020-07-18 01:59:42,189   GET     200       0 ms  /3/Ping
2020-07-18 01:59:52,193   GET     200       0 ms  /3/Ping
2020-07-18 02:00:02,198   GET     200       0 ms  /3/Ping
2020-07-18 02:00:12,204   GET     200       1 ms  /3/Ping
2020-07-18 02:00:22,211   GET     200       1 ms  /3/Ping
2020-07-18 02:00:32,213   GET     200       0 ms  /3/Ping
2020-07-18 02:00:42,219   GET     200       0 ms  /3/Ping
2020-07-18 02:00:52,223   GET     200       0 ms  /3/Ping
2020-07-18 02:01:02,227   GET     200       0 ms  /3/Ping
2020-07-18 02:01:12,230   GET     200       0 ms  /3/Ping
2020-07-18 02:01:22,232   GET     200       0 ms  /3/Ping
2020-07-18 02:01:32,236   GET     200       0 ms  /3/Ping
2020-07-18 02:01:42,240   GET     200       0 ms  /3/Ping
2020-07-18 02:01:52,245   GET     200       0 ms  /3/Ping
2020-07-18 02:02:02,247   GET     200       0 ms  /3/Ping
2020-07-18 02:02:12,254   GET     200       0 ms  /3/Ping
2020-07-18 02:02:22,258   GET     200       0 ms  /3/Ping
2020-07-18 02:02:32,262   GET     200       0 ms  /3/Ping
2020-07-18 02:02:42,267   GET     200       0 ms  /3/Ping
2020-07-18 02:02:52,272   GET     200       1 ms  /3/Ping
2020-07-18 02:03:02,277   GET     200       1 ms  /3/Ping
2020-07-18 02:03:12,283   GET     200       0 ms  /3/Ping
2020-07-18 02:03:22,288   GET     200       1 ms  /3/Ping
2020-07-18 02:03:32,293   GET     200       1 ms  /3/Ping
2020-07-18 02:03:42,297   GET     200       0 ms  /3/Ping
2020-07-18 02:03:52,301   GET     200       0 ms  /3/Ping
2020-07-18 02:04:02,306   GET     200       1 ms  /3/Ping
2020-07-18 02:04:12,311   GET     200       1 ms  /3/Ping
2020-07-18 02:04:22,314   GET     200       0 ms  /3/Ping
2020-07-18 02:04:32,318   GET     200       0 ms  /3/Ping
2020-07-18 02:04:42,324   GET     200       0 ms  /3/Ping
2020-07-18 02:04:52,329   GET     200       1 ms  /3/Ping
2020-07-18 02:05:02,334   GET     200       0 ms  /3/Ping
2020-07-18 02:05:12,339   GET     200       1 ms  /3/Ping
2020-07-18 02:05:22,343   GET     200       0 ms  /3/Ping
2020-07-18 02:05:32,348   GET     200       0 ms  /3/Ping
2020-07-18 02:05:42,353   GET     200       1 ms  /3/Ping
2020-07-18 02:05:52,361   GET     200       1 ms  /3/Ping
2020-07-18 02:06:02,366   GET     200       0 ms  /3/Ping
2020-07-18 02:06:12,372   GET     200       0 ms  /3/Ping
2020-07-18 02:06:22,377   GET     200       1 ms  /3/Ping
2020-07-18 02:06:32,382   GET     200       0 ms  /3/Ping
2020-07-18 02:06:42,388   GET     200       1 ms  /3/Ping
2020-07-18 02:06:52,392   GET     200       0 ms  /3/Ping
2020-07-18 02:07:02,396   GET     200       0 ms  /3/Ping
2020-07-18 02:07:12,400   GET     200       0 ms  /3/Ping
2020-07-18 02:07:22,404   GET     200       0 ms  /3/Ping
2020-07-18 02:07:32,410   GET     200       1 ms  /3/Ping
2020-07-18 02:07:42,415   GET     200       0 ms  /3/Ping
2020-07-18 02:07:52,420   GET     200       0 ms  /3/Ping
2020-07-18 02:08:02,424   GET     200       1 ms  /3/Ping
2020-07-18 02:08:12,429   GET     200       0 ms  /3/Ping
2020-07-18 02:08:22,433   GET     200       0 ms  /3/Ping
2020-07-18 02:08:32,437   GET     200       0 ms  /3/Ping
2020-07-18 02:08:42,441   GET     200       0 ms  /3/Ping
2020-07-18 02:08:52,445   GET     200       0 ms  /3/Ping
2020-07-18 02:09:02,451   GET     200       1 ms  /3/Ping
2020-07-18 02:09:12,456   GET     200       1 ms  /3/Ping
2020-07-18 02:09:22,462   GET     200       1 ms  /3/Ping
2020-07-18 02:09:32,470   GET     200       1 ms  /3/Ping
2020-07-18 02:09:42,475   GET     200       0 ms  /3/Ping
2020-07-18 02:09:52,480   GET     200       0 ms  /3/Ping
2020-07-18 02:10:02,484   GET     200       0 ms  /3/Ping
2020-07-18 02:10:12,488   GET     200       0 ms  /3/Ping
2020-07-18 02:10:22,493   GET     200       0 ms  /3/Ping
2020-07-18 02:10:32,496   GET     200       0 ms  /3/Ping
2020-07-18 02:10:42,501   GET     200       1 ms  /3/Ping
2020-07-18 02:10:52,507   GET     200       0 ms  /3/Ping
2020-07-18 02:11:02,513   GET     200       1 ms  /3/Ping
2020-07-18 02:11:12,517   GET     200       0 ms  /3/Ping
2020-07-18 02:11:22,520   GET     200       0 ms  /3/Ping
2020-07-18 02:11:32,525   GET     200       1 ms  /3/Ping
2020-07-18 02:11:42,532   GET     200       1 ms  /3/Ping
2020-07-18 02:11:52,537   GET     200       1 ms  /3/Ping
2020-07-18 02:12:02,542   GET     200       0 ms  /3/Ping
2020-07-18 02:12:12,547   GET     200       1 ms  /3/Ping
2020-07-18 02:12:22,552   GET     200       1 ms  /3/Ping
2020-07-18 02:12:32,557   GET     200       0 ms  /3/Ping
2020-07-18 02:12:42,562   GET     200       1 ms  /3/Ping
2020-07-18 02:12:52,567   GET     200       1 ms  /3/Ping
2020-07-18 02:13:02,572   GET     200       0 ms  /3/Ping
2020-07-18 02:13:12,579   GET     200       1 ms  /3/Ping
2020-07-18 02:13:22,583   GET     200       1 ms  /3/Ping
2020-07-18 02:13:32,588   GET     200       0 ms  /3/Ping
2020-07-18 02:13:42,592   GET     200       0 ms  /3/Ping
2020-07-18 02:13:52,598   GET     200       0 ms  /3/Ping
2020-07-18 02:14:02,602   GET     200       0 ms  /3/Ping
2020-07-18 02:14:12,609   GET     200       1 ms  /3/Ping
2020-07-18 02:14:22,614   GET     200       0 ms  /3/Ping
2020-07-18 02:14:32,620   GET     200       1 ms  /3/Ping
2020-07-18 02:14:42,626   GET     200       0 ms  /3/Ping
2020-07-18 02:14:52,633   GET     200       0 ms  /3/Ping
2020-07-18 02:15:02,637   GET     200       0 ms  /3/Ping
2020-07-18 02:15:12,642   GET     200       0 ms  /3/Ping
2020-07-18 02:15:22,647   GET     200       0 ms  /3/Ping
2020-07-18 02:15:32,653   GET     200       1 ms  /3/Ping
2020-07-18 02:15:42,659   GET     200       0 ms  /3/Ping
2020-07-18 02:15:52,664   GET     200       0 ms  /3/Ping
2020-07-18 02:16:02,668   GET     200       0 ms  /3/Ping
2020-07-18 02:16:12,672   GET     200       0 ms  /3/Ping
2020-07-18 02:16:22,677   GET     200       1 ms  /3/Ping
2020-07-18 02:16:32,680   GET     200       0 ms  /3/Ping
2020-07-18 02:16:42,684   GET     200       0 ms  /3/Ping
2020-07-18 02:16:52,690   GET     200       0 ms  /3/Ping
2020-07-18 02:17:02,693   GET     200       0 ms  /3/Ping
2020-07-18 02:17:12,696   GET     200       0 ms  /3/Ping
2020-07-18 02:17:22,699   GET     200       0 ms  /3/Ping
2020-07-18 02:17:32,702   GET     200       1 ms  /3/Ping
2020-07-18 02:17:42,706   GET     200       1 ms  /3/Ping
2020-07-18 02:17:52,712   GET     200       0 ms  /3/Ping
2020-07-18 02:18:02,717   GET     200       0 ms  /3/Ping
2020-07-18 02:18:12,722   GET     200       1 ms  /3/Ping
2020-07-18 02:18:22,728   GET     200       0 ms  /3/Ping
2020-07-18 02:18:32,733   GET     200       1 ms  /3/Ping
2020-07-18 02:18:42,736   GET     200       0 ms  /3/Ping
2020-07-18 02:18:52,740   GET     200       0 ms  /3/Ping
2020-07-18 02:19:02,744   GET     200       0 ms  /3/Ping
2020-07-18 02:19:12,749   GET     200       1 ms  /3/Ping
2020-07-18 02:19:22,754   GET     200       0 ms  /3/Ping
2020-07-18 02:19:32,759   GET     200       1 ms  /3/Ping
2020-07-18 02:19:42,764   GET     200       1 ms  /3/Ping
2020-07-18 02:19:52,769   GET     200       0 ms  /3/Ping
2020-07-18 02:20:02,773   GET     200       0 ms  /3/Ping
2020-07-18 02:20:12,777   GET     200       0 ms  /3/Ping
2020-07-18 02:20:22,781   GET     200       0 ms  /3/Ping
2020-07-18 02:20:32,788   GET     200       0 ms  /3/Ping
2020-07-18 02:20:42,792   GET     200       0 ms  /3/Ping
2020-07-18 02:20:52,797   GET     200       1 ms  /3/Ping
2020-07-18 02:21:02,802   GET     200       1 ms  /3/Ping
2020-07-18 02:21:12,806   GET     200       1 ms  /3/Ping
2020-07-18 02:21:22,809   GET     200       0 ms  /3/Ping
2020-07-18 02:21:32,814   GET     200       0 ms  /3/Ping
2020-07-18 02:21:42,820   GET     200       0 ms  /3/Ping
2020-07-18 02:21:52,823   GET     200       0 ms  /3/Ping
2020-07-18 02:22:02,826   GET     200       0 ms  /3/Ping
2020-07-18 02:22:12,828   GET     200       0 ms  /3/Ping
2020-07-18 02:22:22,833   GET     200       0 ms  /3/Ping
2020-07-18 02:22:32,838   GET     200       0 ms  /3/Ping
2020-07-18 02:22:42,843   GET     200       0 ms  /3/Ping
2020-07-18 02:22:52,849   GET     200       1 ms  /3/Ping
2020-07-18 02:23:02,854   GET     200       1 ms  /3/Ping
2020-07-18 02:23:12,860   GET     200       0 ms  /3/Ping
2020-07-18 02:23:22,864   GET     200       1 ms  /3/Ping
2020-07-18 02:23:32,869   GET     200       1 ms  /3/Ping
2020-07-18 02:23:42,875   GET     200       0 ms  /3/Ping
2020-07-18 02:23:52,880   GET     200       1 ms  /3/Ping
2020-07-18 02:24:02,885   GET     200       1 ms  /3/Ping
2020-07-18 02:24:12,892   GET     200       1 ms  /3/Ping
2020-07-18 02:24:22,897   GET     200       0 ms  /3/Ping
2020-07-18 02:24:32,903   GET     200       0 ms  /3/Ping
2020-07-18 02:24:42,907   GET     200       0 ms  /3/Ping
2020-07-18 02:24:52,911   GET     200       0 ms  /3/Ping
2020-07-18 02:25:02,917   GET     200       1 ms  /3/Ping
2020-07-18 02:25:12,922   GET     200       0 ms  /3/Ping
2020-07-18 02:25:22,926   GET     200       0 ms  /3/Ping
2020-07-18 02:25:32,930   GET     200       0 ms  /3/Ping
2020-07-18 02:25:42,936   GET     200       1 ms  /3/Ping
2020-07-18 02:25:52,941   GET     200       0 ms  /3/Ping
2020-07-18 02:26:02,947   GET     200       0 ms  /3/Ping
2020-07-18 02:26:12,951   GET     200       0 ms  /3/Ping
2020-07-18 02:26:22,956   GET     200       0 ms  /3/Ping
2020-07-18 02:26:32,962   GET     200       0 ms  /3/Ping
2020-07-18 02:26:42,967   GET     200       0 ms  /3/Ping
2020-07-18 02:26:52,973   GET     200       0 ms  /3/Ping
2020-07-18 02:27:02,976   GET     200       0 ms  /3/Ping
2020-07-18 02:27:12,978   GET     200       0 ms  /3/Ping
2020-07-18 02:27:22,982   GET     200       0 ms  /3/Ping
2020-07-18 02:27:32,986   GET     200       0 ms  /3/Ping
2020-07-18 02:27:42,991   GET     200       1 ms  /3/Ping
2020-07-18 02:27:52,998   GET     200       0 ms  /3/Ping
2020-07-18 02:28:03,002   GET     200       1 ms  /3/Ping
2020-07-18 02:28:13,008   GET     200       1 ms  /3/Ping
2020-07-18 02:28:23,013   GET     200       1 ms  /3/Ping
2020-07-18 02:28:33,016   GET     200       0 ms  /3/Ping
2020-07-18 02:28:43,021   GET     200       0 ms  /3/Ping
2020-07-18 02:28:53,025   GET     200       0 ms  /3/Ping
2020-07-18 02:29:03,031   GET     200       1 ms  /3/Ping
2020-07-18 02:29:13,037   GET     200       1 ms  /3/Ping
2020-07-18 02:29:23,042   GET     200       0 ms  /3/Ping
2020-07-18 02:29:33,049   GET     200       0 ms  /3/Ping
2020-07-18 02:29:43,053   GET     200       0 ms  /3/Ping
2020-07-18 02:29:53,058   GET     200       0 ms  /3/Ping
2020-07-18 02:30:03,063   GET     200       0 ms  /3/Ping
2020-07-18 02:30:13,065   GET     200       0 ms  /3/Ping
2020-07-18 02:30:23,070   GET     200       1 ms  /3/Ping
2020-07-18 02:30:33,075   GET     200       0 ms  /3/Ping
2020-07-18 02:30:43,080   GET     200       1 ms  /3/Ping
2020-07-18 02:30:53,085   GET     200       1 ms  /3/Ping
2020-07-18 02:31:03,090   GET     200       0 ms  /3/Ping
2020-07-18 02:31:13,092   GET     200       0 ms  /3/Ping
2020-07-18 02:31:23,103   GET     200       0 ms  /3/Ping
2020-07-18 02:31:33,112   GET     200       0 ms  /3/Ping
2020-07-18 02:31:43,117   GET     200       0 ms  /3/Ping
2020-07-18 02:31:53,122   GET     200       0 ms  /3/Ping
2020-07-18 02:32:03,126   GET     200       0 ms  /3/Ping
2020-07-18 02:32:13,130   GET     200       0 ms  /3/Ping
2020-07-18 02:32:23,136   GET     200       1 ms  /3/Ping
2020-07-18 02:32:33,139   GET     200       0 ms  /3/Ping
2020-07-18 02:32:43,143   GET     200       0 ms  /3/Ping
2020-07-18 02:32:53,147   GET     200       0 ms  /3/Ping
2020-07-18 02:33:03,150   GET     200       0 ms  /3/Ping
2020-07-18 02:33:13,154   GET     200       0 ms  /3/Ping
2020-07-18 02:33:23,158   GET     200       0 ms  /3/Ping
2020-07-18 02:33:33,163   GET     200       1 ms  /3/Ping
2020-07-18 02:33:43,168   GET     200       1 ms  /3/Ping
2020-07-18 02:33:53,174   GET     200       0 ms  /3/Ping
2020-07-18 02:34:03,178   GET     200       1 ms  /3/Ping
2020-07-18 02:34:13,181   GET     200       1 ms  /3/Ping
2020-07-18 02:34:23,185   GET     200       0 ms  /3/Ping
